TN:
SF:lib/getdents.js
FN:8,read16
FN:16,read16
FN:37,Getdents
FN:45,reset
FN:51,_process
FN:85,get type
FN:90,get name
FNF:7
FNH:7
FNDA:24,read16
FNDA:1,read16
FNDA:2,Getdents
FNDA:14,reset
FNDA:10,_process
FNDA:24,get type
FNDA:24,get name
DA:1,1
DA:2,1
DA:3,1
DA:4,1
DA:5,1
DA:6,1
DA:7,1
DA:8,1
DA:9,24
DA:10,24
DA:11,1
DA:12,1
DA:13,1
DA:14,1
DA:15,1
DA:16,1
DA:17,1
DA:18,1
DA:19,1
DA:20,1
DA:21,1
DA:22,1
DA:23,1
DA:24,1
DA:25,1
DA:26,1
DA:27,1
DA:28,1
DA:29,1
DA:30,1
DA:31,1
DA:32,1
DA:33,1
DA:34,1
DA:35,1
DA:36,1
DA:37,1
DA:38,2
DA:39,2
DA:40,2
DA:41,2
DA:42,2
DA:43,2
DA:44,1
DA:45,1
DA:46,14
DA:47,14
DA:48,14
DA:49,14
DA:50,1
DA:51,1
DA:52,10
DA:53,10
DA:54,10
DA:55,10
DA:56,24
DA:57,24
DA:58,24
DA:59,24
DA:60,24
DA:61,24
DA:62,24
DA:63,24
DA:64,24
DA:65,10
DA:66,1
DA:67,1
DA:68,4
DA:69,4
DA:70,4
DA:71,4
DA:72,5
DA:73,5
DA:74,4
DA:75,1
DA:76,1
DA:77,4
DA:78,4
DA:79,4
DA:80,4
DA:81,5
DA:82,5
DA:83,4
DA:84,1
DA:85,1
DA:86,24
DA:87,24
DA:88,24
DA:89,1
DA:90,1
DA:91,24
DA:92,24
DA:93,24
DA:94,24
DA:95,24
DA:96,24
DA:97,1
DA:98,1
DA:99,1
LF:99
LH:99
BRDA:1,0,0,1
BRDA:13,1,0,1
BRDA:8,2,0,24
BRDA:37,3,0,2
BRDA:45,4,0,14
BRDA:47,5,0,6
BRDA:47,6,0,8
BRDA:51,7,0,10
BRDA:55,8,0,24
BRDA:67,9,0,4
BRDA:71,10,0,5
BRDA:76,11,0,4
BRDA:79,12,0,7
BRDA:80,13,0,5
BRDA:85,14,0,24
BRDA:90,15,0,24
BRF:16
BRH:16
end_of_record
