TN:
SF:/home/david/getdents/node_modules/node-addon-api/napi-inl.h
FN:68,_ZN4Napi7detailsL10AttachDataINS_10ObjectWrapI8GetdentsE18MethodCallbackDataIPFNS_5ValueERKNS_12CallbackInfoEEEEEE11napi_statusP10napi_env__P12napi_value__PT_
FN:68,_ZN4Napi7detailsL10AttachDataINS_10ObjectWrapI8GetdentsE18MethodCallbackDataIMS3_FvRKNS_12CallbackInfoEEEEEE11napi_statusP10napi_env__P12napi_value__PT_
FN:68,_ZN4Napi7detailsL10AttachDataINS_10ObjectWrapI8GetdentsE18MethodCallbackDataIMS3_FNS_5ValueERKNS_12CallbackInfoEEEEEE11napi_statusP10napi_env__P12napi_value__PT_
FN:68,_ZN4Napi7detailsL10AttachDataINS_10ObjectWrapI8GetdentsE20AccessorCallbackDataIPFNS_5ValueERKNS_12CallbackInfoEEPFvS9_RKS6_EEEEE11napi_statusP10napi_env__P12napi_value__PT_
FN:68,_ZN4Napi7detailsL10AttachDataINS_10ObjectWrapI8GetdentsE18MethodCallbackDataIPFvRKNS_12CallbackInfoEEEEEE11napi_statusP10napi_env__P12napi_value__PT_
FN:68,_ZN4Napi7detailsL10AttachDataINS_10ObjectWrapI8GetdentsE20AccessorCallbackDataIMS3_FNS_5ValueERKNS_12CallbackInfoEEMS3_FvS9_RKS6_EEEEE11napi_statusP10napi_env__P12napi_value__PT_
FN:76,_ZZN4Napi7detailsL10AttachDataINS_10ObjectWrapI8GetdentsE18MethodCallbackDataIPFNS_5ValueERKNS_12CallbackInfoEEEEEE11napi_statusP10napi_env__P12napi_value__PT_ENKUlSF_PvSK_E_cvPFvSF_SK_SK_EEv
FN:76,_ZZN4Napi7detailsL10AttachDataINS_10ObjectWrapI8GetdentsE18MethodCallbackDataIMS3_FvRKNS_12CallbackInfoEEEEEE11napi_statusP10napi_env__P12napi_value__PT_ENKUlSE_PvSJ_E_clESE_SJ_SJ_
FN:76,_ZZN4Napi7detailsL10AttachDataINS_10ObjectWrapI8GetdentsE18MethodCallbackDataIMS3_FvRKNS_12CallbackInfoEEEEEE11napi_statusP10napi_env__P12napi_value__PT_ENUlSE_PvSJ_E_4_FUNESE_SJ_SJ_
FN:76,_ZZN4Napi7detailsL10AttachDataINS_10ObjectWrapI8GetdentsE20AccessorCallbackDataIPFNS_5ValueERKNS_12CallbackInfoEEPFvS9_RKS6_EEEEE11napi_statusP10napi_env__P12napi_value__PT_ENUlSJ_PvSO_E_4_FUNESJ_SO_SO_
FN:76,_ZZN4Napi7detailsL10AttachDataINS_10ObjectWrapI8GetdentsE18MethodCallbackDataIMS3_FNS_5ValueERKNS_12CallbackInfoEEEEEE11napi_statusP10napi_env__P12napi_value__PT_ENUlSF_PvSK_E_4_FUNESF_SK_SK_
FN:76,_ZZN4Napi7detailsL10AttachDataINS_10ObjectWrapI8GetdentsE20AccessorCallbackDataIMS3_FNS_5ValueERKNS_12CallbackInfoEEMS3_FvS9_RKS6_EEEEE11napi_statusP10napi_env__P12napi_value__PT_ENKUlSJ_PvSO_E_clESJ_SO_SO_
FN:76,_ZZN4Napi7detailsL10AttachDataINS_10ObjectWrapI8GetdentsE18MethodCallbackDataIPFvRKNS_12CallbackInfoEEEEEE11napi_statusP10napi_env__P12napi_value__PT_ENUlSE_PvSJ_E_4_FUNESE_SJ_SJ_
FN:76,_ZZN4Napi7detailsL10AttachDataINS_10ObjectWrapI8GetdentsE18MethodCallbackDataIPFvRKNS_12CallbackInfoEEEEEE11napi_statusP10napi_env__P12napi_value__PT_ENKUlSE_PvSJ_E_clESE_SJ_SJ_
FN:76,_ZZN4Napi7detailsL10AttachDataINS_10ObjectWrapI8GetdentsE18MethodCallbackDataIPFvRKNS_12CallbackInfoEEEEEE11napi_statusP10napi_env__P12napi_value__PT_ENKUlSE_PvSJ_E_cvPFvSE_SJ_SJ_EEv
FN:76,_ZZN4Napi7detailsL10AttachDataINS_10ObjectWrapI8GetdentsE20AccessorCallbackDataIMS3_FNS_5ValueERKNS_12CallbackInfoEEMS3_FvS9_RKS6_EEEEE11napi_statusP10napi_env__P12napi_value__PT_ENUlSJ_PvSO_E_4_FUNESJ_SO_SO_
FN:76,_ZZN4Napi7detailsL10AttachDataINS_10ObjectWrapI8GetdentsE20AccessorCallbackDataIPFNS_5ValueERKNS_12CallbackInfoEEPFvS9_RKS6_EEEEE11napi_statusP10napi_env__P12napi_value__PT_ENKUlSJ_PvSO_E_cvPFvSJ_SO_SO_EEv
FN:76,_ZZN4Napi7detailsL10AttachDataINS_10ObjectWrapI8GetdentsE18MethodCallbackDataIMS3_FNS_5ValueERKNS_12CallbackInfoEEEEEE11napi_statusP10napi_env__P12napi_value__PT_ENKUlSF_PvSK_E_clESF_SK_SK_
FN:76,_ZZN4Napi7detailsL10AttachDataINS_10ObjectWrapI8GetdentsE18MethodCallbackDataIPFNS_5ValueERKNS_12CallbackInfoEEEEEE11napi_statusP10napi_env__P12napi_value__PT_ENUlSF_PvSK_E_4_FUNESF_SK_SK_
FN:76,_ZZN4Napi7detailsL10AttachDataINS_10ObjectWrapI8GetdentsE18MethodCallbackDataIMS3_FvRKNS_12CallbackInfoEEEEEE11napi_statusP10napi_env__P12napi_value__PT_ENKUlSE_PvSJ_E_cvPFvSE_SJ_SJ_EEv
FN:76,_ZZN4Napi7detailsL10AttachDataINS_10ObjectWrapI8GetdentsE20AccessorCallbackDataIPFNS_5ValueERKNS_12CallbackInfoEEPFvS9_RKS6_EEEEE11napi_statusP10napi_env__P12napi_value__PT_ENKUlSJ_PvSO_E_clESJ_SO_SO_
FN:76,_ZZN4Napi7detailsL10AttachDataINS_10ObjectWrapI8GetdentsE18MethodCallbackDataIMS3_FNS_5ValueERKNS_12CallbackInfoEEEEEE11napi_statusP10napi_env__P12napi_value__PT_ENKUlSF_PvSK_E_cvPFvSF_SK_SK_EEv
FN:76,_ZZN4Napi7detailsL10AttachDataINS_10ObjectWrapI8GetdentsE18MethodCallbackDataIPFNS_5ValueERKNS_12CallbackInfoEEEEEE11napi_statusP10napi_env__P12napi_value__PT_ENKUlSF_PvSK_E_clESF_SK_SK_
FN:76,_ZZN4Napi7detailsL10AttachDataINS_10ObjectWrapI8GetdentsE20AccessorCallbackDataIMS3_FNS_5ValueERKNS_12CallbackInfoEEMS3_FvS9_RKS6_EEEEE11napi_statusP10napi_env__P12napi_value__PT_ENKUlSJ_PvSO_E_cvPFvSJ_SO_SO_EEv
FN:101,_ZN4Napi7details12WrapCallbackIZNS_10ObjectWrapI8GetdentsE33InstanceVoidMethodCallbackWrapperEP10napi_env__P20napi_callback_info__EUlvE_EEP12napi_value__T_
FN:101,_ZN4Napi7details12WrapCallbackIZNS_14RegisterModuleEP10napi_env__P12napi_value__PFNS_6ObjectENS_3EnvES6_EEUlvE_EES5_T_
FN:101,_ZN4Napi7details12WrapCallbackIZNS_10ObjectWrapI8GetdentsE29InstanceMethodCallbackWrapperEP10napi_env__P20napi_callback_info__EUlvE_EEP12napi_value__T_
FN:101,_ZN4Napi7details12WrapCallbackIZNS_10ObjectWrapI8GetdentsE31StaticVoidMethodCallbackWrapperEP10napi_env__P20napi_callback_info__EUlvE_EEP12napi_value__T_
FN:101,_ZN4Napi7details12WrapCallbackIZNS_10ObjectWrapI8GetdentsE27StaticGetterCallbackWrapperEP10napi_env__P20napi_callback_info__EUlvE_EEP12napi_value__T_
FN:101,_ZN4Napi7details12WrapCallbackIZNS_10ObjectWrapI8GetdentsE27StaticMethodCallbackWrapperEP10napi_env__P20napi_callback_info__EUlvE_EEP12napi_value__T_
FN:101,_ZN4Napi7details12WrapCallbackIZNS_10ObjectWrapI8GetdentsE27StaticSetterCallbackWrapperEP10napi_env__P20napi_callback_info__EUlvE_EEP12napi_value__T_
FN:101,_ZN4Napi7details12WrapCallbackIZNS_10ObjectWrapI8GetdentsE26ConstructorCallbackWrapperEP10napi_env__P20napi_callback_info__EUlvE_EEP12napi_value__T_
FN:101,_ZN4Napi7details12WrapCallbackIZNS_11AsyncWorker14OnWorkCompleteEP10napi_env__11napi_statusPvEUlvE_EEP12napi_value__T_
FN:101,_ZN4Napi7details12WrapCallbackIZNS_10ObjectWrapI8GetdentsE29InstanceSetterCallbackWrapperEP10napi_env__P20napi_callback_info__EUlvE_EEP12napi_value__T_
FN:101,_ZN4Napi7details12WrapCallbackIZNS_10ObjectWrapI8GetdentsE29InstanceGetterCallbackWrapperEP10napi_env__P20napi_callback_info__EUlvE_EEP12napi_value__T_
FN:218,_ZN4Napi14RegisterModuleEP10napi_env__P12napi_value__PFNS_6ObjectENS_3EnvES4_E
FN:221,_ZZN4Napi14RegisterModuleEP10napi_env__P12napi_value__PFNS_6ObjectENS_3EnvES4_EENKUlvE_clEv
FN:231,_ZN4Napi3EnvC2EP10napi_env__
FN:234,_ZNK4Napi3EnvcvP10napi_env__Ev
FN:245,_ZNK4Napi3Env9UndefinedEv
FN:252,_ZNK4Napi3Env4NullEv
FN:259,_ZNK4Napi3Env18IsExceptionPendingEv
FN:283,_ZN4Napi5ValueC2EP10napi_env__P12napi_value__
FN:286,_ZNK4Napi5ValuecvP12napi_value__Ev
FN:305,_ZNK4Napi5Value3EnvEv
FN:435,_ZNK4Napi5Value2AsINS_6NumberEEET_v
FN:435,_ZNK4Napi5Value2AsINS_6ObjectEEET_v
FN:435,_ZNK4Napi5Value2AsINS_6BufferIhEEEET_v
FN:435,_ZNK4Napi5Value2AsINS_6StringEEET_v
FN:435,_ZNK4Napi5Value2AsINS_8FunctionEEET_v
FN:499,_ZN4Napi6Number3NewEP10napi_env__d
FN:509,_ZN4Napi6NumberC2EP10napi_env__P12napi_value__
FN:516,_ZNK4Napi6NumbercvjEv
FN:539,_ZNK4Napi6Number11Uint32ValueEv
FN:636,_ZN4Napi4NameC2EP10napi_env__P12napi_value__
FN:682,_ZN4Napi6StringC2EP10napi_env__P12napi_value__
FN:685,_ZNK4Napi6StringcvNSt7__cxx1112basic_stringIcSt11char_traitsIcESaIcEEEEv
FN:693,_ZNK4Napi6String9Utf8ValueB5cxx11Ev
FN:800,_ZN4Napi7details11vf_fallbackINS_8FunctionEE4FromEP10napi_env__RKS2_
FN:820,_ZN4Napi5Value4FromINS_8FunctionEEES0_P10napi_env__RKT_
FN:875,_ZN4Napi6Object3NewEP10napi_env__
FN:885,_ZN4Napi6ObjectC2EP10napi_env__P12napi_value__
FN:976,_ZNK4Napi6Object3GetEPKc
FN:1002,_ZN4Napi6Object3SetINS_8FunctionEEEvPKcRKT_
FN:1478,_ZN4Napi10TypedArrayC2EP10napi_env__P12napi_value__
FN:1584,_ZN4Napi12TypedArrayOfIhEC2EP10napi_env__P12napi_value__
FN:1631,_ZN4NapiL14CreateFunctionINS_10ObjectWrapI8GetdentsE18MethodCallbackDataIPFNS_5ValueERKNS_12CallbackInfoEEEEEE11napi_statusP10napi_env__PKcPFP12napi_value__SE_P20napi_callback_info__EPT_PSI_
FN:1631,_ZN4NapiL14CreateFunctionINS_10ObjectWrapI8GetdentsE18MethodCallbackDataIPFvRKNS_12CallbackInfoEEEEEE11napi_statusP10napi_env__PKcPFP12napi_value__SD_P20napi_callback_info__EPT_PSH_
FN:1675,_ZN4Napi8FunctionC2EP10napi_env__P12napi_value__
FN:1710,_ZNK4Napi8Function12MakeCallbackEP12napi_value__RKSt16initializer_listIS2_EP20napi_async_context__
FN:1724,_ZNK4Napi8Function12MakeCallbackEP12napi_value__mPKS2_P20napi_async_context__
FN:1869,_ZN4Napi6BufferIhEC2EP10napi_env__P12napi_value__
FN:1879,_ZNK4Napi6BufferIhE6LengthEv
FN:1885,_ZNK4Napi6BufferIhE4DataEv
FN:1891,_ZNK4Napi6BufferIhE10EnsureInfoEv
FN:1909,_ZN4Napi5Error3NewEP10napi_env__
FN:1967,_ZN4Napi5Error3NewEP10napi_env__RKNSt7__cxx1112basic_stringIcSt11char_traitsIcESaIcEEE
FN:1971,_ZN4Napi5Error5FatalEPKcS2_
FN:1978,_ZN4Napi5ErrorC2EP10napi_env__P12napi_value__
FN:2014,_ZNK4Napi5Error7MessageB5cxx11Ev
FN:2031,_ZNK4Napi5Error26ThrowAsJavaScriptExceptionEv
FN:2041,_ZNK4Napi5Error4whatEv
FN:2048,_ZN4Napi5Error3NewIS0_EET_P10napi_env__PKcmPF11napi_statusS4_P12napi_value__S9_PS9_E
FN:2096,_ZN4Napi9ReferenceINS_6ObjectEE3NewERKS1_j
FN:2096,_ZN4Napi9ReferenceINS_6BufferIhEEE3NewERKS2_j
FN:2096,_ZN4Napi9ReferenceINS_8FunctionEE3NewERKS1_j
FN:2113,_ZN4Napi9ReferenceINS_6ObjectEEC2Ev
FN:2117,_ZN4Napi9ReferenceINS_6BufferIhEEEC2EP10napi_env__P10napi_ref__
FN:2117,_ZN4Napi9ReferenceINS_8FunctionEEC2EP10napi_env__P10napi_ref__
FN:2117,_ZN4Napi9ReferenceINS_6ObjectEEC2EP10napi_env__P10napi_ref__
FN:2122,_ZN4Napi9ReferenceINS_6ObjectEED2Ev
FN:2122,_ZN4Napi9ReferenceINS_8FunctionEED2Ev
FN:2122,_ZN4Napi9ReferenceINS_6BufferIhEEED2Ev
FN:2133,_ZN4Napi9ReferenceINS_8FunctionEEC2EOS2_
FN:2133,_ZN4Napi9ReferenceINS_6ObjectEEC2EOS2_
FN:2141,_ZN4Napi9ReferenceINS_6ObjectEEaSEOS2_
FN:2188,_ZNK4Napi9ReferenceINS_6ObjectEE7IsEmptyEv
FN:2193,_ZNK4Napi9ReferenceINS_8FunctionEE5ValueEv
FN:2193,_ZNK4Napi9ReferenceINS_6ObjectEE5ValueEv
FN:2221,_ZN4Napi9ReferenceINS_6ObjectEE5ResetEv
FN:2260,_ZN4Napi10PersistentINS_6BufferIhEEEENS_9ReferenceIT_EES4_
FN:2264,_ZN4Napi10PersistentENS_6ObjectE
FN:2268,_ZN4Napi10PersistentENS_8FunctionE
FN:2279,_ZN4Napi15ObjectReferenceC2EP10napi_env__P10napi_ref__
FN:2282,_ZN4Napi15ObjectReferenceC2EONS_9ReferenceINS_6ObjectEEE
FN:2304,_ZNK4Napi15ObjectReference3GetEPKc
FN:2410,_ZN4Napi17FunctionReferenceC2EONS_9ReferenceINS_8FunctionEEE
FN:2482,_ZNK4Napi17FunctionReference12MakeCallbackEP12napi_value__RKSt16initializer_listIS2_EP20napi_async_context__
FN:2533,_ZN4Napi12CallbackInfoC2EP10napi_env__P20napi_callback_info__
FN:2551,_ZN4Napi12CallbackInfoD2Ev
FN:2568,_ZNK4Napi12CallbackInfo3EnvEv
FN:2576,_ZNK4Napi12CallbackInfoixEm
FN:2580,_ZNK4Napi12CallbackInfo4ThisEv
FN:2587,_ZNK4Napi12CallbackInfo4DataEv
FN:2591,_ZN4Napi12CallbackInfo7SetDataEPv
FN:2818,_ZN4Napi10ObjectWrapI8GetdentsEC2ERKNS_12CallbackInfoE
FN:2832,_ZN4Napi10ObjectWrapI8GetdentsE6UnwrapENS_6ObjectE
FN:2841,_ZN4Napi10ObjectWrapI8GetdentsE11DefineClassENS_3EnvEPKcmPK24napi_property_descriptorPv
FN:2929,_ZN4Napi10ObjectWrapI8GetdentsE11DefineClassENS_3EnvEPKcRKSt16initializer_listINS_23ClassPropertyDescriptorIS1_EEEPv
FN:3057,_ZN4Napi10ObjectWrapI8GetdentsE14InstanceMethodEPKcMS1_FvRKNS_12CallbackInfoEE24napi_property_attributesPv
FN:3074,_ZN4Napi10ObjectWrapI8GetdentsE14InstanceMethodEPKcMS1_FNS_5ValueERKNS_12CallbackInfoEE24napi_property_attributesPv
FN:3123,_ZN4Napi10ObjectWrapI8GetdentsE16InstanceAccessorEPKcMS1_FNS_5ValueERKNS_12CallbackInfoEEMS1_FvS8_RKS5_E24napi_property_attributesPv
FN:3161,_ZN4Napi10ObjectWrapI8GetdentsE11StaticValueEPKcNS_5ValueE24napi_property_attributes
FN:3205,_ZN4Napi10ObjectWrapI8GetdentsE26ConstructorCallbackWrapperEP10napi_env__P20napi_callback_info__
FN:3219,_ZZN4Napi10ObjectWrapI8GetdentsE26ConstructorCallbackWrapperEP10napi_env__P20napi_callback_info__ENKUlvE_clEv
FN:3229,_ZN4Napi10ObjectWrapI8GetdentsE31StaticVoidMethodCallbackWrapperEP10napi_env__P20napi_callback_info__
FN:3232,_ZZN4Napi10ObjectWrapI8GetdentsE31StaticVoidMethodCallbackWrapperEP10napi_env__P20napi_callback_info__ENKUlvE_clEv
FN:3243,_ZN4Napi10ObjectWrapI8GetdentsE27StaticMethodCallbackWrapperEP10napi_env__P20napi_callback_info__
FN:3246,_ZZN4Napi10ObjectWrapI8GetdentsE27StaticMethodCallbackWrapperEP10napi_env__P20napi_callback_info__ENKUlvE_clEv
FN:3256,_ZN4Napi10ObjectWrapI8GetdentsE27StaticGetterCallbackWrapperEP10napi_env__P20napi_callback_info__
FN:3259,_ZZN4Napi10ObjectWrapI8GetdentsE27StaticGetterCallbackWrapperEP10napi_env__P20napi_callback_info__ENKUlvE_clEv
FN:3269,_ZN4Napi10ObjectWrapI8GetdentsE27StaticSetterCallbackWrapperEP10napi_env__P20napi_callback_info__
FN:3272,_ZZN4Napi10ObjectWrapI8GetdentsE27StaticSetterCallbackWrapperEP10napi_env__P20napi_callback_info__ENKUlvE_clEv
FN:3283,_ZN4Napi10ObjectWrapI8GetdentsE33InstanceVoidMethodCallbackWrapperEP10napi_env__P20napi_callback_info__
FN:3286,_ZZN4Napi10ObjectWrapI8GetdentsE33InstanceVoidMethodCallbackWrapperEP10napi_env__P20napi_callback_info__ENKUlvE_clEv
FN:3299,_ZN4Napi10ObjectWrapI8GetdentsE29InstanceMethodCallbackWrapperEP10napi_env__P20napi_callback_info__
FN:3302,_ZZN4Napi10ObjectWrapI8GetdentsE29InstanceMethodCallbackWrapperEP10napi_env__P20napi_callback_info__ENKUlvE_clEv
FN:3314,_ZN4Napi10ObjectWrapI8GetdentsE29InstanceGetterCallbackWrapperEP10napi_env__P20napi_callback_info__
FN:3317,_ZZN4Napi10ObjectWrapI8GetdentsE29InstanceGetterCallbackWrapperEP10napi_env__P20napi_callback_info__ENKUlvE_clEv
FN:3329,_ZN4Napi10ObjectWrapI8GetdentsE29InstanceSetterCallbackWrapperEP10napi_env__P20napi_callback_info__
FN:3332,_ZZN4Napi10ObjectWrapI8GetdentsE29InstanceSetterCallbackWrapperEP10napi_env__P20napi_callback_info__ENKUlvE_clEv
FN:3345,_ZN4Napi10ObjectWrapI8GetdentsE16FinalizeCallbackEP10napi_env__PvS5_
FN:3358,_ZN4Napi11HandleScopeC2ENS_3EnvE
FN:3363,_ZN4Napi11HandleScopeD2Ev
FN:3383,_ZN4Napi20EscapableHandleScopeC2ENS_3EnvE
FN:3388,_ZN4Napi20EscapableHandleScopeD2Ev
FN:3396,_ZNK4Napi20EscapableHandleScope3EnvEv
FN:3400,_ZN4Napi20EscapableHandleScope6EscapeEP12napi_value__
FN:3429,_ZN4Napi12AsyncContextD2Ev
FN:3429,_ZN4Napi12AsyncContextD0Ev
FN:3459,_ZN4Napi11AsyncWorkerC2ERKNS_8FunctionE
FN:3463,_ZN4Napi11AsyncWorkerC2ERKNS_8FunctionEPKc
FN:3468,_ZN4Napi11AsyncWorkerC2ERKNS_8FunctionEPKcRKNS_6ObjectE
FN:3491,_ZN4Napi11AsyncWorkerC2ERKNS_6ObjectERKNS_8FunctionEPKcS3_
FN:3508,_ZN4Napi11AsyncWorkerD2Ev
FN:3508,_ZN4Napi11AsyncWorkerD0Ev
FN:3540,_ZNK4Napi11AsyncWorker3EnvEv
FN:3544,_ZN4Napi11AsyncWorker5QueueEv
FN:3554,_ZN4Napi11AsyncWorker8ReceiverEv
FN:3558,_ZN4Napi11AsyncWorker8CallbackEv
FN:3562,_ZN4Napi11AsyncWorker4OnOKEv
FN:3566,_ZN4Napi11AsyncWorker7OnErrorERKNS_5ErrorE
FN:3570,_ZN4Napi11AsyncWorker8SetErrorERKNSt7__cxx1112basic_stringIcSt11char_traitsIcESaIcEEE
FN:3574,_ZN4Napi11AsyncWorker9OnExecuteEP10napi_env__Pv
FN:3587,_ZN4Napi11AsyncWorker14OnWorkCompleteEP10napi_env__11napi_statusPv
FN:3592,_ZZN4Napi11AsyncWorker14OnWorkCompleteEP10napi_env__11napi_statusPvENKUlvE_clEv
FNDA:0,_ZN4Napi7detailsL10AttachDataINS_10ObjectWrapI8GetdentsE18MethodCallbackDataIPFNS_5ValueERKNS_12CallbackInfoEEEEEE11napi_statusP10napi_env__P12napi_value__PT_
FNDA:0,_ZN4Napi7detailsL10AttachDataINS_10ObjectWrapI8GetdentsE18MethodCallbackDataIMS3_FvRKNS_12CallbackInfoEEEEEE11napi_statusP10napi_env__P12napi_value__PT_
FNDA:0,_ZN4Napi7detailsL10AttachDataINS_10ObjectWrapI8GetdentsE18MethodCallbackDataIMS3_FNS_5ValueERKNS_12CallbackInfoEEEEEE11napi_statusP10napi_env__P12napi_value__PT_
FNDA:0,_ZN4Napi7detailsL10AttachDataINS_10ObjectWrapI8GetdentsE20AccessorCallbackDataIPFNS_5ValueERKNS_12CallbackInfoEEPFvS9_RKS6_EEEEE11napi_statusP10napi_env__P12napi_value__PT_
FNDA:0,_ZN4Napi7detailsL10AttachDataINS_10ObjectWrapI8GetdentsE18MethodCallbackDataIPFvRKNS_12CallbackInfoEEEEEE11napi_statusP10napi_env__P12napi_value__PT_
FNDA:0,_ZN4Napi7detailsL10AttachDataINS_10ObjectWrapI8GetdentsE20AccessorCallbackDataIMS3_FNS_5ValueERKNS_12CallbackInfoEEMS3_FvS9_RKS6_EEEEE11napi_statusP10napi_env__P12napi_value__PT_
FNDA:0,_ZZN4Napi7detailsL10AttachDataINS_10ObjectWrapI8GetdentsE18MethodCallbackDataIPFNS_5ValueERKNS_12CallbackInfoEEEEEE11napi_statusP10napi_env__P12napi_value__PT_ENKUlSF_PvSK_E_cvPFvSF_SK_SK_EEv
FNDA:0,_ZZN4Napi7detailsL10AttachDataINS_10ObjectWrapI8GetdentsE18MethodCallbackDataIMS3_FvRKNS_12CallbackInfoEEEEEE11napi_statusP10napi_env__P12napi_value__PT_ENKUlSE_PvSJ_E_clESE_SJ_SJ_
FNDA:0,_ZZN4Napi7detailsL10AttachDataINS_10ObjectWrapI8GetdentsE18MethodCallbackDataIMS3_FvRKNS_12CallbackInfoEEEEEE11napi_statusP10napi_env__P12napi_value__PT_ENUlSE_PvSJ_E_4_FUNESE_SJ_SJ_
FNDA:0,_ZZN4Napi7detailsL10AttachDataINS_10ObjectWrapI8GetdentsE20AccessorCallbackDataIPFNS_5ValueERKNS_12CallbackInfoEEPFvS9_RKS6_EEEEE11napi_statusP10napi_env__P12napi_value__PT_ENUlSJ_PvSO_E_4_FUNESJ_SO_SO_
FNDA:0,_ZZN4Napi7detailsL10AttachDataINS_10ObjectWrapI8GetdentsE18MethodCallbackDataIMS3_FNS_5ValueERKNS_12CallbackInfoEEEEEE11napi_statusP10napi_env__P12napi_value__PT_ENUlSF_PvSK_E_4_FUNESF_SK_SK_
FNDA:0,_ZZN4Napi7detailsL10AttachDataINS_10ObjectWrapI8GetdentsE20AccessorCallbackDataIMS3_FNS_5ValueERKNS_12CallbackInfoEEMS3_FvS9_RKS6_EEEEE11napi_statusP10napi_env__P12napi_value__PT_ENKUlSJ_PvSO_E_clESJ_SO_SO_
FNDA:0,_ZZN4Napi7detailsL10AttachDataINS_10ObjectWrapI8GetdentsE18MethodCallbackDataIPFvRKNS_12CallbackInfoEEEEEE11napi_statusP10napi_env__P12napi_value__PT_ENUlSE_PvSJ_E_4_FUNESE_SJ_SJ_
FNDA:0,_ZZN4Napi7detailsL10AttachDataINS_10ObjectWrapI8GetdentsE18MethodCallbackDataIPFvRKNS_12CallbackInfoEEEEEE11napi_statusP10napi_env__P12napi_value__PT_ENKUlSE_PvSJ_E_clESE_SJ_SJ_
FNDA:0,_ZZN4Napi7detailsL10AttachDataINS_10ObjectWrapI8GetdentsE18MethodCallbackDataIPFvRKNS_12CallbackInfoEEEEEE11napi_statusP10napi_env__P12napi_value__PT_ENKUlSE_PvSJ_E_cvPFvSE_SJ_SJ_EEv
FNDA:0,_ZZN4Napi7detailsL10AttachDataINS_10ObjectWrapI8GetdentsE20AccessorCallbackDataIMS3_FNS_5ValueERKNS_12CallbackInfoEEMS3_FvS9_RKS6_EEEEE11napi_statusP10napi_env__P12napi_value__PT_ENUlSJ_PvSO_E_4_FUNESJ_SO_SO_
FNDA:0,_ZZN4Napi7detailsL10AttachDataINS_10ObjectWrapI8GetdentsE20AccessorCallbackDataIPFNS_5ValueERKNS_12CallbackInfoEEPFvS9_RKS6_EEEEE11napi_statusP10napi_env__P12napi_value__PT_ENKUlSJ_PvSO_E_cvPFvSJ_SO_SO_EEv
FNDA:0,_ZZN4Napi7detailsL10AttachDataINS_10ObjectWrapI8GetdentsE18MethodCallbackDataIMS3_FNS_5ValueERKNS_12CallbackInfoEEEEEE11napi_statusP10napi_env__P12napi_value__PT_ENKUlSF_PvSK_E_clESF_SK_SK_
FNDA:0,_ZZN4Napi7detailsL10AttachDataINS_10ObjectWrapI8GetdentsE18MethodCallbackDataIPFNS_5ValueERKNS_12CallbackInfoEEEEEE11napi_statusP10napi_env__P12napi_value__PT_ENUlSF_PvSK_E_4_FUNESF_SK_SK_
FNDA:0,_ZZN4Napi7detailsL10AttachDataINS_10ObjectWrapI8GetdentsE18MethodCallbackDataIMS3_FvRKNS_12CallbackInfoEEEEEE11napi_statusP10napi_env__P12napi_value__PT_ENKUlSE_PvSJ_E_cvPFvSE_SJ_SJ_EEv
FNDA:0,_ZZN4Napi7detailsL10AttachDataINS_10ObjectWrapI8GetdentsE20AccessorCallbackDataIPFNS_5ValueERKNS_12CallbackInfoEEPFvS9_RKS6_EEEEE11napi_statusP10napi_env__P12napi_value__PT_ENKUlSJ_PvSO_E_clESJ_SO_SO_
FNDA:0,_ZZN4Napi7detailsL10AttachDataINS_10ObjectWrapI8GetdentsE18MethodCallbackDataIMS3_FNS_5ValueERKNS_12CallbackInfoEEEEEE11napi_statusP10napi_env__P12napi_value__PT_ENKUlSF_PvSK_E_cvPFvSF_SK_SK_EEv
FNDA:0,_ZZN4Napi7detailsL10AttachDataINS_10ObjectWrapI8GetdentsE18MethodCallbackDataIPFNS_5ValueERKNS_12CallbackInfoEEEEEE11napi_statusP10napi_env__P12napi_value__PT_ENKUlSF_PvSK_E_clESF_SK_SK_
FNDA:0,_ZZN4Napi7detailsL10AttachDataINS_10ObjectWrapI8GetdentsE20AccessorCallbackDataIMS3_FNS_5ValueERKNS_12CallbackInfoEEMS3_FvS9_RKS6_EEEEE11napi_statusP10napi_env__P12napi_value__PT_ENKUlSJ_PvSO_E_cvPFvSJ_SO_SO_EEv
FNDA:0,_ZN4Napi7details12WrapCallbackIZNS_10ObjectWrapI8GetdentsE33InstanceVoidMethodCallbackWrapperEP10napi_env__P20napi_callback_info__EUlvE_EEP12napi_value__T_
FNDA:0,_ZN4Napi7details12WrapCallbackIZNS_14RegisterModuleEP10napi_env__P12napi_value__PFNS_6ObjectENS_3EnvES6_EEUlvE_EES5_T_
FNDA:0,_ZN4Napi7details12WrapCallbackIZNS_10ObjectWrapI8GetdentsE29InstanceMethodCallbackWrapperEP10napi_env__P20napi_callback_info__EUlvE_EEP12napi_value__T_
FNDA:0,_ZN4Napi7details12WrapCallbackIZNS_10ObjectWrapI8GetdentsE31StaticVoidMethodCallbackWrapperEP10napi_env__P20napi_callback_info__EUlvE_EEP12napi_value__T_
FNDA:0,_ZN4Napi7details12WrapCallbackIZNS_10ObjectWrapI8GetdentsE27StaticGetterCallbackWrapperEP10napi_env__P20napi_callback_info__EUlvE_EEP12napi_value__T_
FNDA:0,_ZN4Napi7details12WrapCallbackIZNS_10ObjectWrapI8GetdentsE27StaticMethodCallbackWrapperEP10napi_env__P20napi_callback_info__EUlvE_EEP12napi_value__T_
FNDA:0,_ZN4Napi7details12WrapCallbackIZNS_10ObjectWrapI8GetdentsE27StaticSetterCallbackWrapperEP10napi_env__P20napi_callback_info__EUlvE_EEP12napi_value__T_
FNDA:0,_ZN4Napi7details12WrapCallbackIZNS_10ObjectWrapI8GetdentsE26ConstructorCallbackWrapperEP10napi_env__P20napi_callback_info__EUlvE_EEP12napi_value__T_
FNDA:0,_ZN4Napi7details12WrapCallbackIZNS_11AsyncWorker14OnWorkCompleteEP10napi_env__11napi_statusPvEUlvE_EEP12napi_value__T_
FNDA:0,_ZN4Napi7details12WrapCallbackIZNS_10ObjectWrapI8GetdentsE29InstanceSetterCallbackWrapperEP10napi_env__P20napi_callback_info__EUlvE_EEP12napi_value__T_
FNDA:0,_ZN4Napi7details12WrapCallbackIZNS_10ObjectWrapI8GetdentsE29InstanceGetterCallbackWrapperEP10napi_env__P20napi_callback_info__EUlvE_EEP12napi_value__T_
FNDA:0,_ZN4Napi14RegisterModuleEP10napi_env__P12napi_value__PFNS_6ObjectENS_3EnvES4_E
FNDA:0,_ZZN4Napi14RegisterModuleEP10napi_env__P12napi_value__PFNS_6ObjectENS_3EnvES4_EENKUlvE_clEv
FNDA:0,_ZN4Napi3EnvC2EP10napi_env__
FNDA:0,_ZNK4Napi3EnvcvP10napi_env__Ev
FNDA:0,_ZNK4Napi3Env9UndefinedEv
FNDA:0,_ZNK4Napi3Env4NullEv
FNDA:0,_ZNK4Napi3Env18IsExceptionPendingEv
FNDA:0,_ZN4Napi5ValueC2EP10napi_env__P12napi_value__
FNDA:0,_ZNK4Napi5ValuecvP12napi_value__Ev
FNDA:0,_ZNK4Napi5Value3EnvEv
FNDA:0,_ZNK4Napi5Value2AsINS_6NumberEEET_v
FNDA:0,_ZNK4Napi5Value2AsINS_6ObjectEEET_v
FNDA:0,_ZNK4Napi5Value2AsINS_6BufferIhEEEET_v
FNDA:0,_ZNK4Napi5Value2AsINS_6StringEEET_v
FNDA:0,_ZNK4Napi5Value2AsINS_8FunctionEEET_v
FNDA:0,_ZN4Napi6Number3NewEP10napi_env__d
FNDA:0,_ZN4Napi6NumberC2EP10napi_env__P12napi_value__
FNDA:0,_ZNK4Napi6NumbercvjEv
FNDA:0,_ZNK4Napi6Number11Uint32ValueEv
FNDA:0,_ZN4Napi4NameC2EP10napi_env__P12napi_value__
FNDA:0,_ZN4Napi6StringC2EP10napi_env__P12napi_value__
FNDA:0,_ZNK4Napi6StringcvNSt7__cxx1112basic_stringIcSt11char_traitsIcESaIcEEEEv
FNDA:0,_ZNK4Napi6String9Utf8ValueB5cxx11Ev
FNDA:0,_ZN4Napi7details11vf_fallbackINS_8FunctionEE4FromEP10napi_env__RKS2_
FNDA:0,_ZN4Napi5Value4FromINS_8FunctionEEES0_P10napi_env__RKT_
FNDA:0,_ZN4Napi6Object3NewEP10napi_env__
FNDA:0,_ZN4Napi6ObjectC2EP10napi_env__P12napi_value__
FNDA:0,_ZNK4Napi6Object3GetEPKc
FNDA:0,_ZN4Napi6Object3SetINS_8FunctionEEEvPKcRKT_
FNDA:0,_ZN4Napi10TypedArrayC2EP10napi_env__P12napi_value__
FNDA:0,_ZN4Napi12TypedArrayOfIhEC2EP10napi_env__P12napi_value__
FNDA:0,_ZN4NapiL14CreateFunctionINS_10ObjectWrapI8GetdentsE18MethodCallbackDataIPFNS_5ValueERKNS_12CallbackInfoEEEEEE11napi_statusP10napi_env__PKcPFP12napi_value__SE_P20napi_callback_info__EPT_PSI_
FNDA:0,_ZN4NapiL14CreateFunctionINS_10ObjectWrapI8GetdentsE18MethodCallbackDataIPFvRKNS_12CallbackInfoEEEEEE11napi_statusP10napi_env__PKcPFP12napi_value__SD_P20napi_callback_info__EPT_PSH_
FNDA:0,_ZN4Napi8FunctionC2EP10napi_env__P12napi_value__
FNDA:0,_ZNK4Napi8Function12MakeCallbackEP12napi_value__RKSt16initializer_listIS2_EP20napi_async_context__
FNDA:0,_ZNK4Napi8Function12MakeCallbackEP12napi_value__mPKS2_P20napi_async_context__
FNDA:0,_ZN4Napi6BufferIhEC2EP10napi_env__P12napi_value__
FNDA:0,_ZNK4Napi6BufferIhE6LengthEv
FNDA:0,_ZNK4Napi6BufferIhE4DataEv
FNDA:0,_ZNK4Napi6BufferIhE10EnsureInfoEv
FNDA:0,_ZN4Napi5Error3NewEP10napi_env__
FNDA:0,_ZN4Napi5Error3NewEP10napi_env__RKNSt7__cxx1112basic_stringIcSt11char_traitsIcESaIcEEE
FNDA:0,_ZN4Napi5Error5FatalEPKcS2_
FNDA:0,_ZN4Napi5ErrorC2EP10napi_env__P12napi_value__
FNDA:0,_ZNK4Napi5Error7MessageB5cxx11Ev
FNDA:0,_ZNK4Napi5Error26ThrowAsJavaScriptExceptionEv
FNDA:0,_ZNK4Napi5Error4whatEv
FNDA:0,_ZN4Napi5Error3NewIS0_EET_P10napi_env__PKcmPF11napi_statusS4_P12napi_value__S9_PS9_E
FNDA:0,_ZN4Napi9ReferenceINS_6ObjectEE3NewERKS1_j
FNDA:0,_ZN4Napi9ReferenceINS_6BufferIhEEE3NewERKS2_j
FNDA:0,_ZN4Napi9ReferenceINS_8FunctionEE3NewERKS1_j
FNDA:0,_ZN4Napi9ReferenceINS_6ObjectEEC2Ev
FNDA:0,_ZN4Napi9ReferenceINS_6BufferIhEEEC2EP10napi_env__P10napi_ref__
FNDA:0,_ZN4Napi9ReferenceINS_8FunctionEEC2EP10napi_env__P10napi_ref__
FNDA:0,_ZN4Napi9ReferenceINS_6ObjectEEC2EP10napi_env__P10napi_ref__
FNDA:0,_ZN4Napi9ReferenceINS_6ObjectEED2Ev
FNDA:0,_ZN4Napi9ReferenceINS_8FunctionEED2Ev
FNDA:0,_ZN4Napi9ReferenceINS_6BufferIhEEED2Ev
FNDA:0,_ZN4Napi9ReferenceINS_8FunctionEEC2EOS2_
FNDA:0,_ZN4Napi9ReferenceINS_6ObjectEEC2EOS2_
FNDA:0,_ZN4Napi9ReferenceINS_6ObjectEEaSEOS2_
FNDA:0,_ZNK4Napi9ReferenceINS_6ObjectEE7IsEmptyEv
FNDA:0,_ZNK4Napi9ReferenceINS_8FunctionEE5ValueEv
FNDA:0,_ZNK4Napi9ReferenceINS_6ObjectEE5ValueEv
FNDA:0,_ZN4Napi9ReferenceINS_6ObjectEE5ResetEv
FNDA:0,_ZN4Napi10PersistentINS_6BufferIhEEEENS_9ReferenceIT_EES4_
FNDA:0,_ZN4Napi10PersistentENS_6ObjectE
FNDA:0,_ZN4Napi10PersistentENS_8FunctionE
FNDA:0,_ZN4Napi15ObjectReferenceC2EP10napi_env__P10napi_ref__
FNDA:0,_ZN4Napi15ObjectReferenceC2EONS_9ReferenceINS_6ObjectEEE
FNDA:0,_ZNK4Napi15ObjectReference3GetEPKc
FNDA:0,_ZN4Napi17FunctionReferenceC2EONS_9ReferenceINS_8FunctionEEE
FNDA:0,_ZNK4Napi17FunctionReference12MakeCallbackEP12napi_value__RKSt16initializer_listIS2_EP20napi_async_context__
FNDA:0,_ZN4Napi12CallbackInfoC2EP10napi_env__P20napi_callback_info__
FNDA:0,_ZN4Napi12CallbackInfoD2Ev
FNDA:0,_ZNK4Napi12CallbackInfo3EnvEv
FNDA:0,_ZNK4Napi12CallbackInfoixEm
FNDA:0,_ZNK4Napi12CallbackInfo4ThisEv
FNDA:0,_ZNK4Napi12CallbackInfo4DataEv
FNDA:0,_ZN4Napi12CallbackInfo7SetDataEPv
FNDA:0,_ZN4Napi10ObjectWrapI8GetdentsEC2ERKNS_12CallbackInfoE
FNDA:0,_ZN4Napi10ObjectWrapI8GetdentsE6UnwrapENS_6ObjectE
FNDA:0,_ZN4Napi10ObjectWrapI8GetdentsE11DefineClassENS_3EnvEPKcmPK24napi_property_descriptorPv
FNDA:0,_ZN4Napi10ObjectWrapI8GetdentsE11DefineClassENS_3EnvEPKcRKSt16initializer_listINS_23ClassPropertyDescriptorIS1_EEEPv
FNDA:0,_ZN4Napi10ObjectWrapI8GetdentsE14InstanceMethodEPKcMS1_FvRKNS_12CallbackInfoEE24napi_property_attributesPv
FNDA:0,_ZN4Napi10ObjectWrapI8GetdentsE14InstanceMethodEPKcMS1_FNS_5ValueERKNS_12CallbackInfoEE24napi_property_attributesPv
FNDA:0,_ZN4Napi10ObjectWrapI8GetdentsE16InstanceAccessorEPKcMS1_FNS_5ValueERKNS_12CallbackInfoEEMS1_FvS8_RKS5_E24napi_property_attributesPv
FNDA:0,_ZN4Napi10ObjectWrapI8GetdentsE11StaticValueEPKcNS_5ValueE24napi_property_attributes
FNDA:0,_ZN4Napi10ObjectWrapI8GetdentsE26ConstructorCallbackWrapperEP10napi_env__P20napi_callback_info__
FNDA:0,_ZZN4Napi10ObjectWrapI8GetdentsE26ConstructorCallbackWrapperEP10napi_env__P20napi_callback_info__ENKUlvE_clEv
FNDA:0,_ZN4Napi10ObjectWrapI8GetdentsE31StaticVoidMethodCallbackWrapperEP10napi_env__P20napi_callback_info__
FNDA:0,_ZZN4Napi10ObjectWrapI8GetdentsE31StaticVoidMethodCallbackWrapperEP10napi_env__P20napi_callback_info__ENKUlvE_clEv
FNDA:0,_ZN4Napi10ObjectWrapI8GetdentsE27StaticMethodCallbackWrapperEP10napi_env__P20napi_callback_info__
FNDA:0,_ZZN4Napi10ObjectWrapI8GetdentsE27StaticMethodCallbackWrapperEP10napi_env__P20napi_callback_info__ENKUlvE_clEv
FNDA:0,_ZN4Napi10ObjectWrapI8GetdentsE27StaticGetterCallbackWrapperEP10napi_env__P20napi_callback_info__
FNDA:0,_ZZN4Napi10ObjectWrapI8GetdentsE27StaticGetterCallbackWrapperEP10napi_env__P20napi_callback_info__ENKUlvE_clEv
FNDA:0,_ZN4Napi10ObjectWrapI8GetdentsE27StaticSetterCallbackWrapperEP10napi_env__P20napi_callback_info__
FNDA:0,_ZZN4Napi10ObjectWrapI8GetdentsE27StaticSetterCallbackWrapperEP10napi_env__P20napi_callback_info__ENKUlvE_clEv
FNDA:0,_ZN4Napi10ObjectWrapI8GetdentsE33InstanceVoidMethodCallbackWrapperEP10napi_env__P20napi_callback_info__
FNDA:0,_ZZN4Napi10ObjectWrapI8GetdentsE33InstanceVoidMethodCallbackWrapperEP10napi_env__P20napi_callback_info__ENKUlvE_clEv
FNDA:0,_ZN4Napi10ObjectWrapI8GetdentsE29InstanceMethodCallbackWrapperEP10napi_env__P20napi_callback_info__
FNDA:0,_ZZN4Napi10ObjectWrapI8GetdentsE29InstanceMethodCallbackWrapperEP10napi_env__P20napi_callback_info__ENKUlvE_clEv
FNDA:0,_ZN4Napi10ObjectWrapI8GetdentsE29InstanceGetterCallbackWrapperEP10napi_env__P20napi_callback_info__
FNDA:0,_ZZN4Napi10ObjectWrapI8GetdentsE29InstanceGetterCallbackWrapperEP10napi_env__P20napi_callback_info__ENKUlvE_clEv
FNDA:0,_ZN4Napi10ObjectWrapI8GetdentsE29InstanceSetterCallbackWrapperEP10napi_env__P20napi_callback_info__
FNDA:0,_ZZN4Napi10ObjectWrapI8GetdentsE29InstanceSetterCallbackWrapperEP10napi_env__P20napi_callback_info__ENKUlvE_clEv
FNDA:0,_ZN4Napi10ObjectWrapI8GetdentsE16FinalizeCallbackEP10napi_env__PvS5_
FNDA:0,_ZN4Napi11HandleScopeC2ENS_3EnvE
FNDA:0,_ZN4Napi11HandleScopeD2Ev
FNDA:0,_ZN4Napi20EscapableHandleScopeC2ENS_3EnvE
FNDA:0,_ZN4Napi20EscapableHandleScopeD2Ev
FNDA:0,_ZNK4Napi20EscapableHandleScope3EnvEv
FNDA:0,_ZN4Napi20EscapableHandleScope6EscapeEP12napi_value__
FNDA:0,_ZN4Napi12AsyncContextD2Ev
FNDA:0,_ZN4Napi12AsyncContextD0Ev
FNDA:0,_ZN4Napi11AsyncWorkerC2ERKNS_8FunctionE
FNDA:0,_ZN4Napi11AsyncWorkerC2ERKNS_8FunctionEPKc
FNDA:0,_ZN4Napi11AsyncWorkerC2ERKNS_8FunctionEPKcRKNS_6ObjectE
FNDA:0,_ZN4Napi11AsyncWorkerC2ERKNS_6ObjectERKNS_8FunctionEPKcS3_
FNDA:0,_ZN4Napi11AsyncWorkerD2Ev
FNDA:0,_ZN4Napi11AsyncWorkerD0Ev
FNDA:0,_ZNK4Napi11AsyncWorker3EnvEv
FNDA:0,_ZN4Napi11AsyncWorker5QueueEv
FNDA:0,_ZN4Napi11AsyncWorker8ReceiverEv
FNDA:0,_ZN4Napi11AsyncWorker8CallbackEv
FNDA:0,_ZN4Napi11AsyncWorker4OnOKEv
FNDA:0,_ZN4Napi11AsyncWorker7OnErrorERKNS_5ErrorE
FNDA:0,_ZN4Napi11AsyncWorker8SetErrorERKNSt7__cxx1112basic_stringIcSt11char_traitsIcESaIcEEE
FNDA:0,_ZN4Napi11AsyncWorker9OnExecuteEP10napi_env__Pv
FNDA:0,_ZN4Napi11AsyncWorker14OnWorkCompleteEP10napi_env__11napi_statusPv
FNDA:0,_ZZN4Napi11AsyncWorker14OnWorkCompleteEP10napi_env__11napi_statusPvENKUlvE_clEv
FNF:166
FNH:0
DA:68,0
DA:72,0
DA:73,0
DA:74,0
DA:76,0
DA:77,0
DA:78,0
DA:81,0
DA:82,0
DA:92,0
DA:95,0
DA:101,0
DA:104,0
DA:105,0
DA:106,0
DA:107,0
DA:218,0
DA:221,0
DA:222,0
DA:223,0
DA:224,0
DA:231,0
DA:232,0
DA:234,0
DA:235,0
DA:245,0
DA:247,0
DA:248,0
DA:249,0
DA:252,0
DA:254,0
DA:255,0
DA:256,0
DA:259,0
DA:261,0
DA:262,0
DA:263,0
DA:283,0
DA:284,0
DA:286,0
DA:287,0
DA:305,0
DA:306,0
DA:435,0
DA:436,0
DA:499,0
DA:501,0
DA:502,0
DA:503,0
DA:509,0
DA:510,0
DA:516,0
DA:517,0
DA:539,0
DA:541,0
DA:542,0
DA:543,0
DA:636,0
DA:637,0
DA:682,0
DA:683,0
DA:685,0
DA:686,0
DA:693,0
DA:695,0
DA:696,0
DA:698,0
DA:699,0
DA:700,0
DA:701,0
DA:702,0
DA:703,0
DA:800,0
DA:801,0
DA:820,0
DA:830,0
DA:875,0
DA:877,0
DA:878,0
DA:879,0
DA:885,0
DA:886,0
DA:976,0
DA:978,0
DA:979,0
DA:980,0
DA:1002,0
DA:1003,0
DA:1004,0
DA:1005,0
DA:1006,0
DA:1478,0
DA:1479,0
DA:1480,0
DA:1584,0
DA:1585,0
DA:1586,0
DA:1588,0
DA:1589,0
DA:1631,0
DA:1636,0
DA:1638,0
DA:1639,0
DA:1642,0
DA:1675,0
DA:1676,0
DA:1710,0
DA:1714,0
DA:1724,0
DA:1730,0
DA:1731,0
DA:1732,0
DA:1733,0
DA:1869,0
DA:1870,0
DA:1871,0
DA:1879,0
DA:1880,0
DA:1881,0
DA:1885,0
DA:1886,0
DA:1887,0
DA:1891,0
DA:1895,0
DA:1898,0
DA:1899,0
DA:1900,0
DA:1901,0
DA:1903,0
DA:1909,0
DA:1911,0
DA:1914,0
DA:1915,0
DA:1917,0
DA:1918,0
DA:1919,0
DA:1920,0
DA:1923,0
DA:1924,0
DA:1927,0
DA:1928,0
DA:1930,0
DA:1931,0
DA:1932,0
DA:1936,0
DA:1941,0
DA:1943,0
DA:1944,0
DA:1945,0
DA:1949,0
DA:1950,0
DA:1951,0
DA:1952,0
DA:1953,0
DA:1955,0
DA:1960,0
DA:1967,0
DA:1968,0
DA:1971,0
DA:1972,0
DA:1978,0
DA:1979,0
DA:1980,0
DA:1984,0
DA:1986,0
DA:2014,0
DA:2015,0
DA:2018,0
DA:2020,0
DA:2028,0
DA:2031,0
DA:2032,0
DA:2033,0
DA:2034,0
DA:2035,0
DA:2037,0
DA:2041,0
DA:2042,0
DA:2048,0
DA:2053,0
DA:2054,0
DA:2057,0
DA:2058,0
DA:2060,0
DA:2096,0
DA:2097,0
DA:2098,0
DA:2100,0
DA:2101,0
DA:2105,0
DA:2106,0
DA:2108,0
DA:2113,0
DA:2114,0
DA:2117,0
DA:2118,0
DA:2119,0
DA:2122,0
DA:2123,0
DA:2124,0
DA:2125,0
DA:2128,0
DA:2130,0
DA:2133,0
DA:2134,0
DA:2135,0
DA:2136,0
DA:2137,0
DA:2138,0
DA:2141,0
DA:2142,0
DA:2143,0
DA:2144,0
DA:2145,0
DA:2146,0
DA:2147,0
DA:2148,0
DA:2149,0
DA:2188,0
DA:2189,0
DA:2193,0
DA:2194,0
DA:2195,0
DA:2199,0
DA:2200,0
DA:2201,0
DA:2221,0
DA:2222,0
DA:2223,0
DA:2224,0
DA:2225,0
DA:2227,0
DA:2260,0
DA:2261,0
DA:2264,0
DA:2265,0
DA:2268,0
DA:2269,0
DA:2279,0
DA:2280,0
DA:2282,0
DA:2283,0
DA:2284,0
DA:2304,0
DA:2305,0
DA:2306,0
DA:2410,0
DA:2411,0
DA:2412,0
DA:2482,0
DA:2486,0
DA:2487,0
DA:2488,0
DA:2489,0
DA:2491,0
DA:2533,0
DA:2534,0
DA:2535,0
DA:2536,0
DA:2537,0
DA:2538,0
DA:2540,0
DA:2543,0
DA:2544,0
DA:2546,0
DA:2547,0
DA:2549,0
DA:2551,0
DA:2552,0
DA:2553,0
DA:2555,0
DA:2568,0
DA:2569,0
DA:2576,0
DA:2577,0
DA:2580,0
DA:2581,0
DA:2582,0
DA:2584,0
DA:2587,0
DA:2588,0
DA:2591,0
DA:2592,0
DA:2593,0
DA:2818,0
DA:2819,0
DA:2820,0
DA:2823,0
DA:2824,0
DA:2825,0
DA:2827,0
DA:2828,0
DA:2829,0
DA:2832,0
DA:2834,0
DA:2835,0
DA:2836,0
DA:2841,0
DA:2847,0
DA:2857,0
DA:2858,0
DA:2859,0
DA:2860,0
DA:2861,0
DA:2864,0
DA:2866,0
DA:2867,0
DA:2868,0
DA:2869,0
DA:2870,0
DA:2873,0
DA:2875,0
DA:2876,0
DA:2877,0
DA:2882,0
DA:2888,0
DA:2890,0
DA:2895,0
DA:2896,0
DA:2898,0
DA:2899,0
DA:2900,0
DA:2902,0
DA:2903,0
DA:2904,0
DA:2905,0
DA:2906,0
DA:2908,0
DA:2909,0
DA:2910,0
DA:2911,0
DA:2912,0
DA:2914,0
DA:2915,0
DA:2916,0
DA:2917,0
DA:2919,0
DA:2920,0
DA:2925,0
DA:2929,0
DA:2934,0
DA:2937,0
DA:2938,0
DA:3057,0
DA:3062,0
DA:3063,0
DA:3065,0
DA:3066,0
DA:3067,0
DA:3068,0
DA:3069,0
DA:3070,0
DA:3074,0
DA:3079,0
DA:3081,0
DA:3082,0
DA:3083,0
DA:3084,0
DA:3085,0
DA:3086,0
DA:3123,0
DA:3129,0
DA:3130,0
DA:3132,0
DA:3133,0
DA:3134,0
DA:3135,0
DA:3136,0
DA:3137,0
DA:3138,0
DA:3161,0
DA:3163,0
DA:3164,0
DA:3165,0
DA:3166,0
DA:3167,0
DA:3205,0
DA:3209,0
DA:3210,0
DA:3212,0
DA:3213,0
DA:3214,0
DA:3215,0
DA:3219,0
DA:3220,0
DA:3221,0
DA:3222,0
DA:3225,0
DA:3229,0
DA:3232,0
DA:3233,0
DA:3234,0
DA:3236,0
DA:3237,0
DA:3238,0
DA:3239,0
DA:3243,0
DA:3246,0
DA:3247,0
DA:3248,0
DA:3250,0
DA:3251,0
DA:3252,0
DA:3256,0
DA:3259,0
DA:3260,0
DA:3261,0
DA:3263,0
DA:3264,0
DA:3265,0
DA:3269,0
DA:3272,0
DA:3273,0
DA:3274,0
DA:3276,0
DA:3277,0
DA:3278,0
DA:3279,0
DA:3283,0
DA:3286,0
DA:3287,0
DA:3288,0
DA:3290,0
DA:3291,0
DA:3292,0
DA:3293,0
DA:3294,0
DA:3295,0
DA:3299,0
DA:3302,0
DA:3303,0
DA:3304,0
DA:3306,0
DA:3307,0
DA:3308,0
DA:3309,0
DA:3310,0
DA:3314,0
DA:3317,0
DA:3318,0
DA:3319,0
DA:3321,0
DA:3322,0
DA:3323,0
DA:3324,0
DA:3325,0
DA:3329,0
DA:3332,0
DA:3333,0
DA:3334,0
DA:3336,0
DA:3337,0
DA:3338,0
DA:3339,0
DA:3340,0
DA:3341,0
DA:3345,0
DA:3346,0
DA:3347,0
DA:3348,0
DA:3358,0
DA:3359,0
DA:3360,0
DA:3361,0
DA:3363,0
DA:3364,0
DA:3365,0
DA:3383,0
DA:3384,0
DA:3385,0
DA:3386,0
DA:3388,0
DA:3389,0
DA:3390,0
DA:3396,0
DA:3397,0
DA:3400,0
DA:3402,0
DA:3403,0
DA:3404,0
DA:3429,0
DA:3430,0
DA:3431,0
DA:3432,0
DA:3434,0
DA:3459,0
DA:3460,0
DA:3461,0
DA:3463,0
DA:3464,0
DA:3465,0
DA:3466,0
DA:3468,0
DA:3470,0
DA:3471,0
DA:3474,0
DA:3475,0
DA:3491,0
DA:3494,0
DA:3495,0
DA:3497,0
DA:3499,0
DA:3500,0
DA:3501,0
DA:3503,0
DA:3505,0
DA:3506,0
DA:3508,0
DA:3509,0
DA:3510,0
DA:3511,0
DA:3513,0
DA:3540,0
DA:3541,0
DA:3544,0
DA:3545,0
DA:3546,0
DA:3547,0
DA:3554,0
DA:3555,0
DA:3558,0
DA:3559,0
DA:3562,0
DA:3563,0
DA:3564,0
DA:3566,0
DA:3567,0
DA:3568,0
DA:3570,0
DA:3571,0
DA:3572,0
DA:3574,0
DA:3575,0
DA:3578,0
DA:3579,0
DA:3580,0
DA:3585,0
DA:3587,0
DA:3589,0
DA:3590,0
DA:3591,0
DA:3592,0
DA:3593,0
DA:3594,0
DA:3597,0
DA:3599,0
DA:3602,0
DA:3603,0
LF:548
LH:0
end_of_record
SF:/home/david/getdents/node_modules/node-addon-api/napi.h
FN:1051,_ZN4Napi15ObjectReferenceD2Ev
FN:1088,_ZN4Napi17FunctionReferenceD2Ev
FN:1222,_ZN4Napi5ErrorD2Ev
FN:1222,_ZN4Napi5ErrorD0Ev
FN:1478,_ZN4Napi23ClassPropertyDescriptorI8GetdentsEC2E24napi_property_descriptor
FN:1513,_ZN4Napi10ObjectWrapI8GetdentsED2Ev
FNDA:0,_ZN4Napi15ObjectReferenceD2Ev
FNDA:0,_ZN4Napi17FunctionReferenceD2Ev
FNDA:0,_ZN4Napi5ErrorD2Ev
FNDA:0,_ZN4Napi5ErrorD0Ev
FNDA:0,_ZN4Napi23ClassPropertyDescriptorI8GetdentsEC2E24napi_property_descriptor
FNDA:0,_ZN4Napi10ObjectWrapI8GetdentsED2Ev
FNF:6
FNH:0
DA:1051,0
DA:1088,0
DA:1222,0
DA:1478,0
DA:1513,0
LF:5
LH:0
end_of_record
SF:/home/david/getdents/src/getdents.cc
FN:28,_ZN8GetdentsC2ERKN4Napi12CallbackInfoE
FN:40,_Z10ErrnoErrorRKN4Napi3EnvEiPKc
FN:61,_Z18GetdentsErrnoErrorRKN4Napi3EnvEi
FN:66,_ZN8Getdents8NextSyncEPhj
FN:71,_ZN8Getdents8NextSyncERKN4Napi12CallbackInfoE
FN:82,_ZN19GetdentsAsyncWorkerD2Ev
FN:82,_ZN19GetdentsAsyncWorkerD0Ev
FN:85,_ZN19GetdentsAsyncWorkerC2EP8GetdentsRKN4Napi8FunctionERKNS2_6BufferIhEE
FN:98,_ZN19GetdentsAsyncWorker7ExecuteEv
FN:107,_ZN19GetdentsAsyncWorker4OnOKEv
FN:129,_ZN8Getdents4NextERKN4Napi12CallbackInfoE
FN:137,_ZN8Getdents5GetFDERKN4Napi12CallbackInfoE
FN:142,_ZN8Getdents5SetFDERKN4Napi12CallbackInfoERKNS0_5ValueE
FN:147,_ZN8Getdents10InitializeEN4Napi3EnvENS0_6ObjectE
FN:168,_Z10InitializeN4Napi3EnvENS_6ObjectE
FN:173,_Z17__napi_InitializeP10napi_env__P12napi_value__
FN:173,_register_getdents
FNDA:0,_ZN8GetdentsC2ERKN4Napi12CallbackInfoE
FNDA:0,_Z10ErrnoErrorRKN4Napi3EnvEiPKc
FNDA:0,_Z18GetdentsErrnoErrorRKN4Napi3EnvEi
FNDA:0,_ZN8Getdents8NextSyncEPhj
FNDA:0,_ZN8Getdents8NextSyncERKN4Napi12CallbackInfoE
FNDA:0,_ZN19GetdentsAsyncWorkerD2Ev
FNDA:0,_ZN19GetdentsAsyncWorkerD0Ev
FNDA:0,_ZN19GetdentsAsyncWorkerC2EP8GetdentsRKN4Napi8FunctionERKNS2_6BufferIhEE
FNDA:0,_ZN19GetdentsAsyncWorker7ExecuteEv
FNDA:0,_ZN19GetdentsAsyncWorker4OnOKEv
FNDA:0,_ZN8Getdents4NextERKN4Napi12CallbackInfoE
FNDA:0,_ZN8Getdents5GetFDERKN4Napi12CallbackInfoE
FNDA:0,_ZN8Getdents5SetFDERKN4Napi12CallbackInfoERKNS0_5ValueE
FNDA:0,_ZN8Getdents10InitializeEN4Napi3EnvENS0_6ObjectE
FNDA:0,_Z10InitializeN4Napi3EnvENS_6ObjectE
FNDA:0,_Z17__napi_InitializeP10napi_env__P12napi_value__
FNDA:0,_register_getdents
FNF:17
FNH:0
DA:28,0
DA:30,0
DA:32,0
DA:40,0
DA:42,0
DA:44,0
DA:58,0
DA:61,0
DA:63,0
DA:66,0
DA:68,0
DA:71,0
DA:73,0
DA:74,0
DA:75,0
DA:77,0
DA:79,0
DA:82,0
DA:85,0
DA:87,0
DA:92,0
DA:93,0
DA:95,0
DA:98,0
DA:100,0
DA:101,0
DA:103,0
DA:105,0
DA:107,0
DA:109,0
DA:111,0
DA:112,0
DA:113,0
DA:115,0
DA:116,0
DA:117,0
DA:118,0
DA:129,0
DA:132,0
DA:133,0
DA:134,0
DA:135,0
DA:137,0
DA:139,0
DA:142,0
DA:144,0
DA:145,0
DA:147,0
DA:149,0
DA:151,0
DA:152,0
DA:153,0
DA:154,0
DA:155,0
DA:156,0
DA:157,0
DA:158,0
DA:159,0
DA:160,0
DA:161,0
DA:162,0
DA:163,0
DA:165,0
DA:168,0
DA:170,0
DA:173,0
LF:66
LH:0
end_of_record
SF:/usr/include/c++/7/bits/alloc_traits.h
FN:435,_ZNSt16allocator_traitsISaI24napi_property_descriptorEE8allocateERS1_m
FN:461,_ZNSt16allocator_traitsISaI24napi_property_descriptorEE10deallocateERS1_PS0_m
FNDA:0,_ZNSt16allocator_traitsISaI24napi_property_descriptorEE8allocateERS1_m
FNDA:0,_ZNSt16allocator_traitsISaI24napi_property_descriptorEE10deallocateERS1_PS0_m
FNF:2
FNH:0
DA:435,0
DA:436,0
DA:461,0
DA:462,0
LF:4
LH:0
end_of_record
SF:/usr/include/c++/7/bits/allocator.h
FN:131,_ZNSaI24napi_property_descriptorEC2Ev
FN:133,_ZNSaI24napi_property_descriptorEC2ERKS0_
FN:139,_ZNSaI24napi_property_descriptorED2Ev
FNDA:0,_ZNSaI24napi_property_descriptorEC2Ev
FNDA:0,_ZNSaI24napi_property_descriptorEC2ERKS0_
FNDA:0,_ZNSaI24napi_property_descriptorED2Ev
FNF:3
FNH:0
DA:131,0
DA:133,0
DA:134,0
DA:139,0
LF:4
LH:0
end_of_record
SF:/usr/include/c++/7/bits/basic_string.h
FN:139,_ZNSt7__cxx1112basic_stringIcSt11char_traitsIcESaIcEE12_Alloc_hiderD2Ev
FN:232,_ZNSt7__cxx1112basic_stringIcSt11char_traitsIcESaIcEE16_M_construct_auxIPcEEvT_S7_St12__false_type
FN:252,_ZNSt7__cxx1112basic_stringIcSt11char_traitsIcESaIcEE12_M_constructIPcEEvT_S7_
FN:604,_ZNSt7__cxx1112basic_stringIcSt11char_traitsIcESaIcEEC2IPcvEET_S7_RKS3_
FN:5956,_ZStplIcSt11char_traitsIcESaIcEENSt7__cxx1112basic_stringIT_T0_T1_EEOS8_S9_
FN:5980,_ZStplIcSt11char_traitsIcESaIcEENSt7__cxx1112basic_stringIT_T0_T1_EEOS8_PKS5_
FN:6405,_ZNSt7__cxx119to_stringEi
FNDA:0,_ZNSt7__cxx1112basic_stringIcSt11char_traitsIcESaIcEE12_Alloc_hiderD2Ev
FNDA:0,_ZNSt7__cxx1112basic_stringIcSt11char_traitsIcESaIcEE16_M_construct_auxIPcEEvT_S7_St12__false_type
FNDA:0,_ZNSt7__cxx1112basic_stringIcSt11char_traitsIcESaIcEE12_M_constructIPcEEvT_S7_
FNDA:0,_ZNSt7__cxx1112basic_stringIcSt11char_traitsIcESaIcEEC2IPcvEET_S7_RKS3_
FNDA:0,_ZStplIcSt11char_traitsIcESaIcEENSt7__cxx1112basic_stringIT_T0_T1_EEOS8_S9_
FNDA:0,_ZStplIcSt11char_traitsIcESaIcEENSt7__cxx1112basic_stringIT_T0_T1_EEOS8_PKS5_
FNDA:0,_ZNSt7__cxx119to_stringEi
FNF:7
FNH:0
DA:139,0
DA:232,0
DA:236,0
DA:237,0
DA:252,0
DA:255,0
DA:256,0
DA:604,0
DA:606,0
DA:607,0
DA:5956,0
DA:5959,0
DA:5960,0
DA:5961,0
DA:5962,0
DA:5963,0
DA:5980,0
DA:5982,0
DA:6405,0
DA:6407,0
LF:20
LH:0
end_of_record
SF:/usr/include/c++/7/bits/basic_string.tcc
FN:206,_ZNSt7__cxx1112basic_stringIcSt11char_traitsIcESaIcEE12_M_constructIPcEEvT_S7_St20forward_iterator_tag
FNDA:0,_ZNSt7__cxx1112basic_stringIcSt11char_traitsIcESaIcEE12_M_constructIPcEEvT_S7_St20forward_iterator_tag
FNF:1
FNH:0
DA:206,0
DA:211,0
DA:212,0
DA:215,0
DA:217,0
DA:219,0
DA:220,0
DA:225,0
DA:226,0
DA:228,0
DA:229,0
DA:232,0
DA:233,0
LF:13
LH:0
end_of_record
SF:/usr/include/c++/7/bits/exception.h
FN:63,_ZNSt9exceptionC2Ev
FNDA:0,_ZNSt9exceptionC2Ev
FNF:1
FNH:0
DA:63,0
LF:1
LH:0
end_of_record
SF:/usr/include/c++/7/bits/move.h
FN:98,_ZSt4moveIRN4Napi9ReferenceINS0_8FunctionEEEEONSt16remove_referenceIT_E4typeEOS6_
FN:98,_ZSt4moveIRNSt7__cxx1112basic_stringIcSt11char_traitsIcESaIcEEEEONSt16remove_referenceIT_E4typeEOS8_
FN:98,_ZSt4moveIRN4Napi9ReferenceINS0_6ObjectEEEEONSt16remove_referenceIT_E4typeEOS6_
FNDA:0,_ZSt4moveIRN4Napi9ReferenceINS0_8FunctionEEEEONSt16remove_referenceIT_E4typeEOS6_
FNDA:0,_ZSt4moveIRNSt7__cxx1112basic_stringIcSt11char_traitsIcESaIcEEEEONSt16remove_referenceIT_E4typeEOS8_
FNDA:0,_ZSt4moveIRN4Napi9ReferenceINS0_6ObjectEEEEONSt16remove_referenceIT_E4typeEOS6_
FNF:3
FNH:0
DA:98,0
DA:99,0
LF:2
LH:0
end_of_record
SF:/usr/include/c++/7/bits/stl_algobase.h
FN:277,_ZSt12__niter_baseIP24napi_property_descriptorET_S2_
FN:738,_ZSt10__fill_n_aIP24napi_property_descriptormS0_EN9__gnu_cxx11__enable_ifIXntsrSt11__is_scalarIT1_E7__valueET_E6__typeES7_T0_RKS5_
FN:784,_ZSt6fill_nIP24napi_property_descriptormS0_ET_S2_T0_RKT1_
FNDA:0,_ZSt12__niter_baseIP24napi_property_descriptorET_S2_
FNDA:0,_ZSt10__fill_n_aIP24napi_property_descriptormS0_EN9__gnu_cxx11__enable_ifIXntsrSt11__is_scalarIT1_E7__valueET_E6__typeES7_T0_RKS5_
FNDA:0,_ZSt6fill_nIP24napi_property_descriptormS0_ET_S2_T0_RKT1_
FNF:3
FNH:0
DA:277,0
DA:278,0
DA:738,0
DA:740,0
DA:741,0
DA:742,0
DA:743,0
DA:784,0
DA:789,0
LF:9
LH:0
end_of_record
SF:/usr/include/c++/7/bits/stl_construct.h
FN:117,_ZNSt12_Destroy_auxILb1EE9__destroyIP24napi_property_descriptorEEvT_S4_
FN:127,_ZSt8_DestroyIP24napi_property_descriptorEvT_S2_
FN:203,_ZSt8_DestroyIP24napi_property_descriptorS0_EvT_S2_RSaIT0_E
FNDA:0,_ZNSt12_Destroy_auxILb1EE9__destroyIP24napi_property_descriptorEEvT_S4_
FNDA:0,_ZSt8_DestroyIP24napi_property_descriptorEvT_S2_
FNDA:0,_ZSt8_DestroyIP24napi_property_descriptorS0_EvT_S2_RSaIT0_E
FNF:3
FNH:0
DA:117,0
DA:127,0
DA:137,0
DA:138,0
DA:203,0
DA:206,0
DA:207,0
LF:7
LH:0
end_of_record
SF:/usr/include/c++/7/bits/stl_iterator_base_funcs.h
FN:98,_ZSt10__distanceIPcENSt15iterator_traitsIT_E15difference_typeES2_S2_St26random_access_iterator_tag
FN:138,_ZSt8distanceIPcENSt15iterator_traitsIT_E15difference_typeES2_S2_
FNDA:0,_ZSt10__distanceIPcENSt15iterator_traitsIT_E15difference_typeES2_S2_St26random_access_iterator_tag
FNDA:0,_ZSt8distanceIPcENSt15iterator_traitsIT_E15difference_typeES2_S2_
FNF:2
FNH:0
DA:98,0
DA:104,0
DA:138,0
DA:141,0
DA:142,0
LF:5
LH:0
end_of_record
SF:/usr/include/c++/7/bits/stl_iterator_base_types.h
FN:205,_ZSt19__iterator_categoryIPcENSt15iterator_traitsIT_E17iterator_categoryERKS2_
FNDA:0,_ZSt19__iterator_categoryIPcENSt15iterator_traitsIT_E17iterator_categoryERKS2_
FNF:1
FNH:0
DA:205,0
DA:206,0
LF:2
LH:0
end_of_record
SF:/usr/include/c++/7/bits/stl_uninitialized.h
FN:543,_ZNSt27__uninitialized_default_n_1ILb1EE18__uninit_default_nIP24napi_property_descriptormEET_S4_T0_
FN:574,_ZSt25__uninitialized_default_nIP24napi_property_descriptormET_S2_T0_
FN:643,_ZSt27__uninitialized_default_n_aIP24napi_property_descriptormS0_ET_S2_T0_RSaIT1_E
FNDA:0,_ZNSt27__uninitialized_default_n_1ILb1EE18__uninit_default_nIP24napi_property_descriptormEET_S4_T0_
FNDA:0,_ZSt25__uninitialized_default_nIP24napi_property_descriptormET_S2_T0_
FNDA:0,_ZSt27__uninitialized_default_n_aIP24napi_property_descriptormS0_ET_S2_T0_RSaIT1_E
FNF:3
FNH:0
DA:543,0
DA:548,0
DA:574,0
DA:579,0
DA:583,0
DA:643,0
DA:645,0
LF:7
LH:0
end_of_record
SF:/usr/include/c++/7/bits/stl_vector.h
FN:81,_ZNSt12_Vector_baseI24napi_property_descriptorSaIS0_EE12_Vector_implD2Ev
FN:92,_ZNSt12_Vector_baseI24napi_property_descriptorSaIS0_EE12_Vector_implC2ERKS1_
FN:115,_ZNSt12_Vector_baseI24napi_property_descriptorSaIS0_EE19_M_get_Tp_allocatorEv
FN:136,_ZNSt12_Vector_baseI24napi_property_descriptorSaIS0_EEC2EmRKS1_
FN:161,_ZNSt12_Vector_baseI24napi_property_descriptorSaIS0_EED2Ev
FN:169,_ZNSt12_Vector_baseI24napi_property_descriptorSaIS0_EE11_M_allocateEm
FN:176,_ZNSt12_Vector_baseI24napi_property_descriptorSaIS0_EE13_M_deallocateEPS0_m
FN:185,_ZNSt12_Vector_baseI24napi_property_descriptorSaIS0_EE17_M_create_storageEm
FN:283,_ZNSt6vectorI24napi_property_descriptorSaIS0_EEC2EmRKS1_
FN:433,_ZNSt6vectorI24napi_property_descriptorSaIS0_EED2Ev
FN:795,_ZNSt6vectorI24napi_property_descriptorSaIS0_EEixEm
FN:920,_ZNSt6vectorI24napi_property_descriptorSaIS0_EE4dataEv
FN:1344,_ZNSt6vectorI24napi_property_descriptorSaIS0_EE21_M_default_initializeEm
FN:1557,_ZNKSt6vectorI24napi_property_descriptorSaIS0_EE11_M_data_ptrIS0_EEPT_S5_
FNDA:0,_ZNSt12_Vector_baseI24napi_property_descriptorSaIS0_EE12_Vector_implD2Ev
FNDA:0,_ZNSt12_Vector_baseI24napi_property_descriptorSaIS0_EE12_Vector_implC2ERKS1_
FNDA:0,_ZNSt12_Vector_baseI24napi_property_descriptorSaIS0_EE19_M_get_Tp_allocatorEv
FNDA:0,_ZNSt12_Vector_baseI24napi_property_descriptorSaIS0_EEC2EmRKS1_
FNDA:0,_ZNSt12_Vector_baseI24napi_property_descriptorSaIS0_EED2Ev
FNDA:0,_ZNSt12_Vector_baseI24napi_property_descriptorSaIS0_EE11_M_allocateEm
FNDA:0,_ZNSt12_Vector_baseI24napi_property_descriptorSaIS0_EE13_M_deallocateEPS0_m
FNDA:0,_ZNSt12_Vector_baseI24napi_property_descriptorSaIS0_EE17_M_create_storageEm
FNDA:0,_ZNSt6vectorI24napi_property_descriptorSaIS0_EEC2EmRKS1_
FNDA:0,_ZNSt6vectorI24napi_property_descriptorSaIS0_EED2Ev
FNDA:0,_ZNSt6vectorI24napi_property_descriptorSaIS0_EEixEm
FNDA:0,_ZNSt6vectorI24napi_property_descriptorSaIS0_EE4dataEv
FNDA:0,_ZNSt6vectorI24napi_property_descriptorSaIS0_EE21_M_default_initializeEm
FNDA:0,_ZNKSt6vectorI24napi_property_descriptorSaIS0_EE11_M_data_ptrIS0_EEPT_S5_
FNF:14
FNH:0
DA:81,0
DA:92,0
DA:93,0
DA:94,0
DA:115,0
DA:116,0
DA:136,0
DA:137,0
DA:138,0
DA:161,0
DA:162,0
DA:163,0
DA:169,0
DA:172,0
DA:176,0
DA:179,0
DA:180,0
DA:181,0
DA:185,0
DA:187,0
DA:188,0
DA:189,0
DA:190,0
DA:283,0
DA:284,0
DA:285,0
DA:433,0
DA:434,0
DA:435,0
DA:795,0
DA:798,0
DA:920,0
DA:921,0
DA:1344,0
DA:1346,0
DA:1347,0
DA:1348,0
DA:1349,0
DA:1557,0
DA:1558,0
LF:40
LH:0
end_of_record
SF:/usr/include/c++/7/ext/new_allocator.h
FN:79,_ZN9__gnu_cxx13new_allocatorI24napi_property_descriptorEC2Ev
FN:81,_ZN9__gnu_cxx13new_allocatorI24napi_property_descriptorEC2ERKS2_
FN:86,_ZN9__gnu_cxx13new_allocatorI24napi_property_descriptorED2Ev
FN:99,_ZN9__gnu_cxx13new_allocatorI24napi_property_descriptorE8allocateEmPKv
FN:116,_ZN9__gnu_cxx13new_allocatorI24napi_property_descriptorE10deallocateEPS1_m
FN:129,_ZNK9__gnu_cxx13new_allocatorI24napi_property_descriptorE8max_sizeEv
FNDA:0,_ZN9__gnu_cxx13new_allocatorI24napi_property_descriptorEC2Ev
FNDA:0,_ZN9__gnu_cxx13new_allocatorI24napi_property_descriptorEC2ERKS2_
FNDA:0,_ZN9__gnu_cxx13new_allocatorI24napi_property_descriptorED2Ev
FNDA:0,_ZN9__gnu_cxx13new_allocatorI24napi_property_descriptorE8allocateEmPKv
FNDA:0,_ZN9__gnu_cxx13new_allocatorI24napi_property_descriptorE10deallocateEPS1_m
FNDA:0,_ZNK9__gnu_cxx13new_allocatorI24napi_property_descriptorE8max_sizeEv
FNF:6
FNH:0
DA:79,0
DA:81,0
DA:86,0
DA:99,0
DA:101,0
DA:102,0
DA:111,0
DA:116,0
DA:125,0
DA:126,0
DA:129,0
DA:130,0
LF:12
LH:0
end_of_record
SF:/usr/include/c++/7/ext/string_conversions.h
FN:99,_ZN9__gnu_cxx12__to_xstringINSt7__cxx1112basic_stringIcSt11char_traitsIcESaIcEEEcEET_PFiPT0_mPKS8_P13__va_list_tagEmSB_z
FNDA:0,_ZN9__gnu_cxx12__to_xstringINSt7__cxx1112basic_stringIcSt11char_traitsIcESaIcEEEcEET_PFiPT0_mPKS8_P13__va_list_tagEmSB_z
FNF:1
FNH:0
DA:99,0
DA:105,0
DA:109,0
DA:111,0
DA:113,0
DA:115,0
LF:6
LH:0
end_of_record
SF:/usr/include/c++/7/ext/type_traits.h
FN:152,_ZN9__gnu_cxx17__is_null_pointerIcEEbPT_
FNDA:0,_ZN9__gnu_cxx17__is_null_pointerIcEEbPT_
FNF:1
FNH:0
DA:152,0
DA:153,0
LF:2
LH:0
end_of_record
SF:/usr/include/c++/7/initializer_list
FN:66,_ZNSt16initializer_listIP12napi_value__EC1Ev
FN:71,_ZNKSt16initializer_listIP12napi_value__E4sizeEv
FN:71,_ZNKSt16initializer_listIN4Napi23ClassPropertyDescriptorI8GetdentsEEE4sizeEv
FN:75,_ZNKSt16initializer_listIN4Napi23ClassPropertyDescriptorI8GetdentsEEE5beginEv
FN:75,_ZNKSt16initializer_listIP12napi_value__E5beginEv
FNDA:0,_ZNSt16initializer_listIP12napi_value__EC1Ev
FNDA:0,_ZNKSt16initializer_listIP12napi_value__E4sizeEv
FNDA:0,_ZNKSt16initializer_listIN4Napi23ClassPropertyDescriptorI8GetdentsEEE4sizeEv
FNDA:0,_ZNKSt16initializer_listIN4Napi23ClassPropertyDescriptorI8GetdentsEEE5beginEv
FNDA:0,_ZNKSt16initializer_listIP12napi_value__E5beginEv
FNF:5
FNH:0
DA:66,0
DA:67,0
DA:71,0
DA:75,0
LF:4
LH:0
end_of_record
