TN:
SF:/home/david/getdents/src/getdents.cc
FN:28,_ZN8GetdentsC2ERKN4Napi12CallbackInfoE
FN:40,_Z10ErrnoErrorRKN4Napi3EnvEiPKc
FN:61,_Z18GetdentsErrnoErrorRKN4Napi3EnvEi
FN:66,_ZN8Getdents8NextSyncEPhj
FN:71,_ZN8Getdents8NextSyncERKN4Napi12CallbackInfoE
FN:85,_ZN19GetdentsAsyncWorkerC2EP8GetdentsRKN4Napi8FunctionERKNS2_6BufferIhEE
FN:98,_ZN19GetdentsAsyncWorker7ExecuteEv
FN:107,_ZN19GetdentsAsyncWorker4OnOKEv
FN:128,_ZN8Getdents4NextERKN4Napi12CallbackInfoE
FN:136,_ZN8Getdents5GetFDERKN4Napi12CallbackInfoE
FN:141,_ZN8Getdents5SetFDERKN4Napi12CallbackInfoERKNS0_5ValueE
FN:146,_ZN8Getdents10InitializeEN4Napi3EnvENS0_6ObjectE
FN:167,_Z10InitializeN4Napi3EnvENS_6ObjectE
FN:172,_register_getdents
FN:172,_Z17__napi_InitializeP10napi_env__P12napi_value__
FNDA:18,_ZN8Getdents8NextSyncEPhj
FNDA:9,_ZN8Getdents4NextERKN4Napi12CallbackInfoE
FNDA:9,_ZN19GetdentsAsyncWorker7ExecuteEv
FNDA:14,_ZN8Getdents5SetFDERKN4Napi12CallbackInfoERKNS0_5ValueE
FNDA:1,_ZN8Getdents10InitializeEN4Napi3EnvENS0_6ObjectE
FNDA:9,_ZN19GetdentsAsyncWorkerC2EP8GetdentsRKN4Napi8FunctionERKNS2_6BufferIhEE
FNDA:2,_ZN8GetdentsC2ERKN4Napi12CallbackInfoE
FNDA:4,_Z18GetdentsErrnoErrorRKN4Napi3EnvEi
FNDA:4,_Z10ErrnoErrorRKN4Napi3EnvEiPKc
FNDA:1,_register_getdents
FNDA:9,_ZN19GetdentsAsyncWorker4OnOKEv
FNDA:9,_ZN8Getdents8NextSyncERKN4Napi12CallbackInfoE
FNDA:8,_ZN8Getdents5GetFDERKN4Napi12CallbackInfoE
FNDA:1,_Z10InitializeN4Napi3EnvENS_6ObjectE
FNDA:1,_Z17__napi_InitializeP10napi_env__P12napi_value__
FNF:15
FNH:15
DA:28,2
DA:30,2
DA:32,2
DA:40,4
DA:42,4
DA:44,4
DA:58,8
DA:61,4
DA:63,4
DA:66,18
DA:68,18
DA:71,9
DA:73,9
DA:74,9
DA:75,9
DA:77,2
DA:79,7
DA:85,9
DA:87,9
DA:92,9
DA:93,18
DA:95,9
DA:98,9
DA:100,9
DA:101,9
DA:103,2
DA:105,9
DA:107,9
DA:109,9
DA:111,9
DA:112,9
DA:114,11
DA:115,9
DA:116,27
DA:117,9
DA:128,9
DA:131,9
DA:132,9
DA:133,9
DA:134,9
DA:136,8
DA:138,8
DA:141,14
DA:143,14
DA:144,14
DA:146,1
DA:148,1
DA:150,1
DA:151,1
DA:152,1
DA:153,1
DA:154,1
DA:155,1
DA:156,1
DA:157,1
DA:158,1
DA:159,1
DA:160,1
DA:161,1
DA:162,1
DA:164,1
DA:167,1
DA:169,1
DA:172,2
LF:64
LH:64
end_of_record
TN:
SF:lib/getdents.js
FN:9,(anonymous_0)
FN:36,nyc_workaround
FN:47,(anonymous_2)
FN:57,(anonymous_3)
FN:63,(anonymous_4)
FN:79,(anonymous_5)
FN:99,(anonymous_6)
FN:104,(anonymous_7)
FNDA:4,(anonymous_5)
FNDA:10,(anonymous_4)
FNDA:4,nyc_workaround
FNDA:14,(anonymous_3)
FNDA:24,(anonymous_0)
FNDA:24,(anonymous_6)
FNDA:2,(anonymous_2)
FNDA:24,(anonymous_7)
FNF:8
FNH:8
BRDA:7,0,0,1
BRDA:59,1,0,6
BRDA:59,1,1,8
BRDA:69,2,0,24
BRF:4
BRH:4
DA:1,1
DA:2,1
DA:3,1
DA:7,1
DA:9,1
DA:11,24
DA:22,1
DA:39,4
DA:41,5
DA:49,2
DA:50,2
DA:51,2
DA:52,2
DA:54,2
DA:59,14
DA:60,14
DA:65,10
DA:66,10
DA:69,24
DA:71,24
DA:73,24
DA:74,24
DA:82,4
DA:84,5
DA:101,24
DA:106,24
DA:107,24
DA:108,24
DA:109,24
DA:113,1
LF:30
LH:30
end_of_record
