TN:
SF:/home/david/getdents/src/getdents.cc
FN:28,_ZN8GetdentsC2ERKN4Napi12CallbackInfoE
FN:40,_Z10ErrnoErrorRKN4Napi3EnvEiPKc
FN:61,_Z18GetdentsErrnoErrorRKN4Napi3EnvEi
FN:66,_ZN8Getdents8NextSyncEPhj
FN:71,_ZN8Getdents8NextSyncERKN4Napi12CallbackInfoE
FN:85,_ZN19GetdentsAsyncWorkerC2EP8GetdentsRKN4Napi8FunctionERKNS2_6BufferIhEE
FN:98,_ZN19GetdentsAsyncWorker7ExecuteEv
FN:107,_ZN19GetdentsAsyncWorker4OnOKEv
FN:128,_ZN8Getdents4NextERKN4Napi12CallbackInfoE
FN:136,_ZN8Getdents5GetFDERKN4Napi12CallbackInfoE
FN:141,_ZN8Getdents5SetFDERKN4Napi12CallbackInfoERKNS0_5ValueE
FN:146,_ZN8Getdents10InitializeEN4Napi3EnvENS0_6ObjectE
FN:167,_Z10InitializeN4Napi3EnvENS_6ObjectE
FN:172,_register_getdents
FN:172,_ZL17__napi_InitializeP10napi_env__P12napi_value__
FNDA:9,_ZN19GetdentsAsyncWorker4OnOKEv
FNDA:1,_ZL17__napi_InitializeP10napi_env__P12napi_value__
FNDA:9,_ZN8Getdents8NextSyncERKN4Napi12CallbackInfoE
FNDA:1,_Z10InitializeN4Napi3EnvENS_6ObjectE
FNDA:9,_ZN8Getdents4NextERKN4Napi12CallbackInfoE
FNDA:1,_register_getdents
FNDA:4,_Z18GetdentsErrnoErrorRKN4Napi3EnvEi
FNDA:18,_ZN8Getdents8NextSyncEPhj
FNDA:4,_Z10ErrnoErrorRKN4Napi3EnvEiPKc
FNDA:9,_ZN19GetdentsAsyncWorkerC2EP8GetdentsRKN4Napi8FunctionERKNS2_6BufferIhEE
FNDA:9,_ZN19GetdentsAsyncWorker7ExecuteEv
FNDA:14,_ZN8Getdents5SetFDERKN4Napi12CallbackInfoERKNS0_5ValueE
FNDA:8,_ZN8Getdents5GetFDERKN4Napi12CallbackInfoE
FNDA:1,_ZN8Getdents10InitializeEN4Napi3EnvENS0_6ObjectE
FNDA:2,_ZN8GetdentsC2ERKN4Napi12CallbackInfoE
FNF:15
FNH:15
DA:28,2
DA:30,2
DA:32,2
DA:40,4
DA:42,4
DA:44,4
DA:58,8
DA:61,4
DA:63,4
DA:66,18
DA:68,18
DA:71,9
DA:73,9
DA:74,9
DA:75,9
DA:77,2
DA:79,7
DA:85,9
DA:87,9
DA:89,9
DA:90,9
DA:91,9
DA:92,9
DA:93,18
DA:95,9
DA:98,9
DA:100,9
DA:101,9
DA:103,2
DA:105,9
DA:107,9
DA:109,9
DA:111,36
DA:112,9
DA:114,11
DA:115,18
DA:117,9
DA:128,9
DA:131,9
DA:132,9
DA:133,9
DA:134,9
DA:136,8
DA:138,8
DA:141,14
DA:143,14
DA:144,14
DA:146,1
DA:148,1
DA:150,1
DA:151,1
DA:152,1
DA:153,1
DA:154,1
DA:155,1
DA:156,1
DA:157,1
DA:158,1
DA:159,1
DA:160,1
DA:161,1
DA:164,1
DA:167,1
DA:169,1
DA:172,2
LF:65
LH:65
end_of_record
TN:
SF:lib/getdents.js
FN:16,read16
FN:37,Getdents
FN:45,reset
FN:51,_process
FN:85,get type
FN:90,get name
FNDA:25,read16
FNDA:2,Getdents
FNDA:14,reset
FNDA:24,get name
FNDA:24,get type
FNDA:10,_process
FNF:6
FNH:6
BRDA:1,0,0,1
BRDA:8,2,0,24
BRDA:13,1,0,1
BRDA:37,3,0,2
BRDA:45,4,0,14
BRDA:47,5,0,6
BRDA:47,6,0,8
BRDA:51,7,0,10
BRDA:55,8,0,24
BRDA:67,9,0,4
BRDA:71,10,0,5
BRDA:76,11,0,4
BRDA:79,12,0,7
BRDA:80,13,0,5
BRDA:85,14,0,24
BRDA:90,15,0,24
BRF:16
BRH:16
DA:1,1
DA:2,1
DA:3,1
DA:4,1
DA:5,1
DA:6,1
DA:7,1
DA:8,1
DA:9,24
DA:10,24
DA:11,1
DA:12,1
DA:13,1
DA:14,1
DA:15,1
DA:16,1
DA:17,1
DA:18,1
DA:19,1
DA:20,1
DA:21,1
DA:22,1
DA:23,1
DA:24,1
DA:25,1
DA:26,1
DA:27,1
DA:28,1
DA:29,1
DA:30,1
DA:31,1
DA:32,1
DA:33,1
DA:34,1
DA:35,1
DA:36,1
DA:37,1
DA:38,2
DA:39,2
DA:40,2
DA:41,2
DA:42,2
DA:43,2
DA:44,1
DA:45,1
DA:46,14
DA:47,14
DA:48,14
DA:49,14
DA:50,1
DA:51,1
DA:52,10
DA:53,10
DA:54,10
DA:55,10
DA:56,24
DA:57,24
DA:58,24
DA:59,24
DA:60,24
DA:61,24
DA:62,24
DA:63,24
DA:64,24
DA:65,10
DA:66,1
DA:67,1
DA:68,4
DA:69,4
DA:70,4
DA:71,4
DA:72,5
DA:73,5
DA:74,4
DA:75,1
DA:76,1
DA:77,4
DA:78,4
DA:79,4
DA:80,4
DA:81,5
DA:82,5
DA:83,4
DA:84,1
DA:85,1
DA:86,24
DA:87,24
DA:88,24
DA:89,1
DA:90,1
DA:91,24
DA:92,24
DA:93,24
DA:94,24
DA:95,24
DA:96,24
DA:97,1
DA:98,1
DA:99,1
LF:99
LH:99
end_of_record
