TN:
SF:/home/david/getdents/node_modules/node-addon-api/napi-inl.h
FN:54,_ZN4Napi7details12WrapCallbackIZNS_14RegisterModuleEP10napi_env__P12napi_value__PFNS_6ObjectENS_3EnvES6_EEUlvE_EES5_T_
FN:54,_ZN4Napi7details12WrapCallbackIZNS_10ObjectWrapI8GetdentsE26ConstructorCallbackWrapperEP10napi_env__P20napi_callback_info__EUlvE_EEP12napi_value__T_
FN:54,_ZN4Napi7details12WrapCallbackIZNS_10ObjectWrapI8GetdentsE29InstanceGetterCallbackWrapperEP10napi_env__P20napi_callback_info__EUlvE_EEP12napi_value__T_
FN:54,_ZN4Napi7details12WrapCallbackIZNS_10ObjectWrapI8GetdentsE29InstanceSetterCallbackWrapperEP10napi_env__P20napi_callback_info__EUlvE_EEP12napi_value__T_
FN:54,_ZN4Napi7details12WrapCallbackIZNS_11AsyncWorker14OnWorkCompleteEP10napi_env__11napi_statusPvEUlvE_EEP12napi_value__T_
FN:54,_ZN4Napi7details12WrapCallbackIZNS_10ObjectWrapI8GetdentsE33InstanceVoidMethodCallbackWrapperEP10napi_env__P20napi_callback_info__EUlvE_EEP12napi_value__T_
FN:54,_ZN4Napi7details12WrapCallbackIZNS_10ObjectWrapI8GetdentsE29InstanceMethodCallbackWrapperEP10napi_env__P20napi_callback_info__EUlvE_EEP12napi_value__T_
FN:167,_ZN4Napi14RegisterModuleEP10napi_env__P12napi_value__PFNS_6ObjectENS_3EnvES4_E
FN:170,_ZZN4Napi14RegisterModuleEP10napi_env__P12napi_value__PFNS_6ObjectENS_3EnvES4_EENKUlvE_clEv
FN:180,_ZN4Napi3EnvC2EP10napi_env__
FN:183,_ZNK4Napi3EnvcvP10napi_env__Ev
FN:194,_ZNK4Napi3Env9UndefinedEv
FN:201,_ZNK4Napi3Env4NullEv
FN:232,_ZN4Napi5ValueC2EP10napi_env__P12napi_value__
FN:235,_ZNK4Napi5ValuecvP12napi_value__Ev
FN:254,_ZNK4Napi5Value3EnvEv
FN:350,_ZNK4Napi5Value2AsINS_6StringEEET_v
FN:350,_ZNK4Napi5Value2AsINS_6NumberEEET_v
FN:350,_ZNK4Napi5Value2AsINS_6ObjectEEET_v
FN:350,_ZNK4Napi5Value2AsINS_6BufferIhEEEET_v
FN:350,_ZNK4Napi5Value2AsINS_8FunctionEEET_v
FN:414,_ZN4Napi6Number3NewEP10napi_env__d
FN:424,_ZN4Napi6NumberC2EP10napi_env__P12napi_value__
FN:431,_ZNK4Napi6NumbercvjEv
FN:454,_ZNK4Napi6Number11Uint32ValueEv
FN:486,_ZN4Napi4NameC2EP10napi_env__P12napi_value__
FN:532,_ZN4Napi6StringC2EP10napi_env__P12napi_value__
FN:535,_ZNK4Napi6StringcvNSt7__cxx1112basic_stringIcSt11char_traitsIcESaIcEEEEv
FN:543,_ZNK4Napi6String9Utf8ValueB5cxx11Ev
FN:621,_ZN4Napi6Object3NewEP10napi_env__
FN:631,_ZN4Napi6ObjectC2EP10napi_env__P12napi_value__
FN:697,_ZNK4Napi6Object3GetEPKc
FN:718,_ZN4Napi6Object3SetEPKcNS_5ValueE
FN:1223,_ZN4Napi8FunctionC2EP10napi_env__P12napi_value__
FN:1258,_ZNK4Napi8Function12MakeCallbackEP12napi_value__RKSt16initializer_listIS2_E
FN:1268,_ZNK4Napi8Function12MakeCallbackEP12napi_value__mPKS2_
FN:1376,_ZN4Napi6BufferIhEC2EP10napi_env__P12napi_value__
FN:1386,_ZNK4Napi6BufferIhE6LengthEv
FN:1392,_ZNK4Napi6BufferIhE4DataEv
FN:1398,_ZNK4Napi6BufferIhE10EnsureInfoEv
FN:1416,_ZN4Napi5Error3NewEP10napi_env__
FN:1474,_ZN4Napi5Error3NewEP10napi_env__RKNSt7__cxx1112basic_stringIcSt11char_traitsIcESaIcEEE
FN:1478,_ZN4Napi5Error5FatalEPKcS2_
FN:1485,_ZN4Napi5ErrorC2EP10napi_env__P12napi_value__
FN:1521,_ZNK4Napi5Error7MessageB5cxx11Ev
FN:1538,_ZNK4Napi5Error26ThrowAsJavaScriptExceptionEv
FN:1548,_ZNK4Napi5Error4whatEv
FN:1555,_ZN4Napi5Error3NewIS0_EET_P10napi_env__PKcmPF11napi_statusS4_P12napi_value__S9_PS9_E
FN:1603,_ZN4Napi9ReferenceINS_8FunctionEE3NewERKS1_j
FN:1603,_ZN4Napi9ReferenceINS_6ObjectEE3NewERKS1_j
FN:1603,_ZN4Napi9ReferenceINS_6BufferIhEEE3NewERKS2_j
FN:1620,_ZN4Napi9ReferenceINS_6ObjectEEC2Ev
FN:1624,_ZN4Napi9ReferenceINS_6ObjectEEC2EP10napi_env__P10napi_ref__
FN:1624,_ZN4Napi9ReferenceINS_8FunctionEEC2EP10napi_env__P10napi_ref__
FN:1624,_ZN4Napi9ReferenceINS_6BufferIhEEEC2EP10napi_env__P10napi_ref__
FN:1629,_ZN4Napi9ReferenceINS_6ObjectEED2Ev
FN:1629,_ZN4Napi9ReferenceINS_6BufferIhEEED2Ev
FN:1629,_ZN4Napi9ReferenceINS_8FunctionEED2Ev
FN:1640,_ZN4Napi9ReferenceINS_8FunctionEEC2EOS2_
FN:1640,_ZN4Napi9ReferenceINS_6ObjectEEC2EOS2_
FN:1648,_ZN4Napi9ReferenceINS_6ObjectEEaSEOS2_
FN:1695,_ZNK4Napi9ReferenceINS_6ObjectEE7IsEmptyEv
FN:1700,_ZNK4Napi9ReferenceINS_6ObjectEE5ValueEv
FN:1700,_ZNK4Napi9ReferenceINS_8FunctionEE5ValueEv
FN:1728,_ZN4Napi9ReferenceINS_6ObjectEE5ResetEv
FN:1767,_ZN4Napi10PersistentINS_6BufferIhEEEENS_9ReferenceIT_EES4_
FN:1771,_ZN4Napi10PersistentENS_6ObjectE
FN:1775,_ZN4Napi10PersistentENS_8FunctionE
FN:1786,_ZN4Napi15ObjectReferenceC2EP10napi_env__P10napi_ref__
FN:1789,_ZN4Napi15ObjectReferenceC2EONS_9ReferenceINS_6ObjectEEE
FN:1811,_ZNK4Napi15ObjectReference3GetEPKc
FN:1917,_ZN4Napi17FunctionReferenceC2EONS_9ReferenceINS_8FunctionEEE
FN:1963,_ZNK4Napi17FunctionReference12MakeCallbackEP12napi_value__RKSt16initializer_listIS2_E
FN:1989,_ZN4Napi12CallbackInfoC2EP10napi_env__P20napi_callback_info__
FN:2007,_ZN4Napi12CallbackInfoD2Ev
FN:2024,_ZNK4Napi12CallbackInfo3EnvEv
FN:2032,_ZNK4Napi12CallbackInfoixEm
FN:2036,_ZNK4Napi12CallbackInfo4ThisEv
FN:2043,_ZNK4Napi12CallbackInfo4DataEv
FN:2047,_ZN4Napi12CallbackInfo7SetDataEPv
FN:2286,_ZN4Napi10ObjectWrapI8GetdentsEC2ERKNS_12CallbackInfoE
FN:2300,_ZN4Napi10ObjectWrapI8GetdentsE6UnwrapENS_6ObjectE
FN:2308,_ZN4Napi10ObjectWrapI8GetdentsE11DefineClassENS_3EnvEPKcRKSt16initializer_listINS_23ClassPropertyDescriptorIS1_EEEPv
FN:2394,_ZN4Napi10ObjectWrapI8GetdentsE14InstanceMethodEPKcMS1_FvRKNS_12CallbackInfoEE24napi_property_attributesPv
FN:2412,_ZN4Napi10ObjectWrapI8GetdentsE14InstanceMethodEPKcMS1_FNS_5ValueERKNS_12CallbackInfoEE24napi_property_attributesPv
FN:2429,_ZN4Napi10ObjectWrapI8GetdentsE16InstanceAccessorEPKcMS1_FNS_5ValueERKNS_12CallbackInfoEEMS1_FvS8_RKS5_E24napi_property_attributesPv
FN:2449,_ZN4Napi10ObjectWrapI8GetdentsE11StaticValueEPKcNS_5ValueE24napi_property_attributes
FN:2471,_ZN4Napi10ObjectWrapI8GetdentsE26ConstructorCallbackWrapperEP10napi_env__P20napi_callback_info__
FN:2485,_ZZN4Napi10ObjectWrapI8GetdentsE26ConstructorCallbackWrapperEP10napi_env__P20napi_callback_info__ENKUlvE_clEv
FN:2549,_ZN4Napi10ObjectWrapI8GetdentsE33InstanceVoidMethodCallbackWrapperEP10napi_env__P20napi_callback_info__
FN:2552,_ZZN4Napi10ObjectWrapI8GetdentsE33InstanceVoidMethodCallbackWrapperEP10napi_env__P20napi_callback_info__ENKUlvE_clEv
FN:2565,_ZN4Napi10ObjectWrapI8GetdentsE29InstanceMethodCallbackWrapperEP10napi_env__P20napi_callback_info__
FN:2568,_ZZN4Napi10ObjectWrapI8GetdentsE29InstanceMethodCallbackWrapperEP10napi_env__P20napi_callback_info__ENKUlvE_clEv
FN:2580,_ZN4Napi10ObjectWrapI8GetdentsE29InstanceGetterCallbackWrapperEP10napi_env__P20napi_callback_info__
FN:2583,_ZZN4Napi10ObjectWrapI8GetdentsE29InstanceGetterCallbackWrapperEP10napi_env__P20napi_callback_info__ENKUlvE_clEv
FN:2595,_ZN4Napi10ObjectWrapI8GetdentsE29InstanceSetterCallbackWrapperEP10napi_env__P20napi_callback_info__
FN:2598,_ZZN4Napi10ObjectWrapI8GetdentsE29InstanceSetterCallbackWrapperEP10napi_env__P20napi_callback_info__ENKUlvE_clEv
FN:2611,_ZN4Napi10ObjectWrapI8GetdentsE16FinalizeCallbackEP10napi_env__PvS5_
FN:2624,_ZN4Napi11HandleScopeC2ENS_3EnvE
FN:2629,_ZN4Napi11HandleScopeD2Ev
FN:2649,_ZN4Napi20EscapableHandleScopeC2ENS_3EnvE
FN:2654,_ZN4Napi20EscapableHandleScopeD2Ev
FN:2666,_ZN4Napi20EscapableHandleScope6EscapeEP12napi_value__
FN:2677,_ZN4Napi11AsyncWorkerC2ERKNS_8FunctionE
FN:2681,_ZN4Napi11AsyncWorkerC2ERKNS_6ObjectERKNS_8FunctionE
FN:2696,_ZN4Napi11AsyncWorkerD0Ev
FN:2696,_ZN4Napi11AsyncWorkerD2Ev
FN:2728,_ZNK4Napi11AsyncWorker3EnvEv
FN:2732,_ZN4Napi11AsyncWorker5QueueEv
FN:2742,_ZN4Napi11AsyncWorker8ReceiverEv
FN:2746,_ZN4Napi11AsyncWorker8CallbackEv
FN:2750,_ZN4Napi11AsyncWorker4OnOKEv
FN:2754,_ZN4Napi11AsyncWorker7OnErrorERKNS_5ErrorE
FN:2758,_ZN4Napi11AsyncWorker8SetErrorERKNSt7__cxx1112basic_stringIcSt11char_traitsIcESaIcEEE
FN:2762,_ZN4Napi11AsyncWorker9OnExecuteEP10napi_env__Pv
FN:2775,_ZN4Napi11AsyncWorker14OnWorkCompleteEP10napi_env__11napi_statusPv
FN:2780,_ZZN4Napi11AsyncWorker14OnWorkCompleteEP10napi_env__11napi_statusPvENKUlvE_clEv
FNDA:2,_ZN4Napi7details12WrapCallbackIZNS_10ObjectWrapI8GetdentsE26ConstructorCallbackWrapperEP10napi_env__P20napi_callback_info__EUlvE_EEP12napi_value__T_
FNDA:14,_ZN4Napi7details12WrapCallbackIZNS_10ObjectWrapI8GetdentsE29InstanceSetterCallbackWrapperEP10napi_env__P20napi_callback_info__EUlvE_EEP12napi_value__T_
FNDA:8,_ZN4Napi7details12WrapCallbackIZNS_10ObjectWrapI8GetdentsE29InstanceGetterCallbackWrapperEP10napi_env__P20napi_callback_info__EUlvE_EEP12napi_value__T_
FNDA:9,_ZN4Napi7details12WrapCallbackIZNS_10ObjectWrapI8GetdentsE29InstanceMethodCallbackWrapperEP10napi_env__P20napi_callback_info__EUlvE_EEP12napi_value__T_
FNDA:9,_ZN4Napi7details12WrapCallbackIZNS_10ObjectWrapI8GetdentsE33InstanceVoidMethodCallbackWrapperEP10napi_env__P20napi_callback_info__EUlvE_EEP12napi_value__T_
FNDA:9,_ZN4Napi7details12WrapCallbackIZNS_11AsyncWorker14OnWorkCompleteEP10napi_env__11napi_statusPvEUlvE_EEP12napi_value__T_
FNDA:1,_ZN4Napi7details12WrapCallbackIZNS_14RegisterModuleEP10napi_env__P12napi_value__PFNS_6ObjectENS_3EnvES6_EEUlvE_EES5_T_
FNDA:1,_ZN4Napi14RegisterModuleEP10napi_env__P12napi_value__PFNS_6ObjectENS_3EnvES4_E
FNDA:1,_ZZN4Napi14RegisterModuleEP10napi_env__P12napi_value__PFNS_6ObjectENS_3EnvES4_EENKUlvE_clEv
FNDA:143,_ZN4Napi3EnvC2EP10napi_env__
FNDA:169,_ZNK4Napi3EnvcvP10napi_env__Ev
FNDA:0,_ZNK4Napi3Env9UndefinedEv
FNDA:7,_ZNK4Napi3Env4NullEv
FNDA:266,_ZN4Napi5ValueC2EP10napi_env__P12napi_value__
FNDA:180,_ZNK4Napi5ValuecvP12napi_value__Ev
FNDA:94,_ZNK4Napi5Value3EnvEv
FNDA:14,_ZNK4Napi5Value2AsINS_6NumberEEET_v
FNDA:9,_ZNK4Napi5Value2AsINS_8FunctionEEET_v
FNDA:18,_ZNK4Napi5Value2AsINS_6BufferIhEEEET_v
FNDA:40,_ZNK4Napi5Value2AsINS_6ObjectEEET_v
FNDA:0,_ZNK4Napi5Value2AsINS_6StringEEET_v
FNDA:33,_ZN4Napi6Number3NewEP10napi_env__d
FNDA:47,_ZN4Napi6NumberC2EP10napi_env__P12napi_value__
FNDA:14,_ZNK4Napi6NumbercvjEv
FNDA:14,_ZNK4Napi6Number11Uint32ValueEv
FNDA:0,_ZN4Napi4NameC2EP10napi_env__P12napi_value__
FNDA:0,_ZN4Napi6StringC2EP10napi_env__P12napi_value__
FNDA:0,_ZNK4Napi6StringcvNSt7__cxx1112basic_stringIcSt11char_traitsIcESaIcEEEEv
FNDA:0,_ZNK4Napi6String9Utf8ValueB5cxx11Ev
FNDA:9,_ZN4Napi6Object3NewEP10napi_env__
FNDA:153,_ZN4Napi6ObjectC2EP10napi_env__P12napi_value__
FNDA:0,_ZNK4Napi6Object3GetEPKc
FNDA:1,_ZN4Napi6Object3SetEPKcNS_5ValueE
FNDA:19,_ZN4Napi8FunctionC2EP10napi_env__P12napi_value__
FNDA:9,_ZNK4Napi8Function12MakeCallbackEP12napi_value__RKSt16initializer_listIS2_E
FNDA:9,_ZNK4Napi8Function12MakeCallbackEP12napi_value__mPKS2_
FNDA:18,_ZN4Napi6BufferIhEC2EP10napi_env__P12napi_value__
FNDA:18,_ZNK4Napi6BufferIhE6LengthEv
FNDA:18,_ZNK4Napi6BufferIhE4DataEv
FNDA:36,_ZNK4Napi6BufferIhE10EnsureInfoEv
FNDA:0,_ZN4Napi5Error3NewEP10napi_env__
FNDA:4,_ZN4Napi5Error3NewEP10napi_env__RKNSt7__cxx1112basic_stringIcSt11char_traitsIcESaIcEEE
FNDA:0,_ZN4Napi5Error5FatalEPKcS2_
FNDA:4,_ZN4Napi5ErrorC2EP10napi_env__P12napi_value__
FNDA:0,_ZNK4Napi5Error7MessageB5cxx11Ev
FNDA:2,_ZNK4Napi5Error26ThrowAsJavaScriptExceptionEv
FNDA:0,_ZNK4Napi5Error4whatEv
FNDA:4,_ZN4Napi5Error3NewIS0_EET_P10napi_env__PKcmPF11napi_statusS4_P12napi_value__S9_PS9_E
FNDA:9,_ZN4Napi9ReferenceINS_6BufferIhEEE3NewERKS2_j
FNDA:9,_ZN4Napi9ReferenceINS_8FunctionEE3NewERKS1_j
FNDA:18,_ZN4Napi9ReferenceINS_6ObjectEE3NewERKS1_j
FNDA:2,_ZN4Napi9ReferenceINS_6ObjectEEC2Ev
FNDA:9,_ZN4Napi9ReferenceINS_6BufferIhEEEC2EP10napi_env__P10napi_ref__
FNDA:9,_ZN4Napi9ReferenceINS_8FunctionEEC2EP10napi_env__P10napi_ref__
FNDA:24,_ZN4Napi9ReferenceINS_6ObjectEEC2EP10napi_env__P10napi_ref__
FNDA:9,_ZN4Napi9ReferenceINS_6BufferIhEEED2Ev
FNDA:18,_ZN4Napi9ReferenceINS_8FunctionEED2Ev
FNDA:42,_ZN4Napi9ReferenceINS_6ObjectEED2Ev
FNDA:9,_ZN4Napi9ReferenceINS_8FunctionEEC2EOS2_
FNDA:18,_ZN4Napi9ReferenceINS_6ObjectEEC2EOS2_
FNDA:2,_ZN4Napi9ReferenceINS_6ObjectEEaSEOS2_
FNDA:2,_ZNK4Napi9ReferenceINS_6ObjectEE7IsEmptyEv
FNDA:9,_ZNK4Napi9ReferenceINS_8FunctionEE5ValueEv
FNDA:22,_ZNK4Napi9ReferenceINS_6ObjectEE5ValueEv
FNDA:2,_ZN4Napi9ReferenceINS_6ObjectEE5ResetEv
FNDA:9,_ZN4Napi10PersistentINS_6BufferIhEEEENS_9ReferenceIT_EES4_
FNDA:18,_ZN4Napi10PersistentENS_6ObjectE
FNDA:9,_ZN4Napi10PersistentENS_8FunctionE
FNDA:4,_ZN4Napi15ObjectReferenceC2EP10napi_env__P10napi_ref__
FNDA:18,_ZN4Napi15ObjectReferenceC2EONS_9ReferenceINS_6ObjectEEE
FNDA:0,_ZNK4Napi15ObjectReference3GetEPKc
FNDA:9,_ZN4Napi17FunctionReferenceC2EONS_9ReferenceINS_8FunctionEEE
FNDA:9,_ZNK4Napi17FunctionReference12MakeCallbackEP12napi_value__RKSt16initializer_listIS2_E
FNDA:42,_ZN4Napi12CallbackInfoC2EP10napi_env__P20napi_callback_info__
FNDA:42,_ZN4Napi12CallbackInfoD2Ev
FNDA:19,_ZNK4Napi12CallbackInfo3EnvEv
FNDA:41,_ZNK4Napi12CallbackInfoixEm
FNDA:44,_ZNK4Napi12CallbackInfo4ThisEv
FNDA:40,_ZNK4Napi12CallbackInfo4DataEv
FNDA:40,_ZN4Napi12CallbackInfo7SetDataEPv
FNDA:2,_ZN4Napi10ObjectWrapI8GetdentsEC2ERKNS_12CallbackInfoE
FNDA:40,_ZN4Napi10ObjectWrapI8GetdentsE6UnwrapENS_6ObjectE
FNDA:1,_ZN4Napi10ObjectWrapI8GetdentsE11DefineClassENS_3EnvEPKcRKSt16initializer_listINS_23ClassPropertyDescriptorIS1_EEEPv
FNDA:1,_ZN4Napi10ObjectWrapI8GetdentsE14InstanceMethodEPKcMS1_FvRKNS_12CallbackInfoEE24napi_property_attributesPv
FNDA:1,_ZN4Napi10ObjectWrapI8GetdentsE14InstanceMethodEPKcMS1_FNS_5ValueERKNS_12CallbackInfoEE24napi_property_attributesPv
FNDA:1,_ZN4Napi10ObjectWrapI8GetdentsE16InstanceAccessorEPKcMS1_FNS_5ValueERKNS_12CallbackInfoEEMS1_FvS8_RKS5_E24napi_property_attributesPv
FNDA:9,_ZN4Napi10ObjectWrapI8GetdentsE11StaticValueEPKcNS_5ValueE24napi_property_attributes
FNDA:2,_ZN4Napi10ObjectWrapI8GetdentsE26ConstructorCallbackWrapperEP10napi_env__P20napi_callback_info__
FNDA:2,_ZZN4Napi10ObjectWrapI8GetdentsE26ConstructorCallbackWrapperEP10napi_env__P20napi_callback_info__ENKUlvE_clEv
FNDA:9,_ZN4Napi10ObjectWrapI8GetdentsE33InstanceVoidMethodCallbackWrapperEP10napi_env__P20napi_callback_info__
FNDA:9,_ZZN4Napi10ObjectWrapI8GetdentsE33InstanceVoidMethodCallbackWrapperEP10napi_env__P20napi_callback_info__ENKUlvE_clEv
FNDA:9,_ZN4Napi10ObjectWrapI8GetdentsE29InstanceMethodCallbackWrapperEP10napi_env__P20napi_callback_info__
FNDA:9,_ZZN4Napi10ObjectWrapI8GetdentsE29InstanceMethodCallbackWrapperEP10napi_env__P20napi_callback_info__ENKUlvE_clEv
FNDA:8,_ZN4Napi10ObjectWrapI8GetdentsE29InstanceGetterCallbackWrapperEP10napi_env__P20napi_callback_info__
FNDA:8,_ZZN4Napi10ObjectWrapI8GetdentsE29InstanceGetterCallbackWrapperEP10napi_env__P20napi_callback_info__ENKUlvE_clEv
FNDA:14,_ZN4Napi10ObjectWrapI8GetdentsE29InstanceSetterCallbackWrapperEP10napi_env__P20napi_callback_info__
FNDA:14,_ZZN4Napi10ObjectWrapI8GetdentsE29InstanceSetterCallbackWrapperEP10napi_env__P20napi_callback_info__ENKUlvE_clEv
FNDA:0,_ZN4Napi10ObjectWrapI8GetdentsE16FinalizeCallbackEP10napi_env__PvS5_
FNDA:11,_ZN4Napi11HandleScopeC2ENS_3EnvE
FNDA:11,_ZN4Napi11HandleScopeD2Ev
FNDA:9,_ZN4Napi20EscapableHandleScopeC2ENS_3EnvE
FNDA:9,_ZN4Napi20EscapableHandleScopeD2Ev
FNDA:9,_ZN4Napi20EscapableHandleScope6EscapeEP12napi_value__
FNDA:9,_ZN4Napi11AsyncWorkerC2ERKNS_8FunctionE
FNDA:9,_ZN4Napi11AsyncWorkerC2ERKNS_6ObjectERKNS_8FunctionE
FNDA:0,_ZN4Napi11AsyncWorkerD0Ev
FNDA:9,_ZN4Napi11AsyncWorkerD2Ev
FNDA:9,_ZNK4Napi11AsyncWorker3EnvEv
FNDA:9,_ZN4Napi11AsyncWorker5QueueEv
FNDA:9,_ZN4Napi11AsyncWorker8ReceiverEv
FNDA:9,_ZN4Napi11AsyncWorker8CallbackEv
FNDA:0,_ZN4Napi11AsyncWorker4OnOKEv
FNDA:0,_ZN4Napi11AsyncWorker7OnErrorERKNS_5ErrorE
FNDA:0,_ZN4Napi11AsyncWorker8SetErrorERKNSt7__cxx1112basic_stringIcSt11char_traitsIcESaIcEEE
FNDA:9,_ZN4Napi11AsyncWorker9OnExecuteEP10napi_env__Pv
FNDA:9,_ZN4Napi11AsyncWorker14OnWorkCompleteEP10napi_env__11napi_statusPv
FNDA:9,_ZZN4Napi11AsyncWorker14OnWorkCompleteEP10napi_env__11napi_statusPvENKUlvE_clEv
FNF:117
FNH:100
DA:54,52
DA:57,52
DA:58,4
DA:59,2
DA:60,2
DA:167,1
DA:170,2
DA:171,3
DA:172,1
DA:173,3
DA:180,143
DA:181,143
DA:183,169
DA:184,169
DA:194,0
DA:196,0
DA:197,0
DA:198,0
DA:201,7
DA:203,7
DA:204,7
DA:205,7
DA:232,266
DA:233,266
DA:235,180
DA:236,180
DA:254,94
DA:255,94
DA:350,81
DA:351,81
DA:414,33
DA:416,33
DA:417,33
DA:418,33
DA:424,47
DA:425,47
DA:431,14
DA:432,14
DA:454,14
DA:456,14
DA:457,14
DA:458,14
DA:486,0
DA:487,0
DA:532,0
DA:533,0
DA:535,0
DA:536,0
DA:543,0
DA:545,0
DA:546,0
DA:548,0
DA:549,0
DA:550,0
DA:551,0
DA:552,0
DA:553,0
DA:621,9
DA:623,9
DA:624,9
DA:625,9
DA:631,153
DA:632,153
DA:697,0
DA:699,0
DA:700,0
DA:701,0
DA:718,1
DA:719,1
DA:720,1
DA:721,1
DA:1223,19
DA:1224,19
DA:1258,9
DA:1260,9
DA:1268,9
DA:1271,9
DA:1272,18
DA:1273,9
DA:1274,9
DA:1376,18
DA:1377,18
DA:1378,18
DA:1386,18
DA:1387,18
DA:1388,18
DA:1392,18
DA:1393,18
DA:1394,18
DA:1398,36
DA:1402,36
DA:1405,18
DA:1406,18
DA:1407,18
DA:1408,18
DA:1410,36
DA:1416,0
DA:1418,0
DA:1421,0
DA:1422,0
DA:1424,0
DA:1425,0
DA:1426,0
DA:1427,0
DA:1430,0
DA:1431,0
DA:1434,0
DA:1435,0
DA:1437,0
DA:1438,0
DA:1439,0
DA:1443,0
DA:1448,0
DA:1450,0
DA:1451,0
DA:1452,0
DA:1456,0
DA:1457,0
DA:1458,0
DA:1459,0
DA:1460,0
DA:1462,0
DA:1467,0
DA:1474,4
DA:1475,4
DA:1478,0
DA:1479,0
DA:1485,4
DA:1486,4
DA:1487,4
DA:1491,4
DA:1493,4
DA:1521,0
DA:1522,0
DA:1525,0
DA:1527,0
DA:1535,0
DA:1538,2
DA:1539,4
DA:1540,2
DA:1541,2
DA:1542,2
DA:1544,2
DA:1548,0
DA:1549,0
DA:1555,4
DA:1560,4
DA:1561,4
DA:1564,4
DA:1565,4
DA:1567,4
DA:1603,36
DA:1604,36
DA:1605,36
DA:1607,36
DA:1608,0
DA:1612,36
DA:1613,36
DA:1615,36
DA:1620,2
DA:1621,2
DA:1624,42
DA:1625,42
DA:1626,42
DA:1629,69
DA:1630,69
DA:1631,40
DA:1632,40
DA:1635,40
DA:1637,69
DA:1640,27
DA:1641,27
DA:1642,27
DA:1643,27
DA:1644,27
DA:1645,27
DA:1648,2
DA:1649,2
DA:1650,2
DA:1651,2
DA:1652,2
DA:1653,2
DA:1654,2
DA:1655,2
DA:1656,2
DA:1695,2
DA:1696,2
DA:1700,31
DA:1701,31
DA:1702,0
DA:1706,31
DA:1707,31
DA:1708,31
DA:1728,2
DA:1729,2
DA:1730,0
DA:1731,0
DA:1732,0
DA:1734,2
DA:1767,9
DA:1768,9
DA:1771,18
DA:1772,18
DA:1775,9
DA:1776,9
DA:1786,4
DA:1787,4
DA:1789,18
DA:1790,18
DA:1791,18
DA:1811,0
DA:1812,0
DA:1813,0
DA:1917,9
DA:1918,9
DA:1919,9
DA:1963,9
DA:1965,18
DA:1966,18
DA:1989,42
DA:1990,42
DA:1991,42
DA:1992,42
DA:1993,42
DA:1994,42
DA:1996,42
DA:1999,0
DA:2000,0
DA:2002,0
DA:2003,0
DA:2005,42
DA:2007,84
DA:2008,42
DA:2009,0
DA:2011,42
DA:2024,19
DA:2025,19
DA:2032,41
DA:2033,41
DA:2036,44
DA:2037,44
DA:2038,0
DA:2040,44
DA:2043,40
DA:2044,40
DA:2047,40
DA:2048,40
DA:2049,40
DA:2286,2
DA:2287,2
DA:2288,2
DA:2291,2
DA:2292,2
DA:2293,2
DA:2295,2
DA:2296,2
DA:2297,2
DA:2300,40
DA:2302,40
DA:2303,40
DA:2304,40
DA:2308,1
DA:2314,1
DA:2317,1
DA:2318,1
DA:2320,1
DA:2394,1
DA:2400,1
DA:2401,1
DA:2403,1
DA:2404,1
DA:2405,1
DA:2406,1
DA:2407,1
DA:2408,1
DA:2412,1
DA:2418,1
DA:2420,1
DA:2421,1
DA:2422,1
DA:2423,1
DA:2424,1
DA:2425,1
DA:2429,1
DA:2436,1
DA:2437,1
DA:2439,1
DA:2440,1
DA:2441,1
DA:2442,1
DA:2443,1
DA:2444,1
DA:2445,1
DA:2449,9
DA:2451,9
DA:2452,9
DA:2453,9
DA:2454,9
DA:2455,9
DA:2471,2
DA:2475,2
DA:2476,2
DA:2478,2
DA:2479,2
DA:2480,0
DA:2481,0
DA:2485,4
DA:2486,4
DA:2487,2
DA:2488,4
DA:2491,2
DA:2549,9
DA:2552,18
DA:2553,18
DA:2554,9
DA:2556,9
DA:2557,9
DA:2558,9
DA:2559,9
DA:2560,18
DA:2561,9
DA:2565,9
DA:2568,18
DA:2569,18
DA:2570,9
DA:2572,9
DA:2573,9
DA:2574,9
DA:2575,16
DA:2576,9
DA:2580,8
DA:2583,16
DA:2584,16
DA:2585,8
DA:2587,8
DA:2588,8
DA:2589,8
DA:2590,16
DA:2591,8
DA:2595,14
DA:2598,28
DA:2599,28
DA:2600,14
DA:2602,14
DA:2603,14
DA:2604,14
DA:2605,14
DA:2606,28
DA:2607,14
DA:2611,0
DA:2612,0
DA:2613,0
DA:2614,0
DA:2624,11
DA:2625,11
DA:2626,11
DA:2627,11
DA:2629,22
DA:2630,11
DA:2631,11
DA:2649,9
DA:2650,9
DA:2651,9
DA:2652,9
DA:2654,18
DA:2655,9
DA:2656,9
DA:2666,9
DA:2668,9
DA:2669,9
DA:2670,9
DA:2677,9
DA:2678,9
DA:2679,9
DA:2681,9
DA:2682,18
DA:2684,27
DA:2687,9
DA:2688,9
DA:2689,9
DA:2691,9
DA:2693,9
DA:2694,9
DA:2696,18
DA:2697,9
DA:2698,9
DA:2699,9
DA:2701,9
DA:2728,9
DA:2729,9
DA:2732,9
DA:2733,9
DA:2734,9
DA:2735,9
DA:2742,9
DA:2743,9
DA:2746,9
DA:2747,9
DA:2750,0
DA:2751,0
DA:2752,0
DA:2754,0
DA:2755,0
DA:2756,0
DA:2758,0
DA:2759,0
DA:2760,0
DA:2762,9
DA:2763,9
DA:2766,9
DA:2767,0
DA:2768,0
DA:2773,9
DA:2775,9
DA:2777,9
DA:2778,9
DA:2779,18
DA:2780,18
DA:2781,27
DA:2782,27
DA:2785,0
DA:2787,9
DA:2790,9
DA:2791,9
LF:424
LH:333
end_of_record
SF:/home/david/getdents/node_modules/node-addon-api/napi.h
FN:900,_ZN4Napi15ObjectReferenceD2Ev
FN:937,_ZN4Napi17FunctionReferenceD2Ev
FN:1062,_ZN4Napi5ErrorD0Ev
FN:1062,_ZN4Napi5ErrorD2Ev
FN:1249,_ZN4Napi23ClassPropertyDescriptorI8GetdentsEC2E24napi_property_descriptor
FN:1284,_ZN4Napi10ObjectWrapI8GetdentsED2Ev
FNDA:22,_ZN4Napi15ObjectReferenceD2Ev
FNDA:9,_ZN4Napi17FunctionReferenceD2Ev
FNDA:0,_ZN4Napi5ErrorD0Ev
FNDA:4,_ZN4Napi5ErrorD2Ev
FNDA:12,_ZN4Napi23ClassPropertyDescriptorI8GetdentsEC2E24napi_property_descriptor
FNDA:0,_ZN4Napi10ObjectWrapI8GetdentsED2Ev
FNF:6
FNH:4
DA:900,22
DA:937,9
DA:1062,4
DA:1249,12
DA:1284,0
LF:5
LH:4
end_of_record
SF:/usr/include/c++/7/bits/basic_string.h
FN:139,_ZNSt7__cxx1112basic_stringIcSt11char_traitsIcESaIcEE12_Alloc_hiderD2Ev
FN:232,_ZNSt7__cxx1112basic_stringIcSt11char_traitsIcESaIcEE16_M_construct_auxIPcEEvT_S7_St12__false_type
FN:252,_ZNSt7__cxx1112basic_stringIcSt11char_traitsIcESaIcEE12_M_constructIPcEEvT_S7_
FN:604,_ZNSt7__cxx1112basic_stringIcSt11char_traitsIcESaIcEEC2IPcvEET_S7_RKS3_
FN:5953,_ZStplIcSt11char_traitsIcESaIcEENSt7__cxx1112basic_stringIT_T0_T1_EEOS8_S9_
FN:5977,_ZStplIcSt11char_traitsIcESaIcEENSt7__cxx1112basic_stringIT_T0_T1_EEOS8_PKS5_
FN:6402,_ZNSt7__cxx119to_stringEi
FNDA:0,_ZNSt7__cxx1112basic_stringIcSt11char_traitsIcESaIcEE12_Alloc_hiderD2Ev
FNDA:0,_ZNSt7__cxx1112basic_stringIcSt11char_traitsIcESaIcEE16_M_construct_auxIPcEEvT_S7_St12__false_type
FNDA:0,_ZNSt7__cxx1112basic_stringIcSt11char_traitsIcESaIcEE12_M_constructIPcEEvT_S7_
FNDA:0,_ZNSt7__cxx1112basic_stringIcSt11char_traitsIcESaIcEEC2IPcvEET_S7_RKS3_
FNDA:4,_ZStplIcSt11char_traitsIcESaIcEENSt7__cxx1112basic_stringIT_T0_T1_EEOS8_S9_
FNDA:4,_ZStplIcSt11char_traitsIcESaIcEENSt7__cxx1112basic_stringIT_T0_T1_EEOS8_PKS5_
FNDA:0,_ZNSt7__cxx119to_stringEi
FNF:7
FNH:2
DA:139,0
DA:232,0
DA:236,0
DA:237,0
DA:252,0
DA:255,0
DA:256,0
DA:604,0
DA:606,0
DA:607,0
DA:5953,4
DA:5956,4
DA:5957,8
DA:5958,4
DA:5959,0
DA:5960,4
DA:5977,4
DA:5979,4
DA:6402,0
DA:6404,0
LF:20
LH:7
end_of_record
SF:/usr/include/c++/7/bits/basic_string.tcc
FN:206,_ZNSt7__cxx1112basic_stringIcSt11char_traitsIcESaIcEE12_M_constructIPcEEvT_S7_St20forward_iterator_tag
FNDA:0,_ZNSt7__cxx1112basic_stringIcSt11char_traitsIcESaIcEE12_M_constructIPcEEvT_S7_St20forward_iterator_tag
FNF:1
FNH:0
DA:206,0
DA:211,0
DA:212,0
DA:215,0
DA:217,0
DA:219,0
DA:220,0
DA:225,0
DA:226,0
DA:228,0
DA:229,0
DA:232,0
DA:233,0
LF:13
LH:0
end_of_record
SF:/usr/include/c++/7/bits/exception.h
FN:63,_ZNSt9exceptionC2Ev
FNDA:4,_ZNSt9exceptionC2Ev
FNF:1
FNH:1
DA:63,4
LF:1
LH:1
end_of_record
SF:/usr/include/c++/7/bits/move.h
FN:98,_ZSt4moveIRNSt7__cxx1112basic_stringIcSt11char_traitsIcESaIcEEEEONSt16remove_referenceIT_E4typeEOS8_
FN:98,_ZSt4moveIRN4Napi9ReferenceINS0_8FunctionEEEEONSt16remove_referenceIT_E4typeEOS6_
FN:98,_ZSt4moveIRN4Napi9ReferenceINS0_6ObjectEEEEONSt16remove_referenceIT_E4typeEOS6_
FNDA:8,_ZSt4moveIRNSt7__cxx1112basic_stringIcSt11char_traitsIcESaIcEEEEONSt16remove_referenceIT_E4typeEOS8_
FNDA:9,_ZSt4moveIRN4Napi9ReferenceINS0_8FunctionEEEEONSt16remove_referenceIT_E4typeEOS6_
FNDA:18,_ZSt4moveIRN4Napi9ReferenceINS0_6ObjectEEEEONSt16remove_referenceIT_E4typeEOS6_
FNF:3
FNH:3
DA:98,35
DA:99,35
LF:2
LH:2
end_of_record
SF:/usr/include/c++/7/bits/stl_iterator_base_funcs.h
FN:98,_ZSt10__distanceIPcENSt15iterator_traitsIT_E15difference_typeES2_S2_St26random_access_iterator_tag
FN:138,_ZSt8distanceIPcENSt15iterator_traitsIT_E15difference_typeES2_S2_
FNDA:0,_ZSt10__distanceIPcENSt15iterator_traitsIT_E15difference_typeES2_S2_St26random_access_iterator_tag
FNDA:0,_ZSt8distanceIPcENSt15iterator_traitsIT_E15difference_typeES2_S2_
FNF:2
FNH:0
DA:98,0
DA:104,0
DA:138,0
DA:141,0
DA:142,0
LF:5
LH:0
end_of_record
SF:/usr/include/c++/7/bits/stl_iterator_base_types.h
FN:205,_ZSt19__iterator_categoryIPcENSt15iterator_traitsIT_E17iterator_categoryERKS2_
FNDA:0,_ZSt19__iterator_categoryIPcENSt15iterator_traitsIT_E17iterator_categoryERKS2_
FNF:1
FNH:0
DA:205,0
DA:206,0
LF:2
LH:0
end_of_record
SF:/usr/include/c++/7/ext/string_conversions.h
FN:99,_ZN9__gnu_cxx12__to_xstringINSt7__cxx1112basic_stringIcSt11char_traitsIcESaIcEEEcEET_PFiPT0_mPKS8_P13__va_list_tagEmSB_z
FNDA:0,_ZN9__gnu_cxx12__to_xstringINSt7__cxx1112basic_stringIcSt11char_traitsIcESaIcEEEcEET_PFiPT0_mPKS8_P13__va_list_tagEmSB_z
FNF:1
FNH:0
DA:99,0
DA:105,0
DA:109,0
DA:111,0
DA:113,0
DA:115,0
LF:6
LH:0
end_of_record
SF:/usr/include/c++/7/ext/type_traits.h
FN:152,_ZN9__gnu_cxx17__is_null_pointerIcEEbPT_
FNDA:0,_ZN9__gnu_cxx17__is_null_pointerIcEEbPT_
FNF:1
FNH:0
DA:152,0
DA:153,0
LF:2
LH:0
end_of_record
SF:/usr/include/c++/7/initializer_list
FN:66,_ZNSt16initializer_listIP12napi_value__EC1Ev
FN:71,_ZNKSt16initializer_listIN4Napi23ClassPropertyDescriptorI8GetdentsEEE4sizeEv
FN:71,_ZNKSt16initializer_listIP12napi_value__E4sizeEv
FN:75,_ZNKSt16initializer_listIP12napi_value__E5beginEv
FN:75,_ZNKSt16initializer_listIN4Napi23ClassPropertyDescriptorI8GetdentsEEE5beginEv
FNDA:0,_ZNSt16initializer_listIP12napi_value__EC1Ev
FNDA:1,_ZNKSt16initializer_listIN4Napi23ClassPropertyDescriptorI8GetdentsEEE4sizeEv
FNDA:9,_ZNKSt16initializer_listIP12napi_value__E4sizeEv
FNDA:1,_ZNKSt16initializer_listIN4Napi23ClassPropertyDescriptorI8GetdentsEEE5beginEv
FNDA:9,_ZNKSt16initializer_listIP12napi_value__E5beginEv
FNF:5
FNH:4
DA:66,0
DA:67,0
DA:71,10
DA:75,10
LF:4
LH:2
end_of_record
SF:/home/david/getdents/src/getdents.cc
FN:28,_ZN8GetdentsC2ERKN4Napi12CallbackInfoE
FN:40,_Z10ErrnoErrorRKN4Napi3EnvEiPKc
FN:50,_Z18GetdentsErrnoErrorRKN4Napi3EnvEi
FN:55,_ZN8Getdents8NextSyncEPhj
FN:60,_ZN8Getdents8NextSyncERKN4Napi12CallbackInfoE
FN:71,_ZN19GetdentsAsyncWorkerD2Ev
FN:71,_ZN19GetdentsAsyncWorkerD0Ev
FN:74,_ZN19GetdentsAsyncWorkerC2EP8GetdentsRKN4Napi8FunctionERKNS2_6BufferIhEE
FN:87,_ZN19GetdentsAsyncWorker7ExecuteEv
FN:96,_ZN19GetdentsAsyncWorker4OnOKEv
FN:118,_ZN8Getdents4NextERKN4Napi12CallbackInfoE
FN:126,_ZN8Getdents5GetFDERKN4Napi12CallbackInfoE
FN:131,_ZN8Getdents5SetFDERKN4Napi12CallbackInfoERKNS0_5ValueE
FN:136,_ZN8Getdents10InitializeEN4Napi3EnvENS0_6ObjectE
FN:157,_Z10InitializeN4Napi3EnvENS_6ObjectE
FN:162,_Z17__napi_InitializeP10napi_env__P12napi_value__
FN:162,_register_getdents
FNDA:2,_ZN8GetdentsC2ERKN4Napi12CallbackInfoE
FNDA:4,_Z10ErrnoErrorRKN4Napi3EnvEiPKc
FNDA:4,_Z18GetdentsErrnoErrorRKN4Napi3EnvEi
FNDA:18,_ZN8Getdents8NextSyncEPhj
FNDA:9,_ZN8Getdents8NextSyncERKN4Napi12CallbackInfoE
FNDA:9,_ZN19GetdentsAsyncWorkerD0Ev
FNDA:9,_ZN19GetdentsAsyncWorkerD2Ev
FNDA:9,_ZN19GetdentsAsyncWorkerC2EP8GetdentsRKN4Napi8FunctionERKNS2_6BufferIhEE
FNDA:9,_ZN19GetdentsAsyncWorker7ExecuteEv
FNDA:9,_ZN19GetdentsAsyncWorker4OnOKEv
FNDA:9,_ZN8Getdents4NextERKN4Napi12CallbackInfoE
FNDA:8,_ZN8Getdents5GetFDERKN4Napi12CallbackInfoE
FNDA:14,_ZN8Getdents5SetFDERKN4Napi12CallbackInfoERKNS0_5ValueE
FNDA:1,_ZN8Getdents10InitializeEN4Napi3EnvENS0_6ObjectE
FNDA:1,_Z10InitializeN4Napi3EnvENS_6ObjectE
FNDA:1,_register_getdents
FNDA:1,_Z17__napi_InitializeP10napi_env__P12napi_value__
FNF:17
FNH:17
DA:28,2
DA:30,2
DA:32,2
DA:40,4
DA:42,4
DA:43,4
DA:47,4
DA:50,4
DA:52,4
DA:55,18
DA:57,18
DA:60,9
DA:62,9
DA:63,9
DA:64,9
DA:66,2
DA:68,7
DA:71,18
DA:74,9
DA:76,9
DA:81,9
DA:82,18
DA:84,9
DA:87,9
DA:89,9
DA:90,9
DA:92,2
DA:94,9
DA:96,9
DA:98,9
DA:100,18
DA:101,18
DA:102,27
DA:104,18
DA:105,18
DA:106,27
DA:107,9
DA:118,9
DA:121,18
DA:122,27
DA:123,27
DA:124,9
DA:126,8
DA:128,8
DA:131,14
DA:133,14
DA:134,14
DA:136,1
DA:138,1
DA:140,1
DA:141,1
DA:142,1
DA:143,2
DA:144,2
DA:145,2
DA:146,2
DA:147,2
DA:148,2
DA:149,2
DA:150,2
DA:151,2
DA:152,13
DA:154,1
DA:157,1
DA:159,1
DA:162,2
LF:66
LH:66
end_of_record
