TN:
SF:/home/david/getdents/lib/getdents.js
FN:9,(anonymous_0)
FN:36,nyc_workaround
FN:47,(anonymous_2)
FN:57,(anonymous_3)
FN:63,(anonymous_4)
FN:79,(anonymous_5)
FN:99,(anonymous_6)
FN:104,(anonymous_7)
FNDA:24,(anonymous_7)
FNDA:10,(anonymous_4)
FNDA:4,nyc_workaround
FNDA:4,(anonymous_5)
FNDA:24,(anonymous_0)
FNDA:14,(anonymous_3)
FNDA:2,(anonymous_2)
FNDA:24,(anonymous_6)
FNF:8
FNH:8
BRDA:7,0,0,1
BRDA:59,1,0,6
BRDA:59,1,1,8
BRDA:69,2,0,24
BRF:4
BRH:4
DA:1,1
DA:2,1
DA:3,1
DA:7,1
DA:9,1
DA:11,24
DA:22,1
DA:39,4
DA:41,5
DA:49,2
DA:50,2
DA:51,2
DA:52,2
DA:54,2
DA:59,14
DA:60,14
DA:65,10
DA:66,10
DA:69,24
DA:71,24
DA:73,24
DA:74,24
DA:82,4
DA:84,5
DA:101,24
DA:106,24
DA:107,24
DA:108,24
DA:109,24
DA:113,1
LF:30
LH:30
end_of_record
TN:
SF:/home/david/getdents/src/getdents.cc
FN:28,_ZN8GetdentsC2ERKN4Napi12CallbackInfoE
FN:40,_Z10ErrnoErrorRKN4Napi3EnvEiPKc
FN:50,_Z18GetdentsErrnoErrorRKN4Napi3EnvEi
FN:55,_ZN8Getdents8NextSyncEPhj
FN:60,_ZN8Getdents8NextSyncERKN4Napi12CallbackInfoE
FN:71,_ZN19GetdentsAsyncWorkerD2Ev
FN:71,_ZN19GetdentsAsyncWorkerD0Ev
FN:74,_ZN19GetdentsAsyncWorkerC2EP8GetdentsRKN4Napi8FunctionERKNS2_6BufferIhEE
FN:87,_ZN19GetdentsAsyncWorker7ExecuteEv
FN:96,_ZN19GetdentsAsyncWorker4OnOKEv
FN:118,_ZN8Getdents4NextERKN4Napi12CallbackInfoE
FN:126,_ZN8Getdents5GetFDERKN4Napi12CallbackInfoE
FN:131,_ZN8Getdents5SetFDERKN4Napi12CallbackInfoERKNS0_5ValueE
FN:136,_ZN8Getdents10InitializeEN4Napi3EnvENS0_6ObjectE
FN:157,_Z10InitializeN4Napi3EnvENS_6ObjectE
FN:162,_register_getdents
FN:162,_Z17__napi_InitializeP10napi_env__P12napi_value__
FNDA:9,_ZN19GetdentsAsyncWorker7ExecuteEv
FNDA:2,_ZN8GetdentsC2ERKN4Napi12CallbackInfoE
FNDA:1,_register_getdents
FNDA:4,_Z10ErrnoErrorRKN4Napi3EnvEiPKc
FNDA:1,_Z10InitializeN4Napi3EnvENS_6ObjectE
FNDA:9,_ZN19GetdentsAsyncWorker4OnOKEv
FNDA:9,_ZN8Getdents8NextSyncERKN4Napi12CallbackInfoE
FNDA:9,_ZN19GetdentsAsyncWorkerD0Ev
FNDA:1,_Z17__napi_InitializeP10napi_env__P12napi_value__
FNDA:9,_ZN19GetdentsAsyncWorkerD2Ev
FNDA:14,_ZN8Getdents5SetFDERKN4Napi12CallbackInfoERKNS0_5ValueE
FNDA:9,_ZN8Getdents4NextERKN4Napi12CallbackInfoE
FNDA:8,_ZN8Getdents5GetFDERKN4Napi12CallbackInfoE
FNDA:1,_ZN8Getdents10InitializeEN4Napi3EnvENS0_6ObjectE
FNDA:9,_ZN19GetdentsAsyncWorkerC2EP8GetdentsRKN4Napi8FunctionERKNS2_6BufferIhEE
FNDA:18,_ZN8Getdents8NextSyncEPhj
FNDA:4,_Z18GetdentsErrnoErrorRKN4Napi3EnvEi
FNF:17
FNH:17
DA:28,2
DA:30,2
DA:32,2
DA:40,4
DA:42,4
DA:43,4
DA:47,4
DA:50,4
DA:52,4
DA:55,18
DA:57,18
DA:60,9
DA:62,9
DA:63,9
DA:64,9
DA:66,2
DA:68,7
DA:71,18
DA:74,9
DA:76,9
DA:81,9
DA:82,18
DA:84,9
DA:87,9
DA:89,9
DA:90,9
DA:92,2
DA:94,9
DA:96,9
DA:98,9
DA:100,18
DA:101,18
DA:102,27
DA:104,18
DA:105,18
DA:106,27
DA:107,9
DA:118,9
DA:121,18
DA:122,27
DA:123,27
DA:124,9
DA:126,8
DA:128,8
DA:131,14
DA:133,14
DA:134,14
DA:136,1
DA:138,1
DA:140,1
DA:141,1
DA:142,1
DA:143,2
DA:144,2
DA:145,2
DA:146,2
DA:147,2
DA:148,2
DA:149,2
DA:150,2
DA:151,2
DA:152,13
DA:154,1
DA:157,1
DA:159,1
DA:162,2
LF:66
LH:66
end_of_record
