TN:
SF:/home/david/getdents/node_modules/node-addon-api/napi-inl.h
FN:68,_ZN4Napi7detailsL10AttachDataINS_10ObjectWrapI8GetdentsE18MethodCallbackDataIMS3_FNS_5ValueERKNS_12CallbackInfoEEEEEE11napi_statusP10napi_env__P12napi_value__PT_
FN:68,_ZN4Napi7detailsL10AttachDataINS_10ObjectWrapI8GetdentsE18MethodCallbackDataIMS3_FvRKNS_12CallbackInfoEEEEEE11napi_statusP10napi_env__P12napi_value__PT_
FN:68,_ZN4Napi7detailsL10AttachDataINS_10ObjectWrapI8GetdentsE18MethodCallbackDataIPFvRKNS_12CallbackInfoEEEEEE11napi_statusP10napi_env__P12napi_value__PT_
FN:68,_ZN4Napi7detailsL10AttachDataINS_10ObjectWrapI8GetdentsE20AccessorCallbackDataIMS3_FNS_5ValueERKNS_12CallbackInfoEEMS3_FvS9_RKS6_EEEEE11napi_statusP10napi_env__P12napi_value__PT_
FN:68,_ZN4Napi7detailsL10AttachDataINS_10ObjectWrapI8GetdentsE20AccessorCallbackDataIPFNS_5ValueERKNS_12CallbackInfoEEPFvS9_RKS6_EEEEE11napi_statusP10napi_env__P12napi_value__PT_
FN:68,_ZN4Napi7detailsL10AttachDataINS_10ObjectWrapI8GetdentsE18MethodCallbackDataIPFNS_5ValueERKNS_12CallbackInfoEEEEEE11napi_statusP10napi_env__P12napi_value__PT_
FN:76,_ZZN4Napi7detailsL10AttachDataINS_10ObjectWrapI8GetdentsE18MethodCallbackDataIMS3_FvRKNS_12CallbackInfoEEEEEE11napi_statusP10napi_env__P12napi_value__PT_ENKUlSE_PvSJ_E_clESE_SJ_SJ_
FN:76,_ZZN4Napi7detailsL10AttachDataINS_10ObjectWrapI8GetdentsE18MethodCallbackDataIPFNS_5ValueERKNS_12CallbackInfoEEEEEE11napi_statusP10napi_env__P12napi_value__PT_ENUlSF_PvSK_E_4_FUNESF_SK_SK_
FN:76,_ZZN4Napi7detailsL10AttachDataINS_10ObjectWrapI8GetdentsE18MethodCallbackDataIPFvRKNS_12CallbackInfoEEEEEE11napi_statusP10napi_env__P12napi_value__PT_ENUlSE_PvSJ_E_4_FUNESE_SJ_SJ_
FN:76,_ZZN4Napi7detailsL10AttachDataINS_10ObjectWrapI8GetdentsE18MethodCallbackDataIPFvRKNS_12CallbackInfoEEEEEE11napi_statusP10napi_env__P12napi_value__PT_ENKUlSE_PvSJ_E_clESE_SJ_SJ_
FN:76,_ZZN4Napi7detailsL10AttachDataINS_10ObjectWrapI8GetdentsE20AccessorCallbackDataIMS3_FNS_5ValueERKNS_12CallbackInfoEEMS3_FvS9_RKS6_EEEEE11napi_statusP10napi_env__P12napi_value__PT_ENKUlSJ_PvSO_E_cvPFvSJ_SO_SO_EEv
FN:76,_ZZN4Napi7detailsL10AttachDataINS_10ObjectWrapI8GetdentsE20AccessorCallbackDataIPFNS_5ValueERKNS_12CallbackInfoEEPFvS9_RKS6_EEEEE11napi_statusP10napi_env__P12napi_value__PT_ENKUlSJ_PvSO_E_clESJ_SO_SO_
FN:76,_ZZN4Napi7detailsL10AttachDataINS_10ObjectWrapI8GetdentsE18MethodCallbackDataIMS3_FvRKNS_12CallbackInfoEEEEEE11napi_statusP10napi_env__P12napi_value__PT_ENUlSE_PvSJ_E_4_FUNESE_SJ_SJ_
FN:76,_ZZN4Napi7detailsL10AttachDataINS_10ObjectWrapI8GetdentsE18MethodCallbackDataIMS3_FNS_5ValueERKNS_12CallbackInfoEEEEEE11napi_statusP10napi_env__P12napi_value__PT_ENKUlSF_PvSK_E_cvPFvSF_SK_SK_EEv
FN:76,_ZZN4Napi7detailsL10AttachDataINS_10ObjectWrapI8GetdentsE18MethodCallbackDataIMS3_FvRKNS_12CallbackInfoEEEEEE11napi_statusP10napi_env__P12napi_value__PT_ENKUlSE_PvSJ_E_cvPFvSE_SJ_SJ_EEv
FN:76,_ZZN4Napi7detailsL10AttachDataINS_10ObjectWrapI8GetdentsE18MethodCallbackDataIPFNS_5ValueERKNS_12CallbackInfoEEEEEE11napi_statusP10napi_env__P12napi_value__PT_ENKUlSF_PvSK_E_cvPFvSF_SK_SK_EEv
FN:76,_ZZN4Napi7detailsL10AttachDataINS_10ObjectWrapI8GetdentsE18MethodCallbackDataIMS3_FNS_5ValueERKNS_12CallbackInfoEEEEEE11napi_statusP10napi_env__P12napi_value__PT_ENKUlSF_PvSK_E_clESF_SK_SK_
FN:76,_ZZN4Napi7detailsL10AttachDataINS_10ObjectWrapI8GetdentsE18MethodCallbackDataIPFvRKNS_12CallbackInfoEEEEEE11napi_statusP10napi_env__P12napi_value__PT_ENKUlSE_PvSJ_E_cvPFvSE_SJ_SJ_EEv
FN:76,_ZZN4Napi7detailsL10AttachDataINS_10ObjectWrapI8GetdentsE20AccessorCallbackDataIMS3_FNS_5ValueERKNS_12CallbackInfoEEMS3_FvS9_RKS6_EEEEE11napi_statusP10napi_env__P12napi_value__PT_ENUlSJ_PvSO_E_4_FUNESJ_SO_SO_
FN:76,_ZZN4Napi7detailsL10AttachDataINS_10ObjectWrapI8GetdentsE18MethodCallbackDataIMS3_FNS_5ValueERKNS_12CallbackInfoEEEEEE11napi_statusP10napi_env__P12napi_value__PT_ENUlSF_PvSK_E_4_FUNESF_SK_SK_
FN:76,_ZZN4Napi7detailsL10AttachDataINS_10ObjectWrapI8GetdentsE20AccessorCallbackDataIPFNS_5ValueERKNS_12CallbackInfoEEPFvS9_RKS6_EEEEE11napi_statusP10napi_env__P12napi_value__PT_ENUlSJ_PvSO_E_4_FUNESJ_SO_SO_
FN:76,_ZZN4Napi7detailsL10AttachDataINS_10ObjectWrapI8GetdentsE20AccessorCallbackDataIPFNS_5ValueERKNS_12CallbackInfoEEPFvS9_RKS6_EEEEE11napi_statusP10napi_env__P12napi_value__PT_ENKUlSJ_PvSO_E_cvPFvSJ_SO_SO_EEv
FN:76,_ZZN4Napi7detailsL10AttachDataINS_10ObjectWrapI8GetdentsE20AccessorCallbackDataIMS3_FNS_5ValueERKNS_12CallbackInfoEEMS3_FvS9_RKS6_EEEEE11napi_statusP10napi_env__P12napi_value__PT_ENKUlSJ_PvSO_E_clESJ_SO_SO_
FN:76,_ZZN4Napi7detailsL10AttachDataINS_10ObjectWrapI8GetdentsE18MethodCallbackDataIPFNS_5ValueERKNS_12CallbackInfoEEEEEE11napi_statusP10napi_env__P12napi_value__PT_ENKUlSF_PvSK_E_clESF_SK_SK_
FN:101,_ZN4Napi7details12WrapCallbackIZNS_10ObjectWrapI8GetdentsE27StaticGetterCallbackWrapperEP10napi_env__P20napi_callback_info__EUlvE_EEP12napi_value__T_
FN:101,_ZN4Napi7details12WrapCallbackIZNS_10ObjectWrapI8GetdentsE29InstanceSetterCallbackWrapperEP10napi_env__P20napi_callback_info__EUlvE_EEP12napi_value__T_
FN:101,_ZN4Napi7details12WrapCallbackIZNS_10ObjectWrapI8GetdentsE29InstanceGetterCallbackWrapperEP10napi_env__P20napi_callback_info__EUlvE_EEP12napi_value__T_
FN:101,_ZN4Napi7details12WrapCallbackIZNS_11AsyncWorker14OnWorkCompleteEP10napi_env__11napi_statusPvEUlvE_EEP12napi_value__T_
FN:101,_ZN4Napi7details12WrapCallbackIZNS_14RegisterModuleEP10napi_env__P12napi_value__PFNS_6ObjectENS_3EnvES6_EEUlvE_EES5_T_
FN:101,_ZN4Napi7details12WrapCallbackIZNS_10ObjectWrapI8GetdentsE26ConstructorCallbackWrapperEP10napi_env__P20napi_callback_info__EUlvE_EEP12napi_value__T_
FN:101,_ZN4Napi7details12WrapCallbackIZNS_10ObjectWrapI8GetdentsE33InstanceVoidMethodCallbackWrapperEP10napi_env__P20napi_callback_info__EUlvE_EEP12napi_value__T_
FN:101,_ZN4Napi7details12WrapCallbackIZNS_10ObjectWrapI8GetdentsE31StaticVoidMethodCallbackWrapperEP10napi_env__P20napi_callback_info__EUlvE_EEP12napi_value__T_
FN:101,_ZN4Napi7details12WrapCallbackIZNS_10ObjectWrapI8GetdentsE27StaticSetterCallbackWrapperEP10napi_env__P20napi_callback_info__EUlvE_EEP12napi_value__T_
FN:101,_ZN4Napi7details12WrapCallbackIZNS_10ObjectWrapI8GetdentsE27StaticMethodCallbackWrapperEP10napi_env__P20napi_callback_info__EUlvE_EEP12napi_value__T_
FN:101,_ZN4Napi7details12WrapCallbackIZNS_10ObjectWrapI8GetdentsE29InstanceMethodCallbackWrapperEP10napi_env__P20napi_callback_info__EUlvE_EEP12napi_value__T_
FN:218,_ZN4Napi14RegisterModuleEP10napi_env__P12napi_value__PFNS_6ObjectENS_3EnvES4_E
FN:221,_ZZN4Napi14RegisterModuleEP10napi_env__P12napi_value__PFNS_6ObjectENS_3EnvES4_EENKUlvE_clEv
FN:231,_ZN4Napi3EnvC2EP10napi_env__
FN:234,_ZNK4Napi3EnvcvP10napi_env__Ev
FN:245,_ZNK4Napi3Env9UndefinedEv
FN:252,_ZNK4Napi3Env4NullEv
FN:259,_ZNK4Napi3Env18IsExceptionPendingEv
FN:283,_ZN4Napi5ValueC2EP10napi_env__P12napi_value__
FN:286,_ZNK4Napi5ValuecvP12napi_value__Ev
FN:305,_ZNK4Napi5Value3EnvEv
FN:435,_ZNK4Napi5Value2AsINS_8FunctionEEET_v
FN:435,_ZNK4Napi5Value2AsINS_6BufferIhEEEET_v
FN:435,_ZNK4Napi5Value2AsINS_6ObjectEEET_v
FN:435,_ZNK4Napi5Value2AsINS_6StringEEET_v
FN:435,_ZNK4Napi5Value2AsINS_6NumberEEET_v
FN:499,_ZN4Napi6Number3NewEP10napi_env__d
FN:509,_ZN4Napi6NumberC2EP10napi_env__P12napi_value__
FN:516,_ZNK4Napi6NumbercvjEv
FN:539,_ZNK4Napi6Number11Uint32ValueEv
FN:636,_ZN4Napi4NameC2EP10napi_env__P12napi_value__
FN:682,_ZN4Napi6StringC2EP10napi_env__P12napi_value__
FN:685,_ZNK4Napi6StringcvNSt7__cxx1112basic_stringIcSt11char_traitsIcESaIcEEEEv
FN:693,_ZNK4Napi6String9Utf8ValueB5cxx11Ev
FN:800,_ZN4Napi7details11vf_fallbackINS_8FunctionEE4FromEP10napi_env__RKS2_
FN:820,_ZN4Napi5Value4FromINS_8FunctionEEES0_P10napi_env__RKT_
FN:875,_ZN4Napi6Object3NewEP10napi_env__
FN:885,_ZN4Napi6ObjectC2EP10napi_env__P12napi_value__
FN:976,_ZNK4Napi6Object3GetEPKc
FN:1002,_ZN4Napi6Object3SetINS_8FunctionEEEvPKcRKT_
FN:1478,_ZN4Napi10TypedArrayC2EP10napi_env__P12napi_value__
FN:1584,_ZN4Napi12TypedArrayOfIhEC2EP10napi_env__P12napi_value__
FN:1631,_ZN4NapiL14CreateFunctionINS_10ObjectWrapI8GetdentsE18MethodCallbackDataIPFvRKNS_12CallbackInfoEEEEEE11napi_statusP10napi_env__PKcPFP12napi_value__SD_P20napi_callback_info__EPT_PSH_
FN:1631,_ZN4NapiL14CreateFunctionINS_10ObjectWrapI8GetdentsE18MethodCallbackDataIPFNS_5ValueERKNS_12CallbackInfoEEEEEE11napi_statusP10napi_env__PKcPFP12napi_value__SE_P20napi_callback_info__EPT_PSI_
FN:1675,_ZN4Napi8FunctionC2EP10napi_env__P12napi_value__
FN:1710,_ZNK4Napi8Function12MakeCallbackEP12napi_value__RKSt16initializer_listIS2_EP20napi_async_context__
FN:1724,_ZNK4Napi8Function12MakeCallbackEP12napi_value__mPKS2_P20napi_async_context__
FN:1869,_ZN4Napi6BufferIhEC2EP10napi_env__P12napi_value__
FN:1879,_ZNK4Napi6BufferIhE6LengthEv
FN:1885,_ZNK4Napi6BufferIhE4DataEv
FN:1891,_ZNK4Napi6BufferIhE10EnsureInfoEv
FN:1909,_ZN4Napi5Error3NewEP10napi_env__
FN:1967,_ZN4Napi5Error3NewEP10napi_env__RKNSt7__cxx1112basic_stringIcSt11char_traitsIcESaIcEEE
FN:1971,_ZN4Napi5Error5FatalEPKcS2_
FN:1978,_ZN4Napi5ErrorC2EP10napi_env__P12napi_value__
FN:2014,_ZNK4Napi5Error7MessageB5cxx11Ev
FN:2031,_ZNK4Napi5Error26ThrowAsJavaScriptExceptionEv
FN:2041,_ZNK4Napi5Error4whatEv
FN:2048,_ZN4Napi5Error3NewIS0_EET_P10napi_env__PKcmPF11napi_statusS4_P12napi_value__S9_PS9_E
FN:2096,_ZN4Napi9ReferenceINS_8FunctionEE3NewERKS1_j
FN:2096,_ZN4Napi9ReferenceINS_6BufferIhEEE3NewERKS2_j
FN:2096,_ZN4Napi9ReferenceINS_6ObjectEE3NewERKS1_j
FN:2113,_ZN4Napi9ReferenceINS_6ObjectEEC2Ev
FN:2117,_ZN4Napi9ReferenceINS_6BufferIhEEEC2EP10napi_env__P10napi_ref__
FN:2117,_ZN4Napi9ReferenceINS_8FunctionEEC2EP10napi_env__P10napi_ref__
FN:2117,_ZN4Napi9ReferenceINS_6ObjectEEC2EP10napi_env__P10napi_ref__
FN:2122,_ZN4Napi9ReferenceINS_6BufferIhEEED2Ev
FN:2122,_ZN4Napi9ReferenceINS_6ObjectEED2Ev
FN:2122,_ZN4Napi9ReferenceINS_8FunctionEED2Ev
FN:2133,_ZN4Napi9ReferenceINS_8FunctionEEC2EOS2_
FN:2133,_ZN4Napi9ReferenceINS_6ObjectEEC2EOS2_
FN:2141,_ZN4Napi9ReferenceINS_6ObjectEEaSEOS2_
FN:2188,_ZNK4Napi9ReferenceINS_6ObjectEE7IsEmptyEv
FN:2193,_ZNK4Napi9ReferenceINS_6ObjectEE5ValueEv
FN:2193,_ZNK4Napi9ReferenceINS_8FunctionEE5ValueEv
FN:2221,_ZN4Napi9ReferenceINS_6ObjectEE5ResetEv
FN:2260,_ZN4Napi10PersistentINS_6BufferIhEEEENS_9ReferenceIT_EES4_
FN:2264,_ZN4Napi10PersistentENS_6ObjectE
FN:2268,_ZN4Napi10PersistentENS_8FunctionE
FN:2279,_ZN4Napi15ObjectReferenceC2EP10napi_env__P10napi_ref__
FN:2282,_ZN4Napi15ObjectReferenceC2EONS_9ReferenceINS_6ObjectEEE
FN:2304,_ZNK4Napi15ObjectReference3GetEPKc
FN:2410,_ZN4Napi17FunctionReferenceC2EONS_9ReferenceINS_8FunctionEEE
FN:2482,_ZNK4Napi17FunctionReference12MakeCallbackEP12napi_value__RKSt16initializer_listIS2_EP20napi_async_context__
FN:2533,_ZN4Napi12CallbackInfoC2EP10napi_env__P20napi_callback_info__
FN:2551,_ZN4Napi12CallbackInfoD2Ev
FN:2568,_ZNK4Napi12CallbackInfo3EnvEv
FN:2576,_ZNK4Napi12CallbackInfoixEm
FN:2580,_ZNK4Napi12CallbackInfo4ThisEv
FN:2587,_ZNK4Napi12CallbackInfo4DataEv
FN:2591,_ZN4Napi12CallbackInfo7SetDataEPv
FN:2818,_ZN4Napi10ObjectWrapI8GetdentsEC2ERKNS_12CallbackInfoE
FN:2832,_ZN4Napi10ObjectWrapI8GetdentsE6UnwrapENS_6ObjectE
FN:2841,_ZN4Napi10ObjectWrapI8GetdentsE11DefineClassENS_3EnvEPKcmPK24napi_property_descriptorPv
FN:2929,_ZN4Napi10ObjectWrapI8GetdentsE11DefineClassENS_3EnvEPKcRKSt16initializer_listINS_23ClassPropertyDescriptorIS1_EEEPv
FN:3057,_ZN4Napi10ObjectWrapI8GetdentsE14InstanceMethodEPKcMS1_FvRKNS_12CallbackInfoEE24napi_property_attributesPv
FN:3074,_ZN4Napi10ObjectWrapI8GetdentsE14InstanceMethodEPKcMS1_FNS_5ValueERKNS_12CallbackInfoEE24napi_property_attributesPv
FN:3123,_ZN4Napi10ObjectWrapI8GetdentsE16InstanceAccessorEPKcMS1_FNS_5ValueERKNS_12CallbackInfoEEMS1_FvS8_RKS5_E24napi_property_attributesPv
FN:3161,_ZN4Napi10ObjectWrapI8GetdentsE11StaticValueEPKcNS_5ValueE24napi_property_attributes
FN:3205,_ZN4Napi10ObjectWrapI8GetdentsE26ConstructorCallbackWrapperEP10napi_env__P20napi_callback_info__
FN:3219,_ZZN4Napi10ObjectWrapI8GetdentsE26ConstructorCallbackWrapperEP10napi_env__P20napi_callback_info__ENKUlvE_clEv
FN:3229,_ZN4Napi10ObjectWrapI8GetdentsE31StaticVoidMethodCallbackWrapperEP10napi_env__P20napi_callback_info__
FN:3232,_ZZN4Napi10ObjectWrapI8GetdentsE31StaticVoidMethodCallbackWrapperEP10napi_env__P20napi_callback_info__ENKUlvE_clEv
FN:3243,_ZN4Napi10ObjectWrapI8GetdentsE27StaticMethodCallbackWrapperEP10napi_env__P20napi_callback_info__
FN:3246,_ZZN4Napi10ObjectWrapI8GetdentsE27StaticMethodCallbackWrapperEP10napi_env__P20napi_callback_info__ENKUlvE_clEv
FN:3256,_ZN4Napi10ObjectWrapI8GetdentsE27StaticGetterCallbackWrapperEP10napi_env__P20napi_callback_info__
FN:3259,_ZZN4Napi10ObjectWrapI8GetdentsE27StaticGetterCallbackWrapperEP10napi_env__P20napi_callback_info__ENKUlvE_clEv
FN:3269,_ZN4Napi10ObjectWrapI8GetdentsE27StaticSetterCallbackWrapperEP10napi_env__P20napi_callback_info__
FN:3272,_ZZN4Napi10ObjectWrapI8GetdentsE27StaticSetterCallbackWrapperEP10napi_env__P20napi_callback_info__ENKUlvE_clEv
FN:3283,_ZN4Napi10ObjectWrapI8GetdentsE33InstanceVoidMethodCallbackWrapperEP10napi_env__P20napi_callback_info__
FN:3286,_ZZN4Napi10ObjectWrapI8GetdentsE33InstanceVoidMethodCallbackWrapperEP10napi_env__P20napi_callback_info__ENKUlvE_clEv
FN:3299,_ZN4Napi10ObjectWrapI8GetdentsE29InstanceMethodCallbackWrapperEP10napi_env__P20napi_callback_info__
FN:3302,_ZZN4Napi10ObjectWrapI8GetdentsE29InstanceMethodCallbackWrapperEP10napi_env__P20napi_callback_info__ENKUlvE_clEv
FN:3314,_ZN4Napi10ObjectWrapI8GetdentsE29InstanceGetterCallbackWrapperEP10napi_env__P20napi_callback_info__
FN:3317,_ZZN4Napi10ObjectWrapI8GetdentsE29InstanceGetterCallbackWrapperEP10napi_env__P20napi_callback_info__ENKUlvE_clEv
FN:3329,_ZN4Napi10ObjectWrapI8GetdentsE29InstanceSetterCallbackWrapperEP10napi_env__P20napi_callback_info__
FN:3332,_ZZN4Napi10ObjectWrapI8GetdentsE29InstanceSetterCallbackWrapperEP10napi_env__P20napi_callback_info__ENKUlvE_clEv
FN:3345,_ZN4Napi10ObjectWrapI8GetdentsE16FinalizeCallbackEP10napi_env__PvS5_
FN:3358,_ZN4Napi11HandleScopeC2ENS_3EnvE
FN:3363,_ZN4Napi11HandleScopeD2Ev
FN:3383,_ZN4Napi20EscapableHandleScopeC2ENS_3EnvE
FN:3388,_ZN4Napi20EscapableHandleScopeD2Ev
FN:3396,_ZNK4Napi20EscapableHandleScope3EnvEv
FN:3400,_ZN4Napi20EscapableHandleScope6EscapeEP12napi_value__
FN:3429,_ZN4Napi12AsyncContextD0Ev
FN:3429,_ZN4Napi12AsyncContextD2Ev
FN:3459,_ZN4Napi11AsyncWorkerC2ERKNS_8FunctionE
FN:3463,_ZN4Napi11AsyncWorkerC2ERKNS_8FunctionEPKc
FN:3468,_ZN4Napi11AsyncWorkerC2ERKNS_8FunctionEPKcRKNS_6ObjectE
FN:3491,_ZN4Napi11AsyncWorkerC2ERKNS_6ObjectERKNS_8FunctionEPKcS3_
FN:3508,_ZN4Napi11AsyncWorkerD2Ev
FN:3508,_ZN4Napi11AsyncWorkerD0Ev
FN:3540,_ZNK4Napi11AsyncWorker3EnvEv
FN:3544,_ZN4Napi11AsyncWorker5QueueEv
FN:3554,_ZN4Napi11AsyncWorker8ReceiverEv
FN:3558,_ZN4Napi11AsyncWorker8CallbackEv
FN:3562,_ZN4Napi11AsyncWorker4OnOKEv
FN:3566,_ZN4Napi11AsyncWorker7OnErrorERKNS_5ErrorE
FN:3570,_ZN4Napi11AsyncWorker8SetErrorERKNSt7__cxx1112basic_stringIcSt11char_traitsIcESaIcEEE
FN:3574,_ZN4Napi11AsyncWorker9OnExecuteEP10napi_env__Pv
FN:3587,_ZN4Napi11AsyncWorker14OnWorkCompleteEP10napi_env__11napi_statusPv
FN:3592,_ZZN4Napi11AsyncWorker14OnWorkCompleteEP10napi_env__11napi_statusPvENKUlvE_clEv
FNDA:0,_ZN4Napi7detailsL10AttachDataINS_10ObjectWrapI8GetdentsE18MethodCallbackDataIPFvRKNS_12CallbackInfoEEEEEE11napi_statusP10napi_env__P12napi_value__PT_
FNDA:0,_ZN4Napi7detailsL10AttachDataINS_10ObjectWrapI8GetdentsE18MethodCallbackDataIPFNS_5ValueERKNS_12CallbackInfoEEEEEE11napi_statusP10napi_env__P12napi_value__PT_
FNDA:1,_ZN4Napi7detailsL10AttachDataINS_10ObjectWrapI8GetdentsE18MethodCallbackDataIMS3_FNS_5ValueERKNS_12CallbackInfoEEEEEE11napi_statusP10napi_env__P12napi_value__PT_
FNDA:1,_ZN4Napi7detailsL10AttachDataINS_10ObjectWrapI8GetdentsE18MethodCallbackDataIMS3_FvRKNS_12CallbackInfoEEEEEE11napi_statusP10napi_env__P12napi_value__PT_
FNDA:1,_ZN4Napi7detailsL10AttachDataINS_10ObjectWrapI8GetdentsE20AccessorCallbackDataIMS3_FNS_5ValueERKNS_12CallbackInfoEEMS3_FvS9_RKS6_EEEEE11napi_statusP10napi_env__P12napi_value__PT_
FNDA:0,_ZN4Napi7detailsL10AttachDataINS_10ObjectWrapI8GetdentsE20AccessorCallbackDataIPFNS_5ValueERKNS_12CallbackInfoEEPFvS9_RKS6_EEEEE11napi_statusP10napi_env__P12napi_value__PT_
FNDA:0,_ZZN4Napi7detailsL10AttachDataINS_10ObjectWrapI8GetdentsE18MethodCallbackDataIPFvRKNS_12CallbackInfoEEEEEE11napi_statusP10napi_env__P12napi_value__PT_ENKUlSE_PvSJ_E_cvPFvSE_SJ_SJ_EEv
FNDA:0,_ZZN4Napi7detailsL10AttachDataINS_10ObjectWrapI8GetdentsE18MethodCallbackDataIPFvRKNS_12CallbackInfoEEEEEE11napi_statusP10napi_env__P12napi_value__PT_ENUlSE_PvSJ_E_4_FUNESE_SJ_SJ_
FNDA:0,_ZZN4Napi7detailsL10AttachDataINS_10ObjectWrapI8GetdentsE18MethodCallbackDataIPFvRKNS_12CallbackInfoEEEEEE11napi_statusP10napi_env__P12napi_value__PT_ENKUlSE_PvSJ_E_clESE_SJ_SJ_
FNDA:0,_ZZN4Napi7detailsL10AttachDataINS_10ObjectWrapI8GetdentsE18MethodCallbackDataIPFNS_5ValueERKNS_12CallbackInfoEEEEEE11napi_statusP10napi_env__P12napi_value__PT_ENKUlSF_PvSK_E_cvPFvSF_SK_SK_EEv
FNDA:0,_ZZN4Napi7detailsL10AttachDataINS_10ObjectWrapI8GetdentsE18MethodCallbackDataIPFNS_5ValueERKNS_12CallbackInfoEEEEEE11napi_statusP10napi_env__P12napi_value__PT_ENUlSF_PvSK_E_4_FUNESF_SK_SK_
FNDA:0,_ZZN4Napi7detailsL10AttachDataINS_10ObjectWrapI8GetdentsE18MethodCallbackDataIPFNS_5ValueERKNS_12CallbackInfoEEEEEE11napi_statusP10napi_env__P12napi_value__PT_ENKUlSF_PvSK_E_clESF_SK_SK_
FNDA:1,_ZZN4Napi7detailsL10AttachDataINS_10ObjectWrapI8GetdentsE18MethodCallbackDataIMS3_FNS_5ValueERKNS_12CallbackInfoEEEEEE11napi_statusP10napi_env__P12napi_value__PT_ENKUlSF_PvSK_E_cvPFvSF_SK_SK_EEv
FNDA:0,_ZZN4Napi7detailsL10AttachDataINS_10ObjectWrapI8GetdentsE18MethodCallbackDataIMS3_FNS_5ValueERKNS_12CallbackInfoEEEEEE11napi_statusP10napi_env__P12napi_value__PT_ENUlSF_PvSK_E_4_FUNESF_SK_SK_
FNDA:0,_ZZN4Napi7detailsL10AttachDataINS_10ObjectWrapI8GetdentsE18MethodCallbackDataIMS3_FNS_5ValueERKNS_12CallbackInfoEEEEEE11napi_statusP10napi_env__P12napi_value__PT_ENKUlSF_PvSK_E_clESF_SK_SK_
FNDA:1,_ZZN4Napi7detailsL10AttachDataINS_10ObjectWrapI8GetdentsE18MethodCallbackDataIMS3_FvRKNS_12CallbackInfoEEEEEE11napi_statusP10napi_env__P12napi_value__PT_ENKUlSE_PvSJ_E_cvPFvSE_SJ_SJ_EEv
FNDA:0,_ZZN4Napi7detailsL10AttachDataINS_10ObjectWrapI8GetdentsE18MethodCallbackDataIMS3_FvRKNS_12CallbackInfoEEEEEE11napi_statusP10napi_env__P12napi_value__PT_ENUlSE_PvSJ_E_4_FUNESE_SJ_SJ_
FNDA:0,_ZZN4Napi7detailsL10AttachDataINS_10ObjectWrapI8GetdentsE18MethodCallbackDataIMS3_FvRKNS_12CallbackInfoEEEEEE11napi_statusP10napi_env__P12napi_value__PT_ENKUlSE_PvSJ_E_clESE_SJ_SJ_
FNDA:1,_ZZN4Napi7detailsL10AttachDataINS_10ObjectWrapI8GetdentsE20AccessorCallbackDataIMS3_FNS_5ValueERKNS_12CallbackInfoEEMS3_FvS9_RKS6_EEEEE11napi_statusP10napi_env__P12napi_value__PT_ENKUlSJ_PvSO_E_cvPFvSJ_SO_SO_EEv
FNDA:0,_ZZN4Napi7detailsL10AttachDataINS_10ObjectWrapI8GetdentsE20AccessorCallbackDataIMS3_FNS_5ValueERKNS_12CallbackInfoEEMS3_FvS9_RKS6_EEEEE11napi_statusP10napi_env__P12napi_value__PT_ENUlSJ_PvSO_E_4_FUNESJ_SO_SO_
FNDA:0,_ZZN4Napi7detailsL10AttachDataINS_10ObjectWrapI8GetdentsE20AccessorCallbackDataIMS3_FNS_5ValueERKNS_12CallbackInfoEEMS3_FvS9_RKS6_EEEEE11napi_statusP10napi_env__P12napi_value__PT_ENKUlSJ_PvSO_E_clESJ_SO_SO_
FNDA:0,_ZZN4Napi7detailsL10AttachDataINS_10ObjectWrapI8GetdentsE20AccessorCallbackDataIPFNS_5ValueERKNS_12CallbackInfoEEPFvS9_RKS6_EEEEE11napi_statusP10napi_env__P12napi_value__PT_ENKUlSJ_PvSO_E_cvPFvSJ_SO_SO_EEv
FNDA:0,_ZZN4Napi7detailsL10AttachDataINS_10ObjectWrapI8GetdentsE20AccessorCallbackDataIPFNS_5ValueERKNS_12CallbackInfoEEPFvS9_RKS6_EEEEE11napi_statusP10napi_env__P12napi_value__PT_ENUlSJ_PvSO_E_4_FUNESJ_SO_SO_
FNDA:0,_ZZN4Napi7detailsL10AttachDataINS_10ObjectWrapI8GetdentsE20AccessorCallbackDataIPFNS_5ValueERKNS_12CallbackInfoEEPFvS9_RKS6_EEEEE11napi_statusP10napi_env__P12napi_value__PT_ENKUlSJ_PvSO_E_clESJ_SO_SO_
FNDA:0,_ZN4Napi7details12WrapCallbackIZNS_10ObjectWrapI8GetdentsE27StaticSetterCallbackWrapperEP10napi_env__P20napi_callback_info__EUlvE_EEP12napi_value__T_
FNDA:0,_ZN4Napi7details12WrapCallbackIZNS_10ObjectWrapI8GetdentsE27StaticGetterCallbackWrapperEP10napi_env__P20napi_callback_info__EUlvE_EEP12napi_value__T_
FNDA:2,_ZN4Napi7details12WrapCallbackIZNS_10ObjectWrapI8GetdentsE26ConstructorCallbackWrapperEP10napi_env__P20napi_callback_info__EUlvE_EEP12napi_value__T_
FNDA:0,_ZN4Napi7details12WrapCallbackIZNS_10ObjectWrapI8GetdentsE31StaticVoidMethodCallbackWrapperEP10napi_env__P20napi_callback_info__EUlvE_EEP12napi_value__T_
FNDA:0,_ZN4Napi7details12WrapCallbackIZNS_10ObjectWrapI8GetdentsE27StaticMethodCallbackWrapperEP10napi_env__P20napi_callback_info__EUlvE_EEP12napi_value__T_
FNDA:14,_ZN4Napi7details12WrapCallbackIZNS_10ObjectWrapI8GetdentsE29InstanceSetterCallbackWrapperEP10napi_env__P20napi_callback_info__EUlvE_EEP12napi_value__T_
FNDA:8,_ZN4Napi7details12WrapCallbackIZNS_10ObjectWrapI8GetdentsE29InstanceGetterCallbackWrapperEP10napi_env__P20napi_callback_info__EUlvE_EEP12napi_value__T_
FNDA:9,_ZN4Napi7details12WrapCallbackIZNS_10ObjectWrapI8GetdentsE29InstanceMethodCallbackWrapperEP10napi_env__P20napi_callback_info__EUlvE_EEP12napi_value__T_
FNDA:9,_ZN4Napi7details12WrapCallbackIZNS_10ObjectWrapI8GetdentsE33InstanceVoidMethodCallbackWrapperEP10napi_env__P20napi_callback_info__EUlvE_EEP12napi_value__T_
FNDA:9,_ZN4Napi7details12WrapCallbackIZNS_11AsyncWorker14OnWorkCompleteEP10napi_env__11napi_statusPvEUlvE_EEP12napi_value__T_
FNDA:1,_ZN4Napi7details12WrapCallbackIZNS_14RegisterModuleEP10napi_env__P12napi_value__PFNS_6ObjectENS_3EnvES6_EEUlvE_EES5_T_
FNDA:1,_ZN4Napi14RegisterModuleEP10napi_env__P12napi_value__PFNS_6ObjectENS_3EnvES4_E
FNDA:1,_ZZN4Napi14RegisterModuleEP10napi_env__P12napi_value__PFNS_6ObjectENS_3EnvES4_EENKUlvE_clEv
FNDA:161,_ZN4Napi3EnvC2EP10napi_env__
FNDA:181,_ZNK4Napi3EnvcvP10napi_env__Ev
FNDA:0,_ZNK4Napi3Env9UndefinedEv
FNDA:7,_ZNK4Napi3Env4NullEv
FNDA:9,_ZNK4Napi3Env18IsExceptionPendingEv
FNDA:276,_ZN4Napi5ValueC2EP10napi_env__P12napi_value__
FNDA:190,_ZNK4Napi5ValuecvP12napi_value__Ev
FNDA:103,_ZNK4Napi5Value3EnvEv
FNDA:14,_ZNK4Napi5Value2AsINS_6NumberEEET_v
FNDA:9,_ZNK4Napi5Value2AsINS_8FunctionEEET_v
FNDA:18,_ZNK4Napi5Value2AsINS_6BufferIhEEEET_v
FNDA:0,_ZNK4Napi5Value2AsINS_6StringEEET_v
FNDA:40,_ZNK4Napi5Value2AsINS_6ObjectEEET_v
FNDA:33,_ZN4Napi6Number3NewEP10napi_env__d
FNDA:47,_ZN4Napi6NumberC2EP10napi_env__P12napi_value__
FNDA:14,_ZNK4Napi6NumbercvjEv
FNDA:14,_ZNK4Napi6Number11Uint32ValueEv
FNDA:0,_ZN4Napi4NameC2EP10napi_env__P12napi_value__
FNDA:0,_ZN4Napi6StringC2EP10napi_env__P12napi_value__
FNDA:0,_ZNK4Napi6StringcvNSt7__cxx1112basic_stringIcSt11char_traitsIcESaIcEEEEv
FNDA:0,_ZNK4Napi6String9Utf8ValueB5cxx11Ev
FNDA:1,_ZN4Napi7details11vf_fallbackINS_8FunctionEE4FromEP10napi_env__RKS2_
FNDA:1,_ZN4Napi5Value4FromINS_8FunctionEEES0_P10napi_env__RKT_
FNDA:18,_ZN4Napi6Object3NewEP10napi_env__
FNDA:162,_ZN4Napi6ObjectC2EP10napi_env__P12napi_value__
FNDA:0,_ZNK4Napi6Object3GetEPKc
FNDA:1,_ZN4Napi6Object3SetINS_8FunctionEEEvPKcRKT_
FNDA:18,_ZN4Napi10TypedArrayC2EP10napi_env__P12napi_value__
FNDA:18,_ZN4Napi12TypedArrayOfIhEC2EP10napi_env__P12napi_value__
FNDA:0,_ZN4NapiL14CreateFunctionINS_10ObjectWrapI8GetdentsE18MethodCallbackDataIPFvRKNS_12CallbackInfoEEEEEE11napi_statusP10napi_env__PKcPFP12napi_value__SD_P20napi_callback_info__EPT_PSH_
FNDA:0,_ZN4NapiL14CreateFunctionINS_10ObjectWrapI8GetdentsE18MethodCallbackDataIPFNS_5ValueERKNS_12CallbackInfoEEEEEE11napi_statusP10napi_env__PKcPFP12napi_value__SE_P20napi_callback_info__EPT_PSI_
FNDA:19,_ZN4Napi8FunctionC2EP10napi_env__P12napi_value__
FNDA:9,_ZNK4Napi8Function12MakeCallbackEP12napi_value__RKSt16initializer_listIS2_EP20napi_async_context__
FNDA:9,_ZNK4Napi8Function12MakeCallbackEP12napi_value__mPKS2_P20napi_async_context__
FNDA:18,_ZN4Napi6BufferIhEC2EP10napi_env__P12napi_value__
FNDA:18,_ZNK4Napi6BufferIhE6LengthEv
FNDA:18,_ZNK4Napi6BufferIhE4DataEv
FNDA:36,_ZNK4Napi6BufferIhE10EnsureInfoEv
FNDA:0,_ZN4Napi5Error3NewEP10napi_env__
FNDA:4,_ZN4Napi5Error3NewEP10napi_env__RKNSt7__cxx1112basic_stringIcSt11char_traitsIcESaIcEEE
FNDA:0,_ZN4Napi5Error5FatalEPKcS2_
FNDA:4,_ZN4Napi5ErrorC2EP10napi_env__P12napi_value__
FNDA:0,_ZNK4Napi5Error7MessageB5cxx11Ev
FNDA:2,_ZNK4Napi5Error26ThrowAsJavaScriptExceptionEv
FNDA:0,_ZNK4Napi5Error4whatEv
FNDA:4,_ZN4Napi5Error3NewIS0_EET_P10napi_env__PKcmPF11napi_statusS4_P12napi_value__S9_PS9_E
FNDA:9,_ZN4Napi9ReferenceINS_6BufferIhEEE3NewERKS2_j
FNDA:9,_ZN4Napi9ReferenceINS_8FunctionEE3NewERKS1_j
FNDA:18,_ZN4Napi9ReferenceINS_6ObjectEE3NewERKS1_j
FNDA:2,_ZN4Napi9ReferenceINS_6ObjectEEC2Ev
FNDA:9,_ZN4Napi9ReferenceINS_6BufferIhEEEC2EP10napi_env__P10napi_ref__
FNDA:9,_ZN4Napi9ReferenceINS_8FunctionEEC2EP10napi_env__P10napi_ref__
FNDA:24,_ZN4Napi9ReferenceINS_6ObjectEEC2EP10napi_env__P10napi_ref__
FNDA:9,_ZN4Napi9ReferenceINS_6BufferIhEEED2Ev
FNDA:18,_ZN4Napi9ReferenceINS_8FunctionEED2Ev
FNDA:42,_ZN4Napi9ReferenceINS_6ObjectEED2Ev
FNDA:9,_ZN4Napi9ReferenceINS_8FunctionEEC2EOS2_
FNDA:18,_ZN4Napi9ReferenceINS_6ObjectEEC2EOS2_
FNDA:2,_ZN4Napi9ReferenceINS_6ObjectEEaSEOS2_
FNDA:2,_ZNK4Napi9ReferenceINS_6ObjectEE7IsEmptyEv
FNDA:9,_ZNK4Napi9ReferenceINS_8FunctionEE5ValueEv
FNDA:22,_ZNK4Napi9ReferenceINS_6ObjectEE5ValueEv
FNDA:2,_ZN4Napi9ReferenceINS_6ObjectEE5ResetEv
FNDA:9,_ZN4Napi10PersistentINS_6BufferIhEEEENS_9ReferenceIT_EES4_
FNDA:18,_ZN4Napi10PersistentENS_6ObjectE
FNDA:9,_ZN4Napi10PersistentENS_8FunctionE
FNDA:4,_ZN4Napi15ObjectReferenceC2EP10napi_env__P10napi_ref__
FNDA:18,_ZN4Napi15ObjectReferenceC2EONS_9ReferenceINS_6ObjectEEE
FNDA:0,_ZNK4Napi15ObjectReference3GetEPKc
FNDA:9,_ZN4Napi17FunctionReferenceC2EONS_9ReferenceINS_8FunctionEEE
FNDA:9,_ZNK4Napi17FunctionReference12MakeCallbackEP12napi_value__RKSt16initializer_listIS2_EP20napi_async_context__
FNDA:42,_ZN4Napi12CallbackInfoC2EP10napi_env__P20napi_callback_info__
FNDA:42,_ZN4Napi12CallbackInfoD2Ev
FNDA:19,_ZNK4Napi12CallbackInfo3EnvEv
FNDA:41,_ZNK4Napi12CallbackInfoixEm
FNDA:44,_ZNK4Napi12CallbackInfo4ThisEv
FNDA:40,_ZNK4Napi12CallbackInfo4DataEv
FNDA:40,_ZN4Napi12CallbackInfo7SetDataEPv
FNDA:2,_ZN4Napi10ObjectWrapI8GetdentsEC2ERKNS_12CallbackInfoE
FNDA:40,_ZN4Napi10ObjectWrapI8GetdentsE6UnwrapENS_6ObjectE
FNDA:1,_ZN4Napi10ObjectWrapI8GetdentsE11DefineClassENS_3EnvEPKcmPK24napi_property_descriptorPv
FNDA:1,_ZN4Napi10ObjectWrapI8GetdentsE11DefineClassENS_3EnvEPKcRKSt16initializer_listINS_23ClassPropertyDescriptorIS1_EEEPv
FNDA:1,_ZN4Napi10ObjectWrapI8GetdentsE14InstanceMethodEPKcMS1_FvRKNS_12CallbackInfoEE24napi_property_attributesPv
FNDA:1,_ZN4Napi10ObjectWrapI8GetdentsE14InstanceMethodEPKcMS1_FNS_5ValueERKNS_12CallbackInfoEE24napi_property_attributesPv
FNDA:1,_ZN4Napi10ObjectWrapI8GetdentsE16InstanceAccessorEPKcMS1_FNS_5ValueERKNS_12CallbackInfoEEMS1_FvS8_RKS5_E24napi_property_attributesPv
FNDA:9,_ZN4Napi10ObjectWrapI8GetdentsE11StaticValueEPKcNS_5ValueE24napi_property_attributes
FNDA:2,_ZN4Napi10ObjectWrapI8GetdentsE26ConstructorCallbackWrapperEP10napi_env__P20napi_callback_info__
FNDA:2,_ZZN4Napi10ObjectWrapI8GetdentsE26ConstructorCallbackWrapperEP10napi_env__P20napi_callback_info__ENKUlvE_clEv
FNDA:0,_ZN4Napi10ObjectWrapI8GetdentsE31StaticVoidMethodCallbackWrapperEP10napi_env__P20napi_callback_info__
FNDA:0,_ZZN4Napi10ObjectWrapI8GetdentsE31StaticVoidMethodCallbackWrapperEP10napi_env__P20napi_callback_info__ENKUlvE_clEv
FNDA:0,_ZN4Napi10ObjectWrapI8GetdentsE27StaticMethodCallbackWrapperEP10napi_env__P20napi_callback_info__
FNDA:0,_ZZN4Napi10ObjectWrapI8GetdentsE27StaticMethodCallbackWrapperEP10napi_env__P20napi_callback_info__ENKUlvE_clEv
FNDA:0,_ZN4Napi10ObjectWrapI8GetdentsE27StaticGetterCallbackWrapperEP10napi_env__P20napi_callback_info__
FNDA:0,_ZZN4Napi10ObjectWrapI8GetdentsE27StaticGetterCallbackWrapperEP10napi_env__P20napi_callback_info__ENKUlvE_clEv
FNDA:0,_ZN4Napi10ObjectWrapI8GetdentsE27StaticSetterCallbackWrapperEP10napi_env__P20napi_callback_info__
FNDA:0,_ZZN4Napi10ObjectWrapI8GetdentsE27StaticSetterCallbackWrapperEP10napi_env__P20napi_callback_info__ENKUlvE_clEv
FNDA:9,_ZN4Napi10ObjectWrapI8GetdentsE33InstanceVoidMethodCallbackWrapperEP10napi_env__P20napi_callback_info__
FNDA:9,_ZZN4Napi10ObjectWrapI8GetdentsE33InstanceVoidMethodCallbackWrapperEP10napi_env__P20napi_callback_info__ENKUlvE_clEv
FNDA:9,_ZN4Napi10ObjectWrapI8GetdentsE29InstanceMethodCallbackWrapperEP10napi_env__P20napi_callback_info__
FNDA:9,_ZZN4Napi10ObjectWrapI8GetdentsE29InstanceMethodCallbackWrapperEP10napi_env__P20napi_callback_info__ENKUlvE_clEv
FNDA:8,_ZN4Napi10ObjectWrapI8GetdentsE29InstanceGetterCallbackWrapperEP10napi_env__P20napi_callback_info__
FNDA:8,_ZZN4Napi10ObjectWrapI8GetdentsE29InstanceGetterCallbackWrapperEP10napi_env__P20napi_callback_info__ENKUlvE_clEv
FNDA:14,_ZN4Napi10ObjectWrapI8GetdentsE29InstanceSetterCallbackWrapperEP10napi_env__P20napi_callback_info__
FNDA:14,_ZZN4Napi10ObjectWrapI8GetdentsE29InstanceSetterCallbackWrapperEP10napi_env__P20napi_callback_info__ENKUlvE_clEv
FNDA:0,_ZN4Napi10ObjectWrapI8GetdentsE16FinalizeCallbackEP10napi_env__PvS5_
FNDA:11,_ZN4Napi11HandleScopeC2ENS_3EnvE
FNDA:11,_ZN4Napi11HandleScopeD2Ev
FNDA:9,_ZN4Napi20EscapableHandleScopeC2ENS_3EnvE
FNDA:9,_ZN4Napi20EscapableHandleScopeD2Ev
FNDA:9,_ZNK4Napi20EscapableHandleScope3EnvEv
FNDA:9,_ZN4Napi20EscapableHandleScope6EscapeEP12napi_value__
FNDA:0,_ZN4Napi12AsyncContextD0Ev
FNDA:0,_ZN4Napi12AsyncContextD2Ev
FNDA:9,_ZN4Napi11AsyncWorkerC2ERKNS_8FunctionE
FNDA:9,_ZN4Napi11AsyncWorkerC2ERKNS_8FunctionEPKc
FNDA:9,_ZN4Napi11AsyncWorkerC2ERKNS_8FunctionEPKcRKNS_6ObjectE
FNDA:9,_ZN4Napi11AsyncWorkerC2ERKNS_6ObjectERKNS_8FunctionEPKcS3_
FNDA:0,_ZN4Napi11AsyncWorkerD0Ev
FNDA:9,_ZN4Napi11AsyncWorkerD2Ev
FNDA:9,_ZNK4Napi11AsyncWorker3EnvEv
FNDA:9,_ZN4Napi11AsyncWorker5QueueEv
FNDA:9,_ZN4Napi11AsyncWorker8ReceiverEv
FNDA:9,_ZN4Napi11AsyncWorker8CallbackEv
FNDA:0,_ZN4Napi11AsyncWorker4OnOKEv
FNDA:0,_ZN4Napi11AsyncWorker7OnErrorERKNS_5ErrorE
FNDA:0,_ZN4Napi11AsyncWorker8SetErrorERKNSt7__cxx1112basic_stringIcSt11char_traitsIcESaIcEEE
FNDA:9,_ZN4Napi11AsyncWorker9OnExecuteEP10napi_env__Pv
FNDA:9,_ZN4Napi11AsyncWorker14OnWorkCompleteEP10napi_env__11napi_statusPv
FNDA:9,_ZZN4Napi11AsyncWorker14OnWorkCompleteEP10napi_env__11napi_statusPvENKUlvE_clEv
FNF:166
FNH:115
DA:68,3
DA:72,3
DA:73,3
DA:74,3
DA:76,3
DA:77,0
DA:78,0
DA:81,3
DA:82,3
DA:92,3
DA:95,3
DA:101,52
DA:104,52
DA:105,4
DA:106,2
DA:107,2
DA:218,1
DA:221,2
DA:222,3
DA:223,1
DA:224,3
DA:231,161
DA:232,161
DA:234,181
DA:235,181
DA:245,0
DA:247,0
DA:248,0
DA:249,0
DA:252,7
DA:254,7
DA:255,7
DA:256,7
DA:259,9
DA:261,9
DA:262,9
DA:263,9
DA:283,276
DA:284,276
DA:286,190
DA:287,190
DA:305,103
DA:306,103
DA:435,81
DA:436,81
DA:499,33
DA:501,33
DA:502,33
DA:503,33
DA:509,47
DA:510,47
DA:516,14
DA:517,14
DA:539,14
DA:541,14
DA:542,14
DA:543,14
DA:636,0
DA:637,0
DA:682,0
DA:683,0
DA:685,0
DA:686,0
DA:693,0
DA:695,0
DA:696,0
DA:698,0
DA:699,0
DA:700,0
DA:701,0
DA:702,0
DA:703,0
DA:800,1
DA:801,1
DA:820,1
DA:830,1
DA:875,18
DA:877,18
DA:878,18
DA:879,18
DA:885,162
DA:886,162
DA:976,0
DA:978,0
DA:979,0
DA:980,0
DA:1002,1
DA:1003,1
DA:1004,2
DA:1005,1
DA:1006,1
DA:1478,18
DA:1479,18
DA:1480,18
DA:1584,18
DA:1585,18
DA:1586,18
DA:1588,18
DA:1589,18
DA:1631,0
DA:1636,0
DA:1638,0
DA:1639,0
DA:1642,0
DA:1675,19
DA:1676,19
DA:1710,9
DA:1714,9
DA:1724,9
DA:1730,9
DA:1731,18
DA:1732,9
DA:1733,9
DA:1869,18
DA:1870,18
DA:1871,18
DA:1879,18
DA:1880,18
DA:1881,18
DA:1885,18
DA:1886,18
DA:1887,18
DA:1891,36
DA:1895,36
DA:1898,18
DA:1899,18
DA:1900,18
DA:1901,18
DA:1903,36
DA:1909,0
DA:1911,0
DA:1914,0
DA:1915,0
DA:1917,0
DA:1918,0
DA:1919,0
DA:1920,0
DA:1923,0
DA:1924,0
DA:1927,0
DA:1928,0
DA:1930,0
DA:1931,0
DA:1932,0
DA:1936,0
DA:1941,0
DA:1943,0
DA:1944,0
DA:1945,0
DA:1949,0
DA:1950,0
DA:1951,0
DA:1952,0
DA:1953,0
DA:1955,0
DA:1960,0
DA:1967,4
DA:1968,4
DA:1971,0
DA:1972,0
DA:1978,4
DA:1979,4
DA:1980,4
DA:1984,4
DA:1986,4
DA:2014,0
DA:2015,0
DA:2018,0
DA:2020,0
DA:2028,0
DA:2031,2
DA:2032,4
DA:2033,2
DA:2034,2
DA:2035,2
DA:2037,2
DA:2041,0
DA:2042,0
DA:2048,4
DA:2053,4
DA:2054,4
DA:2057,4
DA:2058,4
DA:2060,4
DA:2096,36
DA:2097,36
DA:2098,36
DA:2100,36
DA:2101,0
DA:2105,36
DA:2106,36
DA:2108,36
DA:2113,2
DA:2114,2
DA:2117,42
DA:2118,42
DA:2119,42
DA:2122,69
DA:2123,69
DA:2124,40
DA:2125,40
DA:2128,40
DA:2130,69
DA:2133,27
DA:2134,27
DA:2135,27
DA:2136,27
DA:2137,27
DA:2138,27
DA:2141,2
DA:2142,2
DA:2143,2
DA:2144,2
DA:2145,2
DA:2146,2
DA:2147,2
DA:2148,2
DA:2149,2
DA:2188,2
DA:2189,2
DA:2193,31
DA:2194,31
DA:2195,0
DA:2199,31
DA:2200,31
DA:2201,31
DA:2221,2
DA:2222,2
DA:2223,0
DA:2224,0
DA:2225,0
DA:2227,2
DA:2260,9
DA:2261,9
DA:2264,18
DA:2265,18
DA:2268,9
DA:2269,9
DA:2279,4
DA:2280,4
DA:2282,18
DA:2283,18
DA:2284,18
DA:2304,0
DA:2305,0
DA:2306,0
DA:2410,9
DA:2411,9
DA:2412,9
DA:2482,9
DA:2486,18
DA:2487,9
DA:2488,9
DA:2489,0
DA:2491,9
DA:2533,42
DA:2534,42
DA:2535,42
DA:2536,42
DA:2537,42
DA:2538,42
DA:2540,42
DA:2543,0
DA:2544,0
DA:2546,0
DA:2547,0
DA:2549,42
DA:2551,84
DA:2552,42
DA:2553,0
DA:2555,42
DA:2568,19
DA:2569,19
DA:2576,41
DA:2577,41
DA:2580,44
DA:2581,44
DA:2582,0
DA:2584,44
DA:2587,40
DA:2588,40
DA:2591,40
DA:2592,40
DA:2593,40
DA:2818,2
DA:2819,2
DA:2820,2
DA:2823,2
DA:2824,2
DA:2825,2
DA:2827,2
DA:2828,2
DA:2829,2
DA:2832,40
DA:2834,40
DA:2835,40
DA:2836,40
DA:2841,1
DA:2847,2
DA:2857,13
DA:2858,12
DA:2859,12
DA:2860,12
DA:2861,0
DA:2864,0
DA:2866,0
DA:2867,0
DA:2868,0
DA:2869,12
DA:2870,0
DA:2873,0
DA:2875,0
DA:2876,0
DA:2877,0
DA:2882,1
DA:2888,1
DA:2890,1
DA:2895,13
DA:2896,12
DA:2898,24
DA:2899,12
DA:2900,0
DA:2902,0
DA:2903,0
DA:2904,23
DA:2905,11
DA:2906,1
DA:2908,1
DA:2909,1
DA:2910,11
DA:2911,2
DA:2912,1
DA:2914,1
DA:2915,1
DA:2916,1
DA:2917,1
DA:2919,1
DA:2920,1
DA:2925,2
DA:2929,1
DA:2934,1
DA:2937,1
DA:2938,1
DA:3057,1
DA:3062,1
DA:3063,1
DA:3065,1
DA:3066,1
DA:3067,1
DA:3068,1
DA:3069,1
DA:3070,1
DA:3074,1
DA:3079,1
DA:3081,1
DA:3082,1
DA:3083,1
DA:3084,1
DA:3085,1
DA:3086,1
DA:3123,1
DA:3129,1
DA:3130,1
DA:3132,1
DA:3133,1
DA:3134,1
DA:3135,1
DA:3136,1
DA:3137,1
DA:3138,1
DA:3161,9
DA:3163,9
DA:3164,9
DA:3165,9
DA:3166,9
DA:3167,9
DA:3205,2
DA:3209,2
DA:3210,2
DA:3212,2
DA:3213,2
DA:3214,0
DA:3215,0
DA:3219,4
DA:3220,4
DA:3221,2
DA:3222,4
DA:3225,2
DA:3229,0
DA:3232,0
DA:3233,0
DA:3234,0
DA:3236,0
DA:3237,0
DA:3238,0
DA:3239,0
DA:3243,0
DA:3246,0
DA:3247,0
DA:3248,0
DA:3250,0
DA:3251,0
DA:3252,0
DA:3256,0
DA:3259,0
DA:3260,0
DA:3261,0
DA:3263,0
DA:3264,0
DA:3265,0
DA:3269,0
DA:3272,0
DA:3273,0
DA:3274,0
DA:3276,0
DA:3277,0
DA:3278,0
DA:3279,0
DA:3283,9
DA:3286,18
DA:3287,18
DA:3288,9
DA:3290,9
DA:3291,9
DA:3292,9
DA:3293,9
DA:3294,18
DA:3295,9
DA:3299,9
DA:3302,18
DA:3303,18
DA:3304,9
DA:3306,9
DA:3307,9
DA:3308,9
DA:3309,16
DA:3310,9
DA:3314,8
DA:3317,16
DA:3318,16
DA:3319,8
DA:3321,8
DA:3322,8
DA:3323,8
DA:3324,16
DA:3325,8
DA:3329,14
DA:3332,28
DA:3333,28
DA:3334,14
DA:3336,14
DA:3337,14
DA:3338,14
DA:3339,14
DA:3340,28
DA:3341,14
DA:3345,0
DA:3346,0
DA:3347,0
DA:3348,0
DA:3358,11
DA:3359,11
DA:3360,11
DA:3361,11
DA:3363,22
DA:3364,11
DA:3365,11
DA:3383,9
DA:3384,9
DA:3385,9
DA:3386,9
DA:3388,18
DA:3389,9
DA:3390,9
DA:3396,9
DA:3397,9
DA:3400,9
DA:3402,9
DA:3403,9
DA:3404,9
DA:3429,0
DA:3430,0
DA:3431,0
DA:3432,0
DA:3434,0
DA:3459,9
DA:3460,9
DA:3461,9
DA:3463,9
DA:3464,9
DA:3465,9
DA:3466,9
DA:3468,9
DA:3470,9
DA:3471,18
DA:3474,9
DA:3475,9
DA:3491,9
DA:3494,9
DA:3495,18
DA:3497,27
DA:3499,9
DA:3500,9
DA:3501,9
DA:3503,9
DA:3505,9
DA:3506,9
DA:3508,18
DA:3509,9
DA:3510,9
DA:3511,9
DA:3513,9
DA:3540,9
DA:3541,9
DA:3544,9
DA:3545,9
DA:3546,9
DA:3547,9
DA:3554,9
DA:3555,9
DA:3558,9
DA:3559,9
DA:3562,0
DA:3563,0
DA:3564,0
DA:3566,0
DA:3567,0
DA:3568,0
DA:3570,0
DA:3571,0
DA:3572,0
DA:3574,9
DA:3575,9
DA:3578,9
DA:3579,0
DA:3580,0
DA:3585,9
DA:3587,9
DA:3589,9
DA:3590,9
DA:3591,18
DA:3592,18
DA:3593,27
DA:3594,27
DA:3597,0
DA:3599,9
DA:3602,9
DA:3603,9
LF:548
LH:401
end_of_record
SF:/home/david/getdents/node_modules/node-addon-api/napi.h
FN:1051,_ZN4Napi15ObjectReferenceD2Ev
FN:1088,_ZN4Napi17FunctionReferenceD2Ev
FN:1222,_ZN4Napi5ErrorD2Ev
FN:1222,_ZN4Napi5ErrorD0Ev
FN:1478,_ZN4Napi23ClassPropertyDescriptorI8GetdentsEC2E24napi_property_descriptor
FN:1513,_ZN4Napi10ObjectWrapI8GetdentsED2Ev
FNDA:22,_ZN4Napi15ObjectReferenceD2Ev
FNDA:9,_ZN4Napi17FunctionReferenceD2Ev
FNDA:0,_ZN4Napi5ErrorD0Ev
FNDA:4,_ZN4Napi5ErrorD2Ev
FNDA:12,_ZN4Napi23ClassPropertyDescriptorI8GetdentsEC2E24napi_property_descriptor
FNDA:0,_ZN4Napi10ObjectWrapI8GetdentsED2Ev
FNF:6
FNH:4
DA:1051,22
DA:1088,9
DA:1222,4
DA:1478,12
DA:1513,0
LF:5
LH:4
end_of_record
SF:/usr/include/c++/7/bits/alloc_traits.h
FN:435,_ZNSt16allocator_traitsISaI24napi_property_descriptorEE8allocateERS1_m
FN:461,_ZNSt16allocator_traitsISaI24napi_property_descriptorEE10deallocateERS1_PS0_m
FNDA:1,_ZNSt16allocator_traitsISaI24napi_property_descriptorEE8allocateERS1_m
FNDA:1,_ZNSt16allocator_traitsISaI24napi_property_descriptorEE10deallocateERS1_PS0_m
FNF:2
FNH:2
DA:435,1
DA:436,1
DA:461,1
DA:462,1
LF:4
LH:4
end_of_record
SF:/usr/include/c++/7/bits/allocator.h
FN:131,_ZNSaI24napi_property_descriptorEC2Ev
FN:133,_ZNSaI24napi_property_descriptorEC2ERKS0_
FN:139,_ZNSaI24napi_property_descriptorED2Ev
FNDA:1,_ZNSaI24napi_property_descriptorEC2Ev
FNDA:1,_ZNSaI24napi_property_descriptorEC2ERKS0_
FNDA:2,_ZNSaI24napi_property_descriptorED2Ev
FNF:3
FNH:3
DA:131,1
DA:133,1
DA:134,1
DA:139,2
LF:4
LH:4
end_of_record
SF:/usr/include/c++/7/bits/basic_string.h
FN:139,_ZNSt7__cxx1112basic_stringIcSt11char_traitsIcESaIcEE12_Alloc_hiderD2Ev
FN:232,_ZNSt7__cxx1112basic_stringIcSt11char_traitsIcESaIcEE16_M_construct_auxIPcEEvT_S7_St12__false_type
FN:252,_ZNSt7__cxx1112basic_stringIcSt11char_traitsIcESaIcEE12_M_constructIPcEEvT_S7_
FN:604,_ZNSt7__cxx1112basic_stringIcSt11char_traitsIcESaIcEEC2IPcvEET_S7_RKS3_
FN:5956,_ZStplIcSt11char_traitsIcESaIcEENSt7__cxx1112basic_stringIT_T0_T1_EEOS8_S9_
FN:5980,_ZStplIcSt11char_traitsIcESaIcEENSt7__cxx1112basic_stringIT_T0_T1_EEOS8_PKS5_
FN:6405,_ZNSt7__cxx119to_stringEi
FNDA:0,_ZNSt7__cxx1112basic_stringIcSt11char_traitsIcESaIcEE12_Alloc_hiderD2Ev
FNDA:0,_ZNSt7__cxx1112basic_stringIcSt11char_traitsIcESaIcEE16_M_construct_auxIPcEEvT_S7_St12__false_type
FNDA:0,_ZNSt7__cxx1112basic_stringIcSt11char_traitsIcESaIcEE12_M_constructIPcEEvT_S7_
FNDA:0,_ZNSt7__cxx1112basic_stringIcSt11char_traitsIcESaIcEEC2IPcvEET_S7_RKS3_
FNDA:4,_ZStplIcSt11char_traitsIcESaIcEENSt7__cxx1112basic_stringIT_T0_T1_EEOS8_S9_
FNDA:4,_ZStplIcSt11char_traitsIcESaIcEENSt7__cxx1112basic_stringIT_T0_T1_EEOS8_PKS5_
FNDA:0,_ZNSt7__cxx119to_stringEi
FNF:7
FNH:2
DA:139,0
DA:232,0
DA:236,0
DA:237,0
DA:252,0
DA:255,0
DA:256,0
DA:604,0
DA:606,0
DA:607,0
DA:5956,4
DA:5959,4
DA:5960,8
DA:5961,4
DA:5962,0
DA:5963,4
DA:5980,4
DA:5982,4
DA:6405,0
DA:6407,0
LF:20
LH:7
end_of_record
SF:/usr/include/c++/7/bits/basic_string.tcc
FN:206,_ZNSt7__cxx1112basic_stringIcSt11char_traitsIcESaIcEE12_M_constructIPcEEvT_S7_St20forward_iterator_tag
FNDA:0,_ZNSt7__cxx1112basic_stringIcSt11char_traitsIcESaIcEE12_M_constructIPcEEvT_S7_St20forward_iterator_tag
FNF:1
FNH:0
DA:206,0
DA:211,0
DA:212,0
DA:215,0
DA:217,0
DA:219,0
DA:220,0
DA:225,0
DA:226,0
DA:228,0
DA:229,0
DA:232,0
DA:233,0
LF:13
LH:0
end_of_record
SF:/usr/include/c++/7/bits/exception.h
FN:63,_ZNSt9exceptionC2Ev
FNDA:4,_ZNSt9exceptionC2Ev
FNF:1
FNH:1
DA:63,4
LF:1
LH:1
end_of_record
SF:/usr/include/c++/7/bits/move.h
FN:98,_ZSt4moveIRN4Napi9ReferenceINS0_6ObjectEEEEONSt16remove_referenceIT_E4typeEOS6_
FN:98,_ZSt4moveIRNSt7__cxx1112basic_stringIcSt11char_traitsIcESaIcEEEEONSt16remove_referenceIT_E4typeEOS8_
FN:98,_ZSt4moveIRN4Napi9ReferenceINS0_8FunctionEEEEONSt16remove_referenceIT_E4typeEOS6_
FNDA:8,_ZSt4moveIRNSt7__cxx1112basic_stringIcSt11char_traitsIcESaIcEEEEONSt16remove_referenceIT_E4typeEOS8_
FNDA:9,_ZSt4moveIRN4Napi9ReferenceINS0_8FunctionEEEEONSt16remove_referenceIT_E4typeEOS6_
FNDA:18,_ZSt4moveIRN4Napi9ReferenceINS0_6ObjectEEEEONSt16remove_referenceIT_E4typeEOS6_
FNF:3
FNH:3
DA:98,35
DA:99,35
LF:2
LH:2
end_of_record
SF:/usr/include/c++/7/bits/stl_algobase.h
FN:277,_ZSt12__niter_baseIP24napi_property_descriptorET_S2_
FN:738,_ZSt10__fill_n_aIP24napi_property_descriptormS0_EN9__gnu_cxx11__enable_ifIXntsrSt11__is_scalarIT1_E7__valueET_E6__typeES7_T0_RKS5_
FN:784,_ZSt6fill_nIP24napi_property_descriptormS0_ET_S2_T0_RKT1_
FNDA:1,_ZSt12__niter_baseIP24napi_property_descriptorET_S2_
FNDA:1,_ZSt10__fill_n_aIP24napi_property_descriptormS0_EN9__gnu_cxx11__enable_ifIXntsrSt11__is_scalarIT1_E7__valueET_E6__typeES7_T0_RKS5_
FNDA:1,_ZSt6fill_nIP24napi_property_descriptormS0_ET_S2_T0_RKT1_
FNF:3
FNH:3
DA:277,1
DA:278,1
DA:738,1
DA:740,13
DA:741,13
DA:742,12
DA:743,1
DA:784,1
DA:789,1
LF:9
LH:9
end_of_record
SF:/usr/include/c++/7/bits/stl_construct.h
FN:117,_ZNSt12_Destroy_auxILb1EE9__destroyIP24napi_property_descriptorEEvT_S4_
FN:127,_ZSt8_DestroyIP24napi_property_descriptorEvT_S2_
FN:203,_ZSt8_DestroyIP24napi_property_descriptorS0_EvT_S2_RSaIT0_E
FNDA:1,_ZNSt12_Destroy_auxILb1EE9__destroyIP24napi_property_descriptorEEvT_S4_
FNDA:1,_ZSt8_DestroyIP24napi_property_descriptorEvT_S2_
FNDA:1,_ZSt8_DestroyIP24napi_property_descriptorS0_EvT_S2_RSaIT0_E
FNF:3
FNH:3
DA:117,1
DA:127,1
DA:137,1
DA:138,1
DA:203,1
DA:206,1
DA:207,1
LF:7
LH:7
end_of_record
SF:/usr/include/c++/7/bits/stl_iterator_base_funcs.h
FN:98,_ZSt10__distanceIPcENSt15iterator_traitsIT_E15difference_typeES2_S2_St26random_access_iterator_tag
FN:138,_ZSt8distanceIPcENSt15iterator_traitsIT_E15difference_typeES2_S2_
FNDA:0,_ZSt10__distanceIPcENSt15iterator_traitsIT_E15difference_typeES2_S2_St26random_access_iterator_tag
FNDA:0,_ZSt8distanceIPcENSt15iterator_traitsIT_E15difference_typeES2_S2_
FNF:2
FNH:0
DA:98,0
DA:104,0
DA:138,0
DA:141,0
DA:142,0
LF:5
LH:0
end_of_record
SF:/usr/include/c++/7/bits/stl_iterator_base_types.h
FN:205,_ZSt19__iterator_categoryIPcENSt15iterator_traitsIT_E17iterator_categoryERKS2_
FNDA:0,_ZSt19__iterator_categoryIPcENSt15iterator_traitsIT_E17iterator_categoryERKS2_
FNF:1
FNH:0
DA:205,0
DA:206,0
LF:2
LH:0
end_of_record
SF:/usr/include/c++/7/bits/stl_uninitialized.h
FN:543,_ZNSt27__uninitialized_default_n_1ILb1EE18__uninit_default_nIP24napi_property_descriptormEET_S4_T0_
FN:574,_ZSt25__uninitialized_default_nIP24napi_property_descriptormET_S2_T0_
FN:643,_ZSt27__uninitialized_default_n_aIP24napi_property_descriptormS0_ET_S2_T0_RSaIT1_E
FNDA:1,_ZNSt27__uninitialized_default_n_1ILb1EE18__uninit_default_nIP24napi_property_descriptormEET_S4_T0_
FNDA:1,_ZSt25__uninitialized_default_nIP24napi_property_descriptormET_S2_T0_
FNDA:1,_ZSt27__uninitialized_default_n_aIP24napi_property_descriptormS0_ET_S2_T0_RSaIT1_E
FNF:3
FNH:3
DA:543,1
DA:548,1
DA:574,1
DA:579,1
DA:583,1
DA:643,1
DA:645,1
LF:7
LH:7
end_of_record
SF:/usr/include/c++/7/bits/stl_vector.h
FN:81,_ZNSt12_Vector_baseI24napi_property_descriptorSaIS0_EE12_Vector_implD2Ev
FN:92,_ZNSt12_Vector_baseI24napi_property_descriptorSaIS0_EE12_Vector_implC2ERKS1_
FN:115,_ZNSt12_Vector_baseI24napi_property_descriptorSaIS0_EE19_M_get_Tp_allocatorEv
FN:136,_ZNSt12_Vector_baseI24napi_property_descriptorSaIS0_EEC2EmRKS1_
FN:161,_ZNSt12_Vector_baseI24napi_property_descriptorSaIS0_EED2Ev
FN:169,_ZNSt12_Vector_baseI24napi_property_descriptorSaIS0_EE11_M_allocateEm
FN:176,_ZNSt12_Vector_baseI24napi_property_descriptorSaIS0_EE13_M_deallocateEPS0_m
FN:185,_ZNSt12_Vector_baseI24napi_property_descriptorSaIS0_EE17_M_create_storageEm
FN:283,_ZNSt6vectorI24napi_property_descriptorSaIS0_EEC2EmRKS1_
FN:433,_ZNSt6vectorI24napi_property_descriptorSaIS0_EED2Ev
FN:795,_ZNSt6vectorI24napi_property_descriptorSaIS0_EEixEm
FN:920,_ZNSt6vectorI24napi_property_descriptorSaIS0_EE4dataEv
FN:1344,_ZNSt6vectorI24napi_property_descriptorSaIS0_EE21_M_default_initializeEm
FN:1557,_ZNKSt6vectorI24napi_property_descriptorSaIS0_EE11_M_data_ptrIS0_EEPT_S5_
FNDA:1,_ZNSt12_Vector_baseI24napi_property_descriptorSaIS0_EE12_Vector_implD2Ev
FNDA:1,_ZNSt12_Vector_baseI24napi_property_descriptorSaIS0_EE12_Vector_implC2ERKS1_
FNDA:2,_ZNSt12_Vector_baseI24napi_property_descriptorSaIS0_EE19_M_get_Tp_allocatorEv
FNDA:1,_ZNSt12_Vector_baseI24napi_property_descriptorSaIS0_EEC2EmRKS1_
FNDA:1,_ZNSt12_Vector_baseI24napi_property_descriptorSaIS0_EED2Ev
FNDA:1,_ZNSt12_Vector_baseI24napi_property_descriptorSaIS0_EE11_M_allocateEm
FNDA:1,_ZNSt12_Vector_baseI24napi_property_descriptorSaIS0_EE13_M_deallocateEPS0_m
FNDA:1,_ZNSt12_Vector_baseI24napi_property_descriptorSaIS0_EE17_M_create_storageEm
FNDA:1,_ZNSt6vectorI24napi_property_descriptorSaIS0_EEC2EmRKS1_
FNDA:1,_ZNSt6vectorI24napi_property_descriptorSaIS0_EED2Ev
FNDA:36,_ZNSt6vectorI24napi_property_descriptorSaIS0_EEixEm
FNDA:1,_ZNSt6vectorI24napi_property_descriptorSaIS0_EE4dataEv
FNDA:1,_ZNSt6vectorI24napi_property_descriptorSaIS0_EE21_M_default_initializeEm
FNDA:1,_ZNKSt6vectorI24napi_property_descriptorSaIS0_EE11_M_data_ptrIS0_EEPT_S5_
FNF:14
FNH:14
DA:81,1
DA:92,1
DA:93,1
DA:94,1
DA:115,2
DA:116,2
DA:136,1
DA:137,1
DA:138,1
DA:161,1
DA:162,2
DA:163,2
DA:169,1
DA:172,1
DA:176,1
DA:179,1
DA:180,1
DA:181,1
DA:185,1
DA:187,1
DA:188,1
DA:189,1
DA:190,1
DA:283,1
DA:284,1
DA:285,1
DA:433,1
DA:434,1
DA:435,2
DA:795,36
DA:798,36
DA:920,1
DA:921,1
DA:1344,1
DA:1346,1
DA:1347,1
DA:1348,1
DA:1349,1
DA:1557,1
DA:1558,1
LF:40
LH:40
end_of_record
SF:/usr/include/c++/7/ext/new_allocator.h
FN:79,_ZN9__gnu_cxx13new_allocatorI24napi_property_descriptorEC2Ev
FN:81,_ZN9__gnu_cxx13new_allocatorI24napi_property_descriptorEC2ERKS2_
FN:86,_ZN9__gnu_cxx13new_allocatorI24napi_property_descriptorED2Ev
FN:99,_ZN9__gnu_cxx13new_allocatorI24napi_property_descriptorE8allocateEmPKv
FN:116,_ZN9__gnu_cxx13new_allocatorI24napi_property_descriptorE10deallocateEPS1_m
FN:129,_ZNK9__gnu_cxx13new_allocatorI24napi_property_descriptorE8max_sizeEv
FNDA:1,_ZN9__gnu_cxx13new_allocatorI24napi_property_descriptorEC2Ev
FNDA:1,_ZN9__gnu_cxx13new_allocatorI24napi_property_descriptorEC2ERKS2_
FNDA:2,_ZN9__gnu_cxx13new_allocatorI24napi_property_descriptorED2Ev
FNDA:1,_ZN9__gnu_cxx13new_allocatorI24napi_property_descriptorE8allocateEmPKv
FNDA:1,_ZN9__gnu_cxx13new_allocatorI24napi_property_descriptorE10deallocateEPS1_m
FNDA:1,_ZNK9__gnu_cxx13new_allocatorI24napi_property_descriptorE8max_sizeEv
FNF:6
FNH:6
DA:79,1
DA:81,1
DA:86,2
DA:99,1
DA:101,1
DA:102,0
DA:111,1
DA:116,1
DA:125,1
DA:126,1
DA:129,1
DA:130,1
LF:12
LH:11
end_of_record
SF:/usr/include/c++/7/ext/string_conversions.h
FN:99,_ZN9__gnu_cxx12__to_xstringINSt7__cxx1112basic_stringIcSt11char_traitsIcESaIcEEEcEET_PFiPT0_mPKS8_P13__va_list_tagEmSB_z
FNDA:0,_ZN9__gnu_cxx12__to_xstringINSt7__cxx1112basic_stringIcSt11char_traitsIcESaIcEEEcEET_PFiPT0_mPKS8_P13__va_list_tagEmSB_z
FNF:1
FNH:0
DA:99,0
DA:105,0
DA:109,0
DA:111,0
DA:113,0
DA:115,0
LF:6
LH:0
end_of_record
SF:/usr/include/c++/7/ext/type_traits.h
FN:152,_ZN9__gnu_cxx17__is_null_pointerIcEEbPT_
FNDA:0,_ZN9__gnu_cxx17__is_null_pointerIcEEbPT_
FNF:1
FNH:0
DA:152,0
DA:153,0
LF:2
LH:0
end_of_record
SF:/usr/include/c++/7/initializer_list
FN:66,_ZNSt16initializer_listIP12napi_value__EC1Ev
FN:71,_ZNKSt16initializer_listIN4Napi23ClassPropertyDescriptorI8GetdentsEEE4sizeEv
FN:71,_ZNKSt16initializer_listIP12napi_value__E4sizeEv
FN:75,_ZNKSt16initializer_listIN4Napi23ClassPropertyDescriptorI8GetdentsEEE5beginEv
FN:75,_ZNKSt16initializer_listIP12napi_value__E5beginEv
FNDA:0,_ZNSt16initializer_listIP12napi_value__EC1Ev
FNDA:1,_ZNKSt16initializer_listIN4Napi23ClassPropertyDescriptorI8GetdentsEEE4sizeEv
FNDA:9,_ZNKSt16initializer_listIP12napi_value__E4sizeEv
FNDA:1,_ZNKSt16initializer_listIN4Napi23ClassPropertyDescriptorI8GetdentsEEE5beginEv
FNDA:9,_ZNKSt16initializer_listIP12napi_value__E5beginEv
FNF:5
FNH:4
DA:66,0
DA:67,0
DA:71,10
DA:75,10
LF:4
LH:2
end_of_record
SF:/home/david/getdents/src/getdents.cc
FN:28,_ZN8GetdentsC2ERKN4Napi12CallbackInfoE
FN:40,_Z10ErrnoErrorRKN4Napi3EnvEiPKc
FN:61,_Z18GetdentsErrnoErrorRKN4Napi3EnvEi
FN:66,_ZN8Getdents8NextSyncEPhj
FN:71,_ZN8Getdents8NextSyncERKN4Napi12CallbackInfoE
FN:82,_ZN19GetdentsAsyncWorkerD0Ev
FN:82,_ZN19GetdentsAsyncWorkerD2Ev
FN:85,_ZN19GetdentsAsyncWorkerC2EP8GetdentsRKN4Napi8FunctionERKNS2_6BufferIhEE
FN:98,_ZN19GetdentsAsyncWorker7ExecuteEv
FN:107,_ZN19GetdentsAsyncWorker4OnOKEv
FN:129,_ZN8Getdents4NextERKN4Napi12CallbackInfoE
FN:137,_ZN8Getdents5GetFDERKN4Napi12CallbackInfoE
FN:142,_ZN8Getdents5SetFDERKN4Napi12CallbackInfoERKNS0_5ValueE
FN:147,_ZN8Getdents10InitializeEN4Napi3EnvENS0_6ObjectE
FN:168,_Z10InitializeN4Napi3EnvENS_6ObjectE
FN:173,_register_getdents
FN:173,_Z17__napi_InitializeP10napi_env__P12napi_value__
FNDA:2,_ZN8GetdentsC2ERKN4Napi12CallbackInfoE
FNDA:4,_Z10ErrnoErrorRKN4Napi3EnvEiPKc
FNDA:4,_Z18GetdentsErrnoErrorRKN4Napi3EnvEi
FNDA:18,_ZN8Getdents8NextSyncEPhj
FNDA:9,_ZN8Getdents8NextSyncERKN4Napi12CallbackInfoE
FNDA:9,_ZN19GetdentsAsyncWorkerD0Ev
FNDA:9,_ZN19GetdentsAsyncWorkerD2Ev
FNDA:9,_ZN19GetdentsAsyncWorkerC2EP8GetdentsRKN4Napi8FunctionERKNS2_6BufferIhEE
FNDA:9,_ZN19GetdentsAsyncWorker7ExecuteEv
FNDA:9,_ZN19GetdentsAsyncWorker4OnOKEv
FNDA:9,_ZN8Getdents4NextERKN4Napi12CallbackInfoE
FNDA:8,_ZN8Getdents5GetFDERKN4Napi12CallbackInfoE
FNDA:14,_ZN8Getdents5SetFDERKN4Napi12CallbackInfoERKNS0_5ValueE
FNDA:1,_ZN8Getdents10InitializeEN4Napi3EnvENS0_6ObjectE
FNDA:1,_Z10InitializeN4Napi3EnvENS_6ObjectE
FNDA:1,_register_getdents
FNDA:1,_Z17__napi_InitializeP10napi_env__P12napi_value__
FNF:17
FNH:17
DA:28,2
DA:30,2
DA:32,2
DA:40,4
DA:42,4
DA:44,4
DA:58,4
DA:61,4
DA:63,4
DA:66,18
DA:68,18
DA:71,9
DA:73,9
DA:74,9
DA:75,9
DA:77,2
DA:79,7
DA:82,18
DA:85,9
DA:87,9
DA:92,9
DA:93,18
DA:95,9
DA:98,9
DA:100,9
DA:101,9
DA:103,2
DA:105,9
DA:107,9
DA:109,9
DA:111,18
DA:112,18
DA:113,27
DA:115,18
DA:116,18
DA:117,27
DA:118,9
DA:129,9
DA:132,18
DA:133,27
DA:134,27
DA:135,9
DA:137,8
DA:139,8
DA:142,14
DA:144,14
DA:145,14
DA:147,1
DA:149,1
DA:151,1
DA:152,1
DA:153,1
DA:154,2
DA:155,2
DA:156,2
DA:157,2
DA:158,2
DA:159,2
DA:160,2
DA:161,2
DA:162,2
DA:163,13
DA:165,1
DA:168,1
DA:170,1
DA:173,2
LF:66
LH:66
end_of_record
