TN:
SF:/home/david/getdents/node_modules/node-addon-api/napi-inl.h
FN:54,_ZN4Napi7details12WrapCallbackIZNS_10ObjectWrapI8GetdentsE33InstanceVoidMethodCallbackWrapperEP10napi_env__P20napi_callback_info__EUlvE_EEP12napi_value__T_
FN:54,_ZN4Napi7details12WrapCallbackIZNS_10ObjectWrapI8GetdentsE26ConstructorCallbackWrapperEP10napi_env__P20napi_callback_info__EUlvE_EEP12napi_value__T_
FN:54,_ZN4Napi7details12WrapCallbackIZNS_14RegisterModuleEP10napi_env__P12napi_value__PFNS_6ObjectENS_3EnvES6_EEUlvE_EES5_T_
FN:54,_ZN4Napi7details12WrapCallbackIZNS_10ObjectWrapI8GetdentsE29InstanceSetterCallbackWrapperEP10napi_env__P20napi_callback_info__EUlvE_EEP12napi_value__T_
FN:54,_ZN4Napi7details12WrapCallbackIZNS_10ObjectWrapI8GetdentsE29InstanceMethodCallbackWrapperEP10napi_env__P20napi_callback_info__EUlvE_EEP12napi_value__T_
FN:54,_ZN4Napi7details12WrapCallbackIZNS_11AsyncWorker14OnWorkCompleteEP10napi_env__11napi_statusPvEUlvE_EEP12napi_value__T_
FN:54,_ZN4Napi7details12WrapCallbackIZNS_10ObjectWrapI8GetdentsE29InstanceGetterCallbackWrapperEP10napi_env__P20napi_callback_info__EUlvE_EEP12napi_value__T_
FN:167,_ZN4Napi14RegisterModuleEP10napi_env__P12napi_value__PFNS_6ObjectENS_3EnvES4_E
FN:170,_ZZN4Napi14RegisterModuleEP10napi_env__P12napi_value__PFNS_6ObjectENS_3EnvES4_EENKUlvE_clEv
FN:180,_ZN4Napi3EnvC2EP10napi_env__
FN:183,_ZNK4Napi3EnvcvP10napi_env__Ev
FN:194,_ZNK4Napi3Env9UndefinedEv
FN:201,_ZNK4Napi3Env4NullEv
FN:232,_ZN4Napi5ValueC2EP10napi_env__P12napi_value__
FN:235,_ZNK4Napi5ValuecvP12napi_value__Ev
FN:254,_ZNK4Napi5Value3EnvEv
FN:350,_ZNK4Napi5Value2AsINS_6BufferIhEEEET_v
FN:350,_ZNK4Napi5Value2AsINS_8FunctionEEET_v
FN:350,_ZNK4Napi5Value2AsINS_6NumberEEET_v
FN:350,_ZNK4Napi5Value2AsINS_6StringEEET_v
FN:350,_ZNK4Napi5Value2AsINS_6ObjectEEET_v
FN:414,_ZN4Napi6Number3NewEP10napi_env__d
FN:424,_ZN4Napi6NumberC2EP10napi_env__P12napi_value__
FN:431,_ZNK4Napi6NumbercvjEv
FN:454,_ZNK4Napi6Number11Uint32ValueEv
FN:486,_ZN4Napi4NameC2EP10napi_env__P12napi_value__
FN:532,_ZN4Napi6StringC2EP10napi_env__P12napi_value__
FN:535,_ZNK4Napi6StringcvNSt7__cxx1112basic_stringIcSt11char_traitsIcESaIcEEEEv
FN:543,_ZNK4Napi6String9Utf8ValueB5cxx11Ev
FN:621,_ZN4Napi6Object3NewEP10napi_env__
FN:631,_ZN4Napi6ObjectC2EP10napi_env__P12napi_value__
FN:697,_ZNK4Napi6Object3GetEPKc
FN:718,_ZN4Napi6Object3SetEPKcNS_5ValueE
FN:1223,_ZN4Napi8FunctionC2EP10napi_env__P12napi_value__
FN:1258,_ZNK4Napi8Function12MakeCallbackEP12napi_value__RKSt16initializer_listIS2_E
FN:1268,_ZNK4Napi8Function12MakeCallbackEP12napi_value__mPKS2_
FN:1376,_ZN4Napi6BufferIhEC2EP10napi_env__P12napi_value__
FN:1386,_ZNK4Napi6BufferIhE6LengthEv
FN:1392,_ZNK4Napi6BufferIhE4DataEv
FN:1398,_ZNK4Napi6BufferIhE10EnsureInfoEv
FN:1416,_ZN4Napi5Error3NewEP10napi_env__
FN:1474,_ZN4Napi5Error3NewEP10napi_env__RKNSt7__cxx1112basic_stringIcSt11char_traitsIcESaIcEEE
FN:1478,_ZN4Napi5Error5FatalEPKcS2_
FN:1485,_ZN4Napi5ErrorC2EP10napi_env__P12napi_value__
FN:1521,_ZNK4Napi5Error7MessageB5cxx11Ev
FN:1538,_ZNK4Napi5Error26ThrowAsJavaScriptExceptionEv
FN:1548,_ZNK4Napi5Error4whatEv
FN:1555,_ZN4Napi5Error3NewIS0_EET_P10napi_env__PKcmPF11napi_statusS4_P12napi_value__S9_PS9_E
FN:1603,_ZN4Napi9ReferenceINS_6ObjectEE3NewERKS1_j
FN:1603,_ZN4Napi9ReferenceINS_8FunctionEE3NewERKS1_j
FN:1603,_ZN4Napi9ReferenceINS_6BufferIhEEE3NewERKS2_j
FN:1620,_ZN4Napi9ReferenceINS_6ObjectEEC2Ev
FN:1624,_ZN4Napi9ReferenceINS_8FunctionEEC2EP10napi_env__P10napi_ref__
FN:1624,_ZN4Napi9ReferenceINS_6BufferIhEEEC2EP10napi_env__P10napi_ref__
FN:1624,_ZN4Napi9ReferenceINS_6ObjectEEC2EP10napi_env__P10napi_ref__
FN:1629,_ZN4Napi9ReferenceINS_8FunctionEED2Ev
FN:1629,_ZN4Napi9ReferenceINS_6ObjectEED2Ev
FN:1629,_ZN4Napi9ReferenceINS_6BufferIhEEED2Ev
FN:1640,_ZN4Napi9ReferenceINS_8FunctionEEC2EOS2_
FN:1640,_ZN4Napi9ReferenceINS_6ObjectEEC2EOS2_
FN:1648,_ZN4Napi9ReferenceINS_6ObjectEEaSEOS2_
FN:1695,_ZNK4Napi9ReferenceINS_6ObjectEE7IsEmptyEv
FN:1700,_ZNK4Napi9ReferenceINS_6ObjectEE5ValueEv
FN:1700,_ZNK4Napi9ReferenceINS_8FunctionEE5ValueEv
FN:1728,_ZN4Napi9ReferenceINS_6ObjectEE5ResetEv
FN:1767,_ZN4Napi10PersistentINS_6BufferIhEEEENS_9ReferenceIT_EES4_
FN:1771,_ZN4Napi10PersistentENS_6ObjectE
FN:1775,_ZN4Napi10PersistentENS_8FunctionE
FN:1786,_ZN4Napi15ObjectReferenceC2EP10napi_env__P10napi_ref__
FN:1789,_ZN4Napi15ObjectReferenceC2EONS_9ReferenceINS_6ObjectEEE
FN:1811,_ZNK4Napi15ObjectReference3GetEPKc
FN:1917,_ZN4Napi17FunctionReferenceC2EONS_9ReferenceINS_8FunctionEEE
FN:1963,_ZNK4Napi17FunctionReference12MakeCallbackEP12napi_value__RKSt16initializer_listIS2_E
FN:1989,_ZN4Napi12CallbackInfoC2EP10napi_env__P20napi_callback_info__
FN:2007,_ZN4Napi12CallbackInfoD2Ev
FN:2024,_ZNK4Napi12CallbackInfo3EnvEv
FN:2032,_ZNK4Napi12CallbackInfoixEm
FN:2036,_ZNK4Napi12CallbackInfo4ThisEv
FN:2043,_ZNK4Napi12CallbackInfo4DataEv
FN:2047,_ZN4Napi12CallbackInfo7SetDataEPv
FN:2286,_ZN4Napi10ObjectWrapI8GetdentsEC2ERKNS_12CallbackInfoE
FN:2300,_ZN4Napi10ObjectWrapI8GetdentsE6UnwrapENS_6ObjectE
FN:2308,_ZN4Napi10ObjectWrapI8GetdentsE11DefineClassENS_3EnvEPKcRKSt16initializer_listINS_23ClassPropertyDescriptorIS1_EEEPv
FN:2394,_ZN4Napi10ObjectWrapI8GetdentsE14InstanceMethodEPKcMS1_FvRKNS_12CallbackInfoEE24napi_property_attributesPv
FN:2412,_ZN4Napi10ObjectWrapI8GetdentsE14InstanceMethodEPKcMS1_FNS_5ValueERKNS_12CallbackInfoEE24napi_property_attributesPv
FN:2429,_ZN4Napi10ObjectWrapI8GetdentsE16InstanceAccessorEPKcMS1_FNS_5ValueERKNS_12CallbackInfoEEMS1_FvS8_RKS5_E24napi_property_attributesPv
FN:2449,_ZN4Napi10ObjectWrapI8GetdentsE11StaticValueEPKcNS_5ValueE24napi_property_attributes
FN:2471,_ZN4Napi10ObjectWrapI8GetdentsE26ConstructorCallbackWrapperEP10napi_env__P20napi_callback_info__
FN:2485,_ZZN4Napi10ObjectWrapI8GetdentsE26ConstructorCallbackWrapperEP10napi_env__P20napi_callback_info__ENKUlvE_clEv
FN:2549,_ZN4Napi10ObjectWrapI8GetdentsE33InstanceVoidMethodCallbackWrapperEP10napi_env__P20napi_callback_info__
FN:2552,_ZZN4Napi10ObjectWrapI8GetdentsE33InstanceVoidMethodCallbackWrapperEP10napi_env__P20napi_callback_info__ENKUlvE_clEv
FN:2565,_ZN4Napi10ObjectWrapI8GetdentsE29InstanceMethodCallbackWrapperEP10napi_env__P20napi_callback_info__
FN:2568,_ZZN4Napi10ObjectWrapI8GetdentsE29InstanceMethodCallbackWrapperEP10napi_env__P20napi_callback_info__ENKUlvE_clEv
FN:2580,_ZN4Napi10ObjectWrapI8GetdentsE29InstanceGetterCallbackWrapperEP10napi_env__P20napi_callback_info__
FN:2583,_ZZN4Napi10ObjectWrapI8GetdentsE29InstanceGetterCallbackWrapperEP10napi_env__P20napi_callback_info__ENKUlvE_clEv
FN:2595,_ZN4Napi10ObjectWrapI8GetdentsE29InstanceSetterCallbackWrapperEP10napi_env__P20napi_callback_info__
FN:2598,_ZZN4Napi10ObjectWrapI8GetdentsE29InstanceSetterCallbackWrapperEP10napi_env__P20napi_callback_info__ENKUlvE_clEv
FN:2611,_ZN4Napi10ObjectWrapI8GetdentsE16FinalizeCallbackEP10napi_env__PvS5_
FN:2624,_ZN4Napi11HandleScopeC2ENS_3EnvE
FN:2629,_ZN4Napi11HandleScopeD2Ev
FN:2649,_ZN4Napi20EscapableHandleScopeC2ENS_3EnvE
FN:2654,_ZN4Napi20EscapableHandleScopeD2Ev
FN:2666,_ZN4Napi20EscapableHandleScope6EscapeEP12napi_value__
FN:2677,_ZN4Napi11AsyncWorkerC2ERKNS_8FunctionE
FN:2681,_ZN4Napi11AsyncWorkerC2ERKNS_6ObjectERKNS_8FunctionE
FN:2696,_ZN4Napi11AsyncWorkerD2Ev
FN:2696,_ZN4Napi11AsyncWorkerD0Ev
FN:2728,_ZNK4Napi11AsyncWorker3EnvEv
FN:2732,_ZN4Napi11AsyncWorker5QueueEv
FN:2742,_ZN4Napi11AsyncWorker8ReceiverEv
FN:2746,_ZN4Napi11AsyncWorker8CallbackEv
FN:2750,_ZN4Napi11AsyncWorker4OnOKEv
FN:2754,_ZN4Napi11AsyncWorker7OnErrorERKNS_5ErrorE
FN:2758,_ZN4Napi11AsyncWorker8SetErrorERKNSt7__cxx1112basic_stringIcSt11char_traitsIcESaIcEEE
FN:2762,_ZN4Napi11AsyncWorker9OnExecuteEP10napi_env__Pv
FN:2775,_ZN4Napi11AsyncWorker14OnWorkCompleteEP10napi_env__11napi_statusPv
FN:2780,_ZZN4Napi11AsyncWorker14OnWorkCompleteEP10napi_env__11napi_statusPvENKUlvE_clEv
FNDA:0,_ZN4Napi7details12WrapCallbackIZNS_10ObjectWrapI8GetdentsE33InstanceVoidMethodCallbackWrapperEP10napi_env__P20napi_callback_info__EUlvE_EEP12napi_value__T_
FNDA:0,_ZN4Napi7details12WrapCallbackIZNS_10ObjectWrapI8GetdentsE26ConstructorCallbackWrapperEP10napi_env__P20napi_callback_info__EUlvE_EEP12napi_value__T_
FNDA:0,_ZN4Napi7details12WrapCallbackIZNS_14RegisterModuleEP10napi_env__P12napi_value__PFNS_6ObjectENS_3EnvES6_EEUlvE_EES5_T_
FNDA:0,_ZN4Napi7details12WrapCallbackIZNS_10ObjectWrapI8GetdentsE29InstanceSetterCallbackWrapperEP10napi_env__P20napi_callback_info__EUlvE_EEP12napi_value__T_
FNDA:0,_ZN4Napi7details12WrapCallbackIZNS_10ObjectWrapI8GetdentsE29InstanceMethodCallbackWrapperEP10napi_env__P20napi_callback_info__EUlvE_EEP12napi_value__T_
FNDA:0,_ZN4Napi7details12WrapCallbackIZNS_11AsyncWorker14OnWorkCompleteEP10napi_env__11napi_statusPvEUlvE_EEP12napi_value__T_
FNDA:0,_ZN4Napi7details12WrapCallbackIZNS_10ObjectWrapI8GetdentsE29InstanceGetterCallbackWrapperEP10napi_env__P20napi_callback_info__EUlvE_EEP12napi_value__T_
FNDA:0,_ZN4Napi14RegisterModuleEP10napi_env__P12napi_value__PFNS_6ObjectENS_3EnvES4_E
FNDA:0,_ZZN4Napi14RegisterModuleEP10napi_env__P12napi_value__PFNS_6ObjectENS_3EnvES4_EENKUlvE_clEv
FNDA:0,_ZN4Napi3EnvC2EP10napi_env__
FNDA:0,_ZNK4Napi3EnvcvP10napi_env__Ev
FNDA:0,_ZNK4Napi3Env9UndefinedEv
FNDA:0,_ZNK4Napi3Env4NullEv
FNDA:0,_ZN4Napi5ValueC2EP10napi_env__P12napi_value__
FNDA:0,_ZNK4Napi5ValuecvP12napi_value__Ev
FNDA:0,_ZNK4Napi5Value3EnvEv
FNDA:0,_ZNK4Napi5Value2AsINS_6BufferIhEEEET_v
FNDA:0,_ZNK4Napi5Value2AsINS_8FunctionEEET_v
FNDA:0,_ZNK4Napi5Value2AsINS_6NumberEEET_v
FNDA:0,_ZNK4Napi5Value2AsINS_6StringEEET_v
FNDA:0,_ZNK4Napi5Value2AsINS_6ObjectEEET_v
FNDA:0,_ZN4Napi6Number3NewEP10napi_env__d
FNDA:0,_ZN4Napi6NumberC2EP10napi_env__P12napi_value__
FNDA:0,_ZNK4Napi6NumbercvjEv
FNDA:0,_ZNK4Napi6Number11Uint32ValueEv
FNDA:0,_ZN4Napi4NameC2EP10napi_env__P12napi_value__
FNDA:0,_ZN4Napi6StringC2EP10napi_env__P12napi_value__
FNDA:0,_ZNK4Napi6StringcvNSt7__cxx1112basic_stringIcSt11char_traitsIcESaIcEEEEv
FNDA:0,_ZNK4Napi6String9Utf8ValueB5cxx11Ev
FNDA:0,_ZN4Napi6Object3NewEP10napi_env__
FNDA:0,_ZN4Napi6ObjectC2EP10napi_env__P12napi_value__
FNDA:0,_ZNK4Napi6Object3GetEPKc
FNDA:0,_ZN4Napi6Object3SetEPKcNS_5ValueE
FNDA:0,_ZN4Napi8FunctionC2EP10napi_env__P12napi_value__
FNDA:0,_ZNK4Napi8Function12MakeCallbackEP12napi_value__RKSt16initializer_listIS2_E
FNDA:0,_ZNK4Napi8Function12MakeCallbackEP12napi_value__mPKS2_
FNDA:0,_ZN4Napi6BufferIhEC2EP10napi_env__P12napi_value__
FNDA:0,_ZNK4Napi6BufferIhE6LengthEv
FNDA:0,_ZNK4Napi6BufferIhE4DataEv
FNDA:0,_ZNK4Napi6BufferIhE10EnsureInfoEv
FNDA:0,_ZN4Napi5Error3NewEP10napi_env__
FNDA:0,_ZN4Napi5Error3NewEP10napi_env__RKNSt7__cxx1112basic_stringIcSt11char_traitsIcESaIcEEE
FNDA:0,_ZN4Napi5Error5FatalEPKcS2_
FNDA:0,_ZN4Napi5ErrorC2EP10napi_env__P12napi_value__
FNDA:0,_ZNK4Napi5Error7MessageB5cxx11Ev
FNDA:0,_ZNK4Napi5Error26ThrowAsJavaScriptExceptionEv
FNDA:0,_ZNK4Napi5Error4whatEv
FNDA:0,_ZN4Napi5Error3NewIS0_EET_P10napi_env__PKcmPF11napi_statusS4_P12napi_value__S9_PS9_E
FNDA:0,_ZN4Napi9ReferenceINS_6ObjectEE3NewERKS1_j
FNDA:0,_ZN4Napi9ReferenceINS_8FunctionEE3NewERKS1_j
FNDA:0,_ZN4Napi9ReferenceINS_6BufferIhEEE3NewERKS2_j
FNDA:0,_ZN4Napi9ReferenceINS_6ObjectEEC2Ev
FNDA:0,_ZN4Napi9ReferenceINS_8FunctionEEC2EP10napi_env__P10napi_ref__
FNDA:0,_ZN4Napi9ReferenceINS_6BufferIhEEEC2EP10napi_env__P10napi_ref__
FNDA:0,_ZN4Napi9ReferenceINS_6ObjectEEC2EP10napi_env__P10napi_ref__
FNDA:0,_ZN4Napi9ReferenceINS_8FunctionEED2Ev
FNDA:0,_ZN4Napi9ReferenceINS_6ObjectEED2Ev
FNDA:0,_ZN4Napi9ReferenceINS_6BufferIhEEED2Ev
FNDA:0,_ZN4Napi9ReferenceINS_8FunctionEEC2EOS2_
FNDA:0,_ZN4Napi9ReferenceINS_6ObjectEEC2EOS2_
FNDA:0,_ZN4Napi9ReferenceINS_6ObjectEEaSEOS2_
FNDA:0,_ZNK4Napi9ReferenceINS_6ObjectEE7IsEmptyEv
FNDA:0,_ZNK4Napi9ReferenceINS_6ObjectEE5ValueEv
FNDA:0,_ZNK4Napi9ReferenceINS_8FunctionEE5ValueEv
FNDA:0,_ZN4Napi9ReferenceINS_6ObjectEE5ResetEv
FNDA:0,_ZN4Napi10PersistentINS_6BufferIhEEEENS_9ReferenceIT_EES4_
FNDA:0,_ZN4Napi10PersistentENS_6ObjectE
FNDA:0,_ZN4Napi10PersistentENS_8FunctionE
FNDA:0,_ZN4Napi15ObjectReferenceC2EP10napi_env__P10napi_ref__
FNDA:0,_ZN4Napi15ObjectReferenceC2EONS_9ReferenceINS_6ObjectEEE
FNDA:0,_ZNK4Napi15ObjectReference3GetEPKc
FNDA:0,_ZN4Napi17FunctionReferenceC2EONS_9ReferenceINS_8FunctionEEE
FNDA:0,_ZNK4Napi17FunctionReference12MakeCallbackEP12napi_value__RKSt16initializer_listIS2_E
FNDA:0,_ZN4Napi12CallbackInfoC2EP10napi_env__P20napi_callback_info__
FNDA:0,_ZN4Napi12CallbackInfoD2Ev
FNDA:0,_ZNK4Napi12CallbackInfo3EnvEv
FNDA:0,_ZNK4Napi12CallbackInfoixEm
FNDA:0,_ZNK4Napi12CallbackInfo4ThisEv
FNDA:0,_ZNK4Napi12CallbackInfo4DataEv
FNDA:0,_ZN4Napi12CallbackInfo7SetDataEPv
FNDA:0,_ZN4Napi10ObjectWrapI8GetdentsEC2ERKNS_12CallbackInfoE
FNDA:0,_ZN4Napi10ObjectWrapI8GetdentsE6UnwrapENS_6ObjectE
FNDA:0,_ZN4Napi10ObjectWrapI8GetdentsE11DefineClassENS_3EnvEPKcRKSt16initializer_listINS_23ClassPropertyDescriptorIS1_EEEPv
FNDA:0,_ZN4Napi10ObjectWrapI8GetdentsE14InstanceMethodEPKcMS1_FvRKNS_12CallbackInfoEE24napi_property_attributesPv
FNDA:0,_ZN4Napi10ObjectWrapI8GetdentsE14InstanceMethodEPKcMS1_FNS_5ValueERKNS_12CallbackInfoEE24napi_property_attributesPv
FNDA:0,_ZN4Napi10ObjectWrapI8GetdentsE16InstanceAccessorEPKcMS1_FNS_5ValueERKNS_12CallbackInfoEEMS1_FvS8_RKS5_E24napi_property_attributesPv
FNDA:0,_ZN4Napi10ObjectWrapI8GetdentsE11StaticValueEPKcNS_5ValueE24napi_property_attributes
FNDA:0,_ZN4Napi10ObjectWrapI8GetdentsE26ConstructorCallbackWrapperEP10napi_env__P20napi_callback_info__
FNDA:0,_ZZN4Napi10ObjectWrapI8GetdentsE26ConstructorCallbackWrapperEP10napi_env__P20napi_callback_info__ENKUlvE_clEv
FNDA:0,_ZN4Napi10ObjectWrapI8GetdentsE33InstanceVoidMethodCallbackWrapperEP10napi_env__P20napi_callback_info__
FNDA:0,_ZZN4Napi10ObjectWrapI8GetdentsE33InstanceVoidMethodCallbackWrapperEP10napi_env__P20napi_callback_info__ENKUlvE_clEv
FNDA:0,_ZN4Napi10ObjectWrapI8GetdentsE29InstanceMethodCallbackWrapperEP10napi_env__P20napi_callback_info__
FNDA:0,_ZZN4Napi10ObjectWrapI8GetdentsE29InstanceMethodCallbackWrapperEP10napi_env__P20napi_callback_info__ENKUlvE_clEv
FNDA:0,_ZN4Napi10ObjectWrapI8GetdentsE29InstanceGetterCallbackWrapperEP10napi_env__P20napi_callback_info__
FNDA:0,_ZZN4Napi10ObjectWrapI8GetdentsE29InstanceGetterCallbackWrapperEP10napi_env__P20napi_callback_info__ENKUlvE_clEv
FNDA:0,_ZN4Napi10ObjectWrapI8GetdentsE29InstanceSetterCallbackWrapperEP10napi_env__P20napi_callback_info__
FNDA:0,_ZZN4Napi10ObjectWrapI8GetdentsE29InstanceSetterCallbackWrapperEP10napi_env__P20napi_callback_info__ENKUlvE_clEv
FNDA:0,_ZN4Napi10ObjectWrapI8GetdentsE16FinalizeCallbackEP10napi_env__PvS5_
FNDA:0,_ZN4Napi11HandleScopeC2ENS_3EnvE
FNDA:0,_ZN4Napi11HandleScopeD2Ev
FNDA:0,_ZN4Napi20EscapableHandleScopeC2ENS_3EnvE
FNDA:0,_ZN4Napi20EscapableHandleScopeD2Ev
FNDA:0,_ZN4Napi20EscapableHandleScope6EscapeEP12napi_value__
FNDA:0,_ZN4Napi11AsyncWorkerC2ERKNS_8FunctionE
FNDA:0,_ZN4Napi11AsyncWorkerC2ERKNS_6ObjectERKNS_8FunctionE
FNDA:0,_ZN4Napi11AsyncWorkerD2Ev
FNDA:0,_ZN4Napi11AsyncWorkerD0Ev
FNDA:0,_ZNK4Napi11AsyncWorker3EnvEv
FNDA:0,_ZN4Napi11AsyncWorker5QueueEv
FNDA:0,_ZN4Napi11AsyncWorker8ReceiverEv
FNDA:0,_ZN4Napi11AsyncWorker8CallbackEv
FNDA:0,_ZN4Napi11AsyncWorker4OnOKEv
FNDA:0,_ZN4Napi11AsyncWorker7OnErrorERKNS_5ErrorE
FNDA:0,_ZN4Napi11AsyncWorker8SetErrorERKNSt7__cxx1112basic_stringIcSt11char_traitsIcESaIcEEE
FNDA:0,_ZN4Napi11AsyncWorker9OnExecuteEP10napi_env__Pv
FNDA:0,_ZN4Napi11AsyncWorker14OnWorkCompleteEP10napi_env__11napi_statusPv
FNDA:0,_ZZN4Napi11AsyncWorker14OnWorkCompleteEP10napi_env__11napi_statusPvENKUlvE_clEv
FNF:117
FNH:0
DA:54,0
DA:57,0
DA:58,0
DA:59,0
DA:60,0
DA:167,0
DA:170,0
DA:171,0
DA:172,0
DA:173,0
DA:180,0
DA:181,0
DA:183,0
DA:184,0
DA:194,0
DA:196,0
DA:197,0
DA:198,0
DA:201,0
DA:203,0
DA:204,0
DA:205,0
DA:232,0
DA:233,0
DA:235,0
DA:236,0
DA:254,0
DA:255,0
DA:350,0
DA:351,0
DA:414,0
DA:416,0
DA:417,0
DA:418,0
DA:424,0
DA:425,0
DA:431,0
DA:432,0
DA:454,0
DA:456,0
DA:457,0
DA:458,0
DA:486,0
DA:487,0
DA:532,0
DA:533,0
DA:535,0
DA:536,0
DA:543,0
DA:545,0
DA:546,0
DA:548,0
DA:549,0
DA:550,0
DA:551,0
DA:552,0
DA:553,0
DA:621,0
DA:623,0
DA:624,0
DA:625,0
DA:631,0
DA:632,0
DA:697,0
DA:699,0
DA:700,0
DA:701,0
DA:718,0
DA:719,0
DA:720,0
DA:721,0
DA:1223,0
DA:1224,0
DA:1258,0
DA:1260,0
DA:1268,0
DA:1271,0
DA:1272,0
DA:1273,0
DA:1274,0
DA:1376,0
DA:1377,0
DA:1378,0
DA:1386,0
DA:1387,0
DA:1388,0
DA:1392,0
DA:1393,0
DA:1394,0
DA:1398,0
DA:1402,0
DA:1405,0
DA:1406,0
DA:1407,0
DA:1408,0
DA:1410,0
DA:1416,0
DA:1418,0
DA:1421,0
DA:1422,0
DA:1424,0
DA:1425,0
DA:1426,0
DA:1427,0
DA:1430,0
DA:1431,0
DA:1434,0
DA:1435,0
DA:1437,0
DA:1438,0
DA:1439,0
DA:1443,0
DA:1448,0
DA:1450,0
DA:1451,0
DA:1452,0
DA:1456,0
DA:1457,0
DA:1458,0
DA:1459,0
DA:1460,0
DA:1462,0
DA:1467,0
DA:1474,0
DA:1475,0
DA:1478,0
DA:1479,0
DA:1485,0
DA:1486,0
DA:1487,0
DA:1491,0
DA:1493,0
DA:1521,0
DA:1522,0
DA:1525,0
DA:1527,0
DA:1535,0
DA:1538,0
DA:1539,0
DA:1540,0
DA:1541,0
DA:1542,0
DA:1544,0
DA:1548,0
DA:1549,0
DA:1555,0
DA:1560,0
DA:1561,0
DA:1564,0
DA:1565,0
DA:1567,0
DA:1603,0
DA:1604,0
DA:1605,0
DA:1607,0
DA:1608,0
DA:1612,0
DA:1613,0
DA:1615,0
DA:1620,0
DA:1621,0
DA:1624,0
DA:1625,0
DA:1626,0
DA:1629,0
DA:1630,0
DA:1631,0
DA:1632,0
DA:1635,0
DA:1637,0
DA:1640,0
DA:1641,0
DA:1642,0
DA:1643,0
DA:1644,0
DA:1645,0
DA:1648,0
DA:1649,0
DA:1650,0
DA:1651,0
DA:1652,0
DA:1653,0
DA:1654,0
DA:1655,0
DA:1656,0
DA:1695,0
DA:1696,0
DA:1700,0
DA:1701,0
DA:1702,0
DA:1706,0
DA:1707,0
DA:1708,0
DA:1728,0
DA:1729,0
DA:1730,0
DA:1731,0
DA:1732,0
DA:1734,0
DA:1767,0
DA:1768,0
DA:1771,0
DA:1772,0
DA:1775,0
DA:1776,0
DA:1786,0
DA:1787,0
DA:1789,0
DA:1790,0
DA:1791,0
DA:1811,0
DA:1812,0
DA:1813,0
DA:1917,0
DA:1918,0
DA:1919,0
DA:1963,0
DA:1965,0
DA:1966,0
DA:1989,0
DA:1990,0
DA:1991,0
DA:1992,0
DA:1993,0
DA:1994,0
DA:1996,0
DA:1999,0
DA:2000,0
DA:2002,0
DA:2003,0
DA:2005,0
DA:2007,0
DA:2008,0
DA:2009,0
DA:2011,0
DA:2024,0
DA:2025,0
DA:2032,0
DA:2033,0
DA:2036,0
DA:2037,0
DA:2038,0
DA:2040,0
DA:2043,0
DA:2044,0
DA:2047,0
DA:2048,0
DA:2049,0
DA:2286,0
DA:2287,0
DA:2288,0
DA:2291,0
DA:2292,0
DA:2293,0
DA:2295,0
DA:2296,0
DA:2297,0
DA:2300,0
DA:2302,0
DA:2303,0
DA:2304,0
DA:2308,0
DA:2314,0
DA:2317,0
DA:2318,0
DA:2320,0
DA:2394,0
DA:2400,0
DA:2401,0
DA:2403,0
DA:2404,0
DA:2405,0
DA:2406,0
DA:2407,0
DA:2408,0
DA:2412,0
DA:2418,0
DA:2420,0
DA:2421,0
DA:2422,0
DA:2423,0
DA:2424,0
DA:2425,0
DA:2429,0
DA:2436,0
DA:2437,0
DA:2439,0
DA:2440,0
DA:2441,0
DA:2442,0
DA:2443,0
DA:2444,0
DA:2445,0
DA:2449,0
DA:2451,0
DA:2452,0
DA:2453,0
DA:2454,0
DA:2455,0
DA:2471,0
DA:2475,0
DA:2476,0
DA:2478,0
DA:2479,0
DA:2480,0
DA:2481,0
DA:2485,0
DA:2486,0
DA:2487,0
DA:2488,0
DA:2491,0
DA:2549,0
DA:2552,0
DA:2553,0
DA:2554,0
DA:2556,0
DA:2557,0
DA:2558,0
DA:2559,0
DA:2560,0
DA:2561,0
DA:2565,0
DA:2568,0
DA:2569,0
DA:2570,0
DA:2572,0
DA:2573,0
DA:2574,0
DA:2575,0
DA:2576,0
DA:2580,0
DA:2583,0
DA:2584,0
DA:2585,0
DA:2587,0
DA:2588,0
DA:2589,0
DA:2590,0
DA:2591,0
DA:2595,0
DA:2598,0
DA:2599,0
DA:2600,0
DA:2602,0
DA:2603,0
DA:2604,0
DA:2605,0
DA:2606,0
DA:2607,0
DA:2611,0
DA:2612,0
DA:2613,0
DA:2614,0
DA:2624,0
DA:2625,0
DA:2626,0
DA:2627,0
DA:2629,0
DA:2630,0
DA:2631,0
DA:2649,0
DA:2650,0
DA:2651,0
DA:2652,0
DA:2654,0
DA:2655,0
DA:2656,0
DA:2666,0
DA:2668,0
DA:2669,0
DA:2670,0
DA:2677,0
DA:2678,0
DA:2679,0
DA:2681,0
DA:2682,0
DA:2684,0
DA:2687,0
DA:2688,0
DA:2689,0
DA:2691,0
DA:2693,0
DA:2694,0
DA:2696,0
DA:2697,0
DA:2698,0
DA:2699,0
DA:2701,0
DA:2728,0
DA:2729,0
DA:2732,0
DA:2733,0
DA:2734,0
DA:2735,0
DA:2742,0
DA:2743,0
DA:2746,0
DA:2747,0
DA:2750,0
DA:2751,0
DA:2752,0
DA:2754,0
DA:2755,0
DA:2756,0
DA:2758,0
DA:2759,0
DA:2760,0
DA:2762,0
DA:2763,0
DA:2766,0
DA:2767,0
DA:2768,0
DA:2773,0
DA:2775,0
DA:2777,0
DA:2778,0
DA:2779,0
DA:2780,0
DA:2781,0
DA:2782,0
DA:2785,0
DA:2787,0
DA:2790,0
DA:2791,0
LF:424
LH:0
end_of_record
SF:/home/david/getdents/node_modules/node-addon-api/napi.h
FN:900,_ZN4Napi15ObjectReferenceD2Ev
FN:937,_ZN4Napi17FunctionReferenceD2Ev
FN:1062,_ZN4Napi5ErrorD0Ev
FN:1062,_ZN4Napi5ErrorD2Ev
FN:1249,_ZN4Napi23ClassPropertyDescriptorI8GetdentsEC2E24napi_property_descriptor
FN:1284,_ZN4Napi10ObjectWrapI8GetdentsED2Ev
FNDA:0,_ZN4Napi15ObjectReferenceD2Ev
FNDA:0,_ZN4Napi17FunctionReferenceD2Ev
FNDA:0,_ZN4Napi5ErrorD0Ev
FNDA:0,_ZN4Napi5ErrorD2Ev
FNDA:0,_ZN4Napi23ClassPropertyDescriptorI8GetdentsEC2E24napi_property_descriptor
FNDA:0,_ZN4Napi10ObjectWrapI8GetdentsED2Ev
FNF:6
FNH:0
DA:900,0
DA:937,0
DA:1062,0
DA:1249,0
DA:1284,0
LF:5
LH:0
end_of_record
SF:/home/david/getdents/src/getdents.cc
FN:28,_ZN8GetdentsC2ERKN4Napi12CallbackInfoE
FN:40,_Z10ErrnoErrorRKN4Napi3EnvEiPKc
FN:50,_Z18GetdentsErrnoErrorRKN4Napi3EnvEi
FN:55,_ZN8Getdents8NextSyncEPhj
FN:60,_ZN8Getdents8NextSyncERKN4Napi12CallbackInfoE
FN:71,_ZN19GetdentsAsyncWorkerD0Ev
FN:71,_ZN19GetdentsAsyncWorkerD2Ev
FN:74,_ZN19GetdentsAsyncWorkerC2EP8GetdentsRKN4Napi8FunctionERKNS2_6BufferIhEE
FN:87,_ZN19GetdentsAsyncWorker7ExecuteEv
FN:96,_ZN19GetdentsAsyncWorker4OnOKEv
FN:118,_ZN8Getdents4NextERKN4Napi12CallbackInfoE
FN:126,_ZN8Getdents5GetFDERKN4Napi12CallbackInfoE
FN:131,_ZN8Getdents5SetFDERKN4Napi12CallbackInfoERKNS0_5ValueE
FN:136,_ZN8Getdents10InitializeEN4Napi3EnvENS0_6ObjectE
FN:157,_Z10InitializeN4Napi3EnvENS_6ObjectE
FN:162,_register_getdents
FN:162,_Z17__napi_InitializeP10napi_env__P12napi_value__
FNDA:0,_ZN8GetdentsC2ERKN4Napi12CallbackInfoE
FNDA:0,_Z10ErrnoErrorRKN4Napi3EnvEiPKc
FNDA:0,_Z18GetdentsErrnoErrorRKN4Napi3EnvEi
FNDA:0,_ZN8Getdents8NextSyncEPhj
FNDA:0,_ZN8Getdents8NextSyncERKN4Napi12CallbackInfoE
FNDA:0,_ZN19GetdentsAsyncWorkerD0Ev
FNDA:0,_ZN19GetdentsAsyncWorkerD2Ev
FNDA:0,_ZN19GetdentsAsyncWorkerC2EP8GetdentsRKN4Napi8FunctionERKNS2_6BufferIhEE
FNDA:0,_ZN19GetdentsAsyncWorker7ExecuteEv
FNDA:0,_ZN19GetdentsAsyncWorker4OnOKEv
FNDA:0,_ZN8Getdents4NextERKN4Napi12CallbackInfoE
FNDA:0,_ZN8Getdents5GetFDERKN4Napi12CallbackInfoE
FNDA:0,_ZN8Getdents5SetFDERKN4Napi12CallbackInfoERKNS0_5ValueE
FNDA:0,_ZN8Getdents10InitializeEN4Napi3EnvENS0_6ObjectE
FNDA:0,_Z10InitializeN4Napi3EnvENS_6ObjectE
FNDA:0,_register_getdents
FNDA:0,_Z17__napi_InitializeP10napi_env__P12napi_value__
FNF:17
FNH:0
DA:28,0
DA:30,0
DA:32,0
DA:40,0
DA:42,0
DA:43,0
DA:47,0
DA:50,0
DA:52,0
DA:55,0
DA:57,0
DA:60,0
DA:62,0
DA:63,0
DA:64,0
DA:66,0
DA:68,0
DA:71,0
DA:74,0
DA:76,0
DA:81,0
DA:82,0
DA:84,0
DA:87,0
DA:89,0
DA:90,0
DA:92,0
DA:94,0
DA:96,0
DA:98,0
DA:100,0
DA:101,0
DA:102,0
DA:104,0
DA:105,0
DA:106,0
DA:107,0
DA:118,0
DA:121,0
DA:122,0
DA:123,0
DA:124,0
DA:126,0
DA:128,0
DA:131,0
DA:133,0
DA:134,0
DA:136,0
DA:138,0
DA:140,0
DA:141,0
DA:142,0
DA:143,0
DA:144,0
DA:145,0
DA:146,0
DA:147,0
DA:148,0
DA:149,0
DA:150,0
DA:151,0
DA:152,0
DA:154,0
DA:157,0
DA:159,0
DA:162,0
LF:66
LH:0
end_of_record
SF:/usr/include/c++/7/bits/basic_string.h
FN:139,_ZNSt7__cxx1112basic_stringIcSt11char_traitsIcESaIcEE12_Alloc_hiderD2Ev
FN:232,_ZNSt7__cxx1112basic_stringIcSt11char_traitsIcESaIcEE16_M_construct_auxIPcEEvT_S7_St12__false_type
FN:252,_ZNSt7__cxx1112basic_stringIcSt11char_traitsIcESaIcEE12_M_constructIPcEEvT_S7_
FN:604,_ZNSt7__cxx1112basic_stringIcSt11char_traitsIcESaIcEEC2IPcvEET_S7_RKS3_
FN:5953,_ZStplIcSt11char_traitsIcESaIcEENSt7__cxx1112basic_stringIT_T0_T1_EEOS8_S9_
FN:5977,_ZStplIcSt11char_traitsIcESaIcEENSt7__cxx1112basic_stringIT_T0_T1_EEOS8_PKS5_
FN:6402,_ZNSt7__cxx119to_stringEi
FNDA:0,_ZNSt7__cxx1112basic_stringIcSt11char_traitsIcESaIcEE12_Alloc_hiderD2Ev
FNDA:0,_ZNSt7__cxx1112basic_stringIcSt11char_traitsIcESaIcEE16_M_construct_auxIPcEEvT_S7_St12__false_type
FNDA:0,_ZNSt7__cxx1112basic_stringIcSt11char_traitsIcESaIcEE12_M_constructIPcEEvT_S7_
FNDA:0,_ZNSt7__cxx1112basic_stringIcSt11char_traitsIcESaIcEEC2IPcvEET_S7_RKS3_
FNDA:0,_ZStplIcSt11char_traitsIcESaIcEENSt7__cxx1112basic_stringIT_T0_T1_EEOS8_S9_
FNDA:0,_ZStplIcSt11char_traitsIcESaIcEENSt7__cxx1112basic_stringIT_T0_T1_EEOS8_PKS5_
FNDA:0,_ZNSt7__cxx119to_stringEi
FNF:7
FNH:0
DA:139,0
DA:232,0
DA:236,0
DA:237,0
DA:252,0
DA:255,0
DA:256,0
DA:604,0
DA:606,0
DA:607,0
DA:5953,0
DA:5956,0
DA:5957,0
DA:5958,0
DA:5959,0
DA:5960,0
DA:5977,0
DA:5979,0
DA:6402,0
DA:6404,0
LF:20
LH:0
end_of_record
SF:/usr/include/c++/7/bits/basic_string.tcc
FN:206,_ZNSt7__cxx1112basic_stringIcSt11char_traitsIcESaIcEE12_M_constructIPcEEvT_S7_St20forward_iterator_tag
FNDA:0,_ZNSt7__cxx1112basic_stringIcSt11char_traitsIcESaIcEE12_M_constructIPcEEvT_S7_St20forward_iterator_tag
FNF:1
FNH:0
DA:206,0
DA:211,0
DA:212,0
DA:215,0
DA:217,0
DA:219,0
DA:220,0
DA:225,0
DA:226,0
DA:228,0
DA:229,0
DA:232,0
DA:233,0
LF:13
LH:0
end_of_record
SF:/usr/include/c++/7/bits/exception.h
FN:63,_ZNSt9exceptionC2Ev
FNDA:0,_ZNSt9exceptionC2Ev
FNF:1
FNH:0
DA:63,0
LF:1
LH:0
end_of_record
SF:/usr/include/c++/7/bits/move.h
FN:98,_ZSt4moveIRN4Napi9ReferenceINS0_8FunctionEEEEONSt16remove_referenceIT_E4typeEOS6_
FN:98,_ZSt4moveIRNSt7__cxx1112basic_stringIcSt11char_traitsIcESaIcEEEEONSt16remove_referenceIT_E4typeEOS8_
FN:98,_ZSt4moveIRN4Napi9ReferenceINS0_6ObjectEEEEONSt16remove_referenceIT_E4typeEOS6_
FNDA:0,_ZSt4moveIRN4Napi9ReferenceINS0_8FunctionEEEEONSt16remove_referenceIT_E4typeEOS6_
FNDA:0,_ZSt4moveIRNSt7__cxx1112basic_stringIcSt11char_traitsIcESaIcEEEEONSt16remove_referenceIT_E4typeEOS8_
FNDA:0,_ZSt4moveIRN4Napi9ReferenceINS0_6ObjectEEEEONSt16remove_referenceIT_E4typeEOS6_
FNF:3
FNH:0
DA:98,0
DA:99,0
LF:2
LH:0
end_of_record
SF:/usr/include/c++/7/bits/stl_iterator_base_funcs.h
FN:98,_ZSt10__distanceIPcENSt15iterator_traitsIT_E15difference_typeES2_S2_St26random_access_iterator_tag
FN:138,_ZSt8distanceIPcENSt15iterator_traitsIT_E15difference_typeES2_S2_
FNDA:0,_ZSt10__distanceIPcENSt15iterator_traitsIT_E15difference_typeES2_S2_St26random_access_iterator_tag
FNDA:0,_ZSt8distanceIPcENSt15iterator_traitsIT_E15difference_typeES2_S2_
FNF:2
FNH:0
DA:98,0
DA:104,0
DA:138,0
DA:141,0
DA:142,0
LF:5
LH:0
end_of_record
SF:/usr/include/c++/7/bits/stl_iterator_base_types.h
FN:205,_ZSt19__iterator_categoryIPcENSt15iterator_traitsIT_E17iterator_categoryERKS2_
FNDA:0,_ZSt19__iterator_categoryIPcENSt15iterator_traitsIT_E17iterator_categoryERKS2_
FNF:1
FNH:0
DA:205,0
DA:206,0
LF:2
LH:0
end_of_record
SF:/usr/include/c++/7/ext/string_conversions.h
FN:99,_ZN9__gnu_cxx12__to_xstringINSt7__cxx1112basic_stringIcSt11char_traitsIcESaIcEEEcEET_PFiPT0_mPKS8_P13__va_list_tagEmSB_z
FNDA:0,_ZN9__gnu_cxx12__to_xstringINSt7__cxx1112basic_stringIcSt11char_traitsIcESaIcEEEcEET_PFiPT0_mPKS8_P13__va_list_tagEmSB_z
FNF:1
FNH:0
DA:99,0
DA:105,0
DA:109,0
DA:111,0
DA:113,0
DA:115,0
LF:6
LH:0
end_of_record
SF:/usr/include/c++/7/ext/type_traits.h
FN:152,_ZN9__gnu_cxx17__is_null_pointerIcEEbPT_
FNDA:0,_ZN9__gnu_cxx17__is_null_pointerIcEEbPT_
FNF:1
FNH:0
DA:152,0
DA:153,0
LF:2
LH:0
end_of_record
SF:/usr/include/c++/7/initializer_list
FN:66,_ZNSt16initializer_listIP12napi_value__EC1Ev
FN:71,_ZNKSt16initializer_listIN4Napi23ClassPropertyDescriptorI8GetdentsEEE4sizeEv
FN:71,_ZNKSt16initializer_listIP12napi_value__E4sizeEv
FN:75,_ZNKSt16initializer_listIN4Napi23ClassPropertyDescriptorI8GetdentsEEE5beginEv
FN:75,_ZNKSt16initializer_listIP12napi_value__E5beginEv
FNDA:0,_ZNSt16initializer_listIP12napi_value__EC1Ev
FNDA:0,_ZNKSt16initializer_listIN4Napi23ClassPropertyDescriptorI8GetdentsEEE4sizeEv
FNDA:0,_ZNKSt16initializer_listIP12napi_value__E4sizeEv
FNDA:0,_ZNKSt16initializer_listIN4Napi23ClassPropertyDescriptorI8GetdentsEEE5beginEv
FNDA:0,_ZNKSt16initializer_listIP12napi_value__E5beginEv
FNF:5
FNH:0
DA:66,0
DA:67,0
DA:71,0
DA:75,0
LF:4
LH:0
end_of_record
