TN:
SF:/usr/include/c++/11/ext/type_traits.h
FN:152,_ZN9__gnu_cxx17__is_null_pointerIKcEEbPT_
FNDA:0,_ZN9__gnu_cxx17__is_null_pointerIKcEEbPT_
DA:152,0
DA:153,0
end_of_record
SF:/home/david/getdents/src/getdents.cc
FN:28,_ZN8GetdentsC2ERKN4Napi12CallbackInfoE
FNDA:0,_ZN8GetdentsC2ERKN4Napi12CallbackInfoE
FN:40,_Z10ErrnoErrorRKN4Napi3EnvEiPKc
FNDA:0,_Z10ErrnoErrorRKN4Napi3EnvEiPKc
FN:61,_Z18GetdentsErrnoErrorRKN4Napi3EnvEi
FNDA:0,_Z18GetdentsErrnoErrorRKN4Napi3EnvEi
FN:66,_ZN8Getdents8NextSyncEPhj
FNDA:0,_ZN8Getdents8NextSyncEPhj
FN:71,_ZN8Getdents8NextSyncERKN4Napi12CallbackInfoE
FNDA:0,_ZN8Getdents8NextSyncERKN4Napi12CallbackInfoE
FN:85,_ZN19GetdentsAsyncWorkerC2EP8GetdentsRKN4Napi8FunctionERKNS2_6BufferIhEE
FNDA:0,_ZN19GetdentsAsyncWorkerC2EP8GetdentsRKN4Napi8FunctionERKNS2_6BufferIhEE
FN:98,_ZN19GetdentsAsyncWorker7ExecuteEv
FNDA:0,_ZN19GetdentsAsyncWorker7ExecuteEv
FN:107,_ZN19GetdentsAsyncWorker4OnOKEv
FNDA:0,_ZN19GetdentsAsyncWorker4OnOKEv
FN:128,_ZN8Getdents4NextERKN4Napi12CallbackInfoE
FNDA:0,_ZN8Getdents4NextERKN4Napi12CallbackInfoE
FN:136,_ZN8Getdents5GetFDERKN4Napi12CallbackInfoE
FNDA:0,_ZN8Getdents5GetFDERKN4Napi12CallbackInfoE
FN:141,_ZN8Getdents5SetFDERKN4Napi12CallbackInfoERKNS0_5ValueE
FNDA:0,_ZN8Getdents5SetFDERKN4Napi12CallbackInfoERKNS0_5ValueE
FN:146,_ZN8Getdents10InitializeEN4Napi3EnvENS0_6ObjectE
FNDA:0,_ZN8Getdents10InitializeEN4Napi3EnvENS0_6ObjectE
FN:167,_Z10InitializeN4Napi3EnvENS_6ObjectE
FNDA:0,_Z10InitializeN4Napi3EnvENS_6ObjectE
FN:172,_register_getdents
FNDA:0,_register_getdents
FN:172,_ZL17__napi_InitializeP10napi_env__P12napi_value__
FNDA:0,_ZL17__napi_InitializeP10napi_env__P12napi_value__
DA:28,0
DA:30,0
DA:32,0
DA:40,0
DA:42,0
DA:44,0
DA:58,0
DA:61,0
DA:63,0
DA:66,0
DA:68,0
DA:71,0
DA:73,0
DA:74,0
DA:75,0
DA:77,0
DA:79,0
DA:85,0
DA:87,0
DA:89,0
DA:90,0
DA:91,0
DA:92,0
DA:93,0
DA:95,0
DA:98,0
DA:100,0
DA:101,0
DA:103,0
DA:105,0
DA:107,0
DA:109,0
DA:111,0
DA:112,0
DA:114,0
DA:115,0
DA:117,0
DA:128,0
DA:131,0
DA:132,0
DA:133,0
DA:134,0
DA:136,0
DA:138,0
DA:141,0
DA:143,0
DA:144,0
DA:146,0
DA:148,0
DA:150,0
DA:151,0
DA:152,0
DA:153,0
DA:154,0
DA:155,0
DA:156,0
DA:157,0
DA:158,0
DA:159,0
DA:160,0
DA:161,0
DA:164,0
DA:167,0
DA:169,0
DA:172,0
DA:172,0
end_of_record
SF:/usr/include/c++/11/bits/charconv.h
FN:47,_ZNSt8__detail14__to_chars_lenIjEEjT_i
FNDA:0,_ZNSt8__detail14__to_chars_lenIjEEjT_i
FN:72,_ZNSt8__detail18__to_chars_10_implIjEEvPcjT_
FNDA:0,_ZNSt8__detail18__to_chars_10_implIjEEvPcjT_
DA:47,0
DA:52,0
DA:53,0
DA:54,0
DA:55,0
DA:58,0
DA:59,0
DA:60,0
DA:61,0
DA:62,0
DA:63,0
DA:72,0
DA:83,0
DA:84,0
DA:86,0
DA:87,0
DA:88,0
DA:89,0
DA:90,0
DA:92,0
DA:94,0
DA:95,0
DA:96,0
DA:99,0
DA:100,0
end_of_record
SF:/usr/include/c++/11/bits/stl_uninitialized.h
FN:595,_ZNSt27__uninitialized_default_n_1ILb1EE18__uninit_default_nIP24napi_property_descriptormEET_S4_T0_
FNDA:0,_ZNSt27__uninitialized_default_n_1ILb1EE18__uninit_default_nIP24napi_property_descriptormEET_S4_T0_
FN:630,_ZSt25__uninitialized_default_nIP24napi_property_descriptormET_S2_T0_
FNDA:0,_ZSt25__uninitialized_default_nIP24napi_property_descriptormET_S2_T0_
FN:702,_ZSt27__uninitialized_default_n_aIP24napi_property_descriptormS0_ET_S2_T0_RSaIT1_E
FNDA:0,_ZSt27__uninitialized_default_n_aIP24napi_property_descriptormS0_ET_S2_T0_RSaIT1_E
DA:595,0
DA:597,0
DA:600,0
DA:601,0
DA:602,0
DA:603,0
DA:605,0
DA:630,0
DA:635,0
DA:640,0
DA:702,0
DA:704,0
end_of_record
SF:/home/david/getdents/node_modules/node-addon-api/napi-inl.h
FN:29,_ZN4Napi7detailsL10AttachDataINS_18MethodCallbackDataI8GetdentsPFvRKNS_12CallbackInfoEEEEEE11napi_statusP10napi_env__P12napi_value__PT_PFvSC_PvSH_ESH_
FNDA:0,_ZN4Napi7detailsL10AttachDataINS_18MethodCallbackDataI8GetdentsPFvRKNS_12CallbackInfoEEEEEE11napi_statusP10napi_env__P12napi_value__PT_PFvSC_PvSH_ESH_
FN:29,_ZN4Napi7detailsL10AttachDataINS_20AccessorCallbackDataI8GetdentsMS3_FNS_5ValueERKNS_12CallbackInfoEEMS3_FvS7_RKS4_EEEEE11napi_statusP10napi_env__P12napi_value__PT_PFvSH_PvSM_ESM_
FNDA:0,_ZN4Napi7detailsL10AttachDataINS_20AccessorCallbackDataI8GetdentsMS3_FNS_5ValueERKNS_12CallbackInfoEEMS3_FvS7_RKS4_EEEEE11napi_statusP10napi_env__P12napi_value__PT_PFvSH_PvSM_ESM_
FN:29,_ZN4Napi7detailsL10AttachDataINS_20AccessorCallbackDataI8GetdentsPFNS_5ValueERKNS_12CallbackInfoEEPFvS7_RKS4_EEEEE11napi_statusP10napi_env__P12napi_value__PT_PFvSH_PvSM_ESM_
FNDA:0,_ZN4Napi7detailsL10AttachDataINS_20AccessorCallbackDataI8GetdentsPFNS_5ValueERKNS_12CallbackInfoEEPFvS7_RKS4_EEEEE11napi_statusP10napi_env__P12napi_value__PT_PFvSH_PvSM_ESM_
FN:29,_ZN4Napi7detailsL10AttachDataINS_18MethodCallbackDataI8GetdentsMS3_FNS_5ValueERKNS_12CallbackInfoEEEEEE11napi_statusP10napi_env__P12napi_value__PT_PFvSD_PvSI_ESI_
FNDA:0,_ZN4Napi7detailsL10AttachDataINS_18MethodCallbackDataI8GetdentsMS3_FNS_5ValueERKNS_12CallbackInfoEEEEEE11napi_statusP10napi_env__P12napi_value__PT_PFvSD_PvSI_ESI_
FN:29,_ZN4Napi7detailsL10AttachDataINS_18MethodCallbackDataI8GetdentsPFNS_5ValueERKNS_12CallbackInfoEEEEEE11napi_statusP10napi_env__P12napi_value__PT_PFvSD_PvSI_ESI_
FNDA:0,_ZN4Napi7detailsL10AttachDataINS_18MethodCallbackDataI8GetdentsPFNS_5ValueERKNS_12CallbackInfoEEEEEE11napi_statusP10napi_env__P12napi_value__PT_PFvSD_PvSI_ESI_
FN:29,_ZN4Napi7detailsL10AttachDataINS_18MethodCallbackDataI8GetdentsMS3_FvRKNS_12CallbackInfoEEEEEE11napi_statusP10napi_env__P12napi_value__PT_PFvSC_PvSH_ESH_
FNDA:0,_ZN4Napi7detailsL10AttachDataINS_18MethodCallbackDataI8GetdentsMS3_FvRKNS_12CallbackInfoEEEEEE11napi_statusP10napi_env__P12napi_value__PT_PFvSC_PvSH_ESH_
FN:36,_ZZN4Napi7detailsL10AttachDataINS_18MethodCallbackDataI8GetdentsPFvRKNS_12CallbackInfoEEEEEE11napi_statusP10napi_env__P12napi_value__PT_PFvSC_PvSH_ESH_ENKUlSC_SH_SH_E_clESC_SH_SH_
FNDA:0,_ZZN4Napi7detailsL10AttachDataINS_18MethodCallbackDataI8GetdentsPFvRKNS_12CallbackInfoEEEEEE11napi_statusP10napi_env__P12napi_value__PT_PFvSC_PvSH_ESH_ENKUlSC_SH_SH_E_clESC_SH_SH_
FN:36,_ZZN4Napi7detailsL10AttachDataINS_20AccessorCallbackDataI8GetdentsMS3_FNS_5ValueERKNS_12CallbackInfoEEMS3_FvS7_RKS4_EEEEE11napi_statusP10napi_env__P12napi_value__PT_PFvSH_PvSM_ESM_ENKUlSH_SM_SM_E_clESH_SM_SM_
FNDA:0,_ZZN4Napi7detailsL10AttachDataINS_20AccessorCallbackDataI8GetdentsMS3_FNS_5ValueERKNS_12CallbackInfoEEMS3_FvS7_RKS4_EEEEE11napi_statusP10napi_env__P12napi_value__PT_PFvSH_PvSM_ESM_ENKUlSH_SM_SM_E_clESH_SM_SM_
FN:36,_ZZN4Napi7detailsL10AttachDataINS_20AccessorCallbackDataI8GetdentsPFNS_5ValueERKNS_12CallbackInfoEEPFvS7_RKS4_EEEEE11napi_statusP10napi_env__P12napi_value__PT_PFvSH_PvSM_ESM_ENKUlSH_SM_SM_E_clESH_SM_SM_
FNDA:0,_ZZN4Napi7detailsL10AttachDataINS_20AccessorCallbackDataI8GetdentsPFNS_5ValueERKNS_12CallbackInfoEEPFvS7_RKS4_EEEEE11napi_statusP10napi_env__P12napi_value__PT_PFvSH_PvSM_ESM_ENKUlSH_SM_SM_E_clESH_SM_SM_
FN:36,_ZZN4Napi7detailsL10AttachDataINS_18MethodCallbackDataI8GetdentsMS3_FvRKNS_12CallbackInfoEEEEEE11napi_statusP10napi_env__P12napi_value__PT_PFvSC_PvSH_ESH_ENKUlSC_SH_SH_E_clESC_SH_SH_
FNDA:0,_ZZN4Napi7detailsL10AttachDataINS_18MethodCallbackDataI8GetdentsMS3_FvRKNS_12CallbackInfoEEEEEE11napi_statusP10napi_env__P12napi_value__PT_PFvSC_PvSH_ESH_ENKUlSC_SH_SH_E_clESC_SH_SH_
FN:36,_ZZN4Napi7detailsL10AttachDataINS_18MethodCallbackDataI8GetdentsMS3_FNS_5ValueERKNS_12CallbackInfoEEEEEE11napi_statusP10napi_env__P12napi_value__PT_PFvSD_PvSI_ESI_ENKUlSD_SI_SI_E_clESD_SI_SI_
FNDA:0,_ZZN4Napi7detailsL10AttachDataINS_18MethodCallbackDataI8GetdentsMS3_FNS_5ValueERKNS_12CallbackInfoEEEEEE11napi_statusP10napi_env__P12napi_value__PT_PFvSD_PvSI_ESI_ENKUlSD_SI_SI_E_clESD_SI_SI_
FN:36,_ZZN4Napi7detailsL10AttachDataINS_18MethodCallbackDataI8GetdentsPFNS_5ValueERKNS_12CallbackInfoEEEEEE11napi_statusP10napi_env__P12napi_value__PT_PFvSD_PvSI_ESI_ENKUlSD_SI_SI_E_clESD_SI_SI_
FNDA:0,_ZZN4Napi7detailsL10AttachDataINS_18MethodCallbackDataI8GetdentsPFNS_5ValueERKNS_12CallbackInfoEEEEEE11napi_statusP10napi_env__P12napi_value__PT_PFvSD_PvSI_ESI_ENKUlSD_SI_SI_E_clESD_SI_SI_
FN:72,_ZN4Napi7details12WrapCallbackIZNS_10ObjectWrapI8GetdentsE26ConstructorCallbackWrapperEP10napi_env__P20napi_callback_info__EUlvE_EEP12napi_value__T_
FNDA:0,_ZN4Napi7details12WrapCallbackIZNS_10ObjectWrapI8GetdentsE26ConstructorCallbackWrapperEP10napi_env__P20napi_callback_info__EUlvE_EEP12napi_value__T_
FN:72,_ZN4Napi7details12WrapCallbackIZNS_12InstanceWrapI8GetdentsE29InstanceGetterCallbackWrapperEP10napi_env__P20napi_callback_info__EUlvE_EEP12napi_value__T_
FNDA:0,_ZN4Napi7details12WrapCallbackIZNS_12InstanceWrapI8GetdentsE29InstanceGetterCallbackWrapperEP10napi_env__P20napi_callback_info__EUlvE_EEP12napi_value__T_
FN:72,_ZN4Napi7details12WrapCallbackIZNS_10ObjectWrapI8GetdentsE31StaticVoidMethodCallbackWrapperEP10napi_env__P20napi_callback_info__EUlvE_EEP12napi_value__T_
FNDA:0,_ZN4Napi7details12WrapCallbackIZNS_10ObjectWrapI8GetdentsE31StaticVoidMethodCallbackWrapperEP10napi_env__P20napi_callback_info__EUlvE_EEP12napi_value__T_
FN:72,_ZN4Napi7details12WrapCallbackIZNS_10ObjectWrapI8GetdentsE27StaticMethodCallbackWrapperEP10napi_env__P20napi_callback_info__EUlvE_EEP12napi_value__T_
FNDA:0,_ZN4Napi7details12WrapCallbackIZNS_10ObjectWrapI8GetdentsE27StaticMethodCallbackWrapperEP10napi_env__P20napi_callback_info__EUlvE_EEP12napi_value__T_
FN:72,_ZN4Napi7details12WrapCallbackIZNS_12InstanceWrapI8GetdentsE13WrappedMethodIXadL_ZNS3_5SetFDERKNS_12CallbackInfoERKNS_5ValueEEEEEP12napi_value__P10napi_env__P20napi_callback_info__EUlvE_EESD_T_
FNDA:0,_ZN4Napi7details12WrapCallbackIZNS_12InstanceWrapI8GetdentsE13WrappedMethodIXadL_ZNS3_5SetFDERKNS_12CallbackInfoERKNS_5ValueEEEEEP12napi_value__P10napi_env__P20napi_callback_info__EUlvE_EESD_T_
FN:72,_ZN4Napi7details12WrapCallbackIZNS0_L29TemplatedInstanceVoidCallbackI8GetdentsXadL_ZNS3_4NextERKNS_12CallbackInfoEEEEEP12napi_value__P10napi_env__P20napi_callback_info__EUlvE_EES8_T_
FNDA:0,_ZN4Napi7details12WrapCallbackIZNS0_L29TemplatedInstanceVoidCallbackI8GetdentsXadL_ZNS3_4NextERKNS_12CallbackInfoEEEEEP12napi_value__P10napi_env__P20napi_callback_info__EUlvE_EES8_T_
FN:72,_ZN4Napi7details12WrapCallbackIZNS0_L25TemplatedInstanceCallbackI8GetdentsXadL_ZNS3_8NextSyncERKNS_12CallbackInfoEEEEEP12napi_value__P10napi_env__P20napi_callback_info__EUlvE_EES8_T_
FNDA:0,_ZN4Napi7details12WrapCallbackIZNS0_L25TemplatedInstanceCallbackI8GetdentsXadL_ZNS3_8NextSyncERKNS_12CallbackInfoEEEEEP12napi_value__P10napi_env__P20napi_callback_info__EUlvE_EES8_T_
FN:72,_ZN4Napi7details12WrapCallbackIZNS0_L25TemplatedInstanceCallbackI8GetdentsXadL_ZNS3_5GetFDERKNS_12CallbackInfoEEEEEP12napi_value__P10napi_env__P20napi_callback_info__EUlvE_EES8_T_
FNDA:0,_ZN4Napi7details12WrapCallbackIZNS0_L25TemplatedInstanceCallbackI8GetdentsXadL_ZNS3_5GetFDERKNS_12CallbackInfoEEEEEP12napi_value__P10napi_env__P20napi_callback_info__EUlvE_EES8_T_
FN:72,_ZN4Napi7details12WrapCallbackIZNS_10ObjectWrapI8GetdentsE27StaticGetterCallbackWrapperEP10napi_env__P20napi_callback_info__EUlvE_EEP12napi_value__T_
FNDA:0,_ZN4Napi7details12WrapCallbackIZNS_10ObjectWrapI8GetdentsE27StaticGetterCallbackWrapperEP10napi_env__P20napi_callback_info__EUlvE_EEP12napi_value__T_
FN:72,_ZN4Napi7details12WrapCallbackIZNS_10ObjectWrapI8GetdentsE27StaticSetterCallbackWrapperEP10napi_env__P20napi_callback_info__EUlvE_EEP12napi_value__T_
FNDA:0,_ZN4Napi7details12WrapCallbackIZNS_10ObjectWrapI8GetdentsE27StaticSetterCallbackWrapperEP10napi_env__P20napi_callback_info__EUlvE_EEP12napi_value__T_
FN:72,_ZN4Napi7details12WrapCallbackIZNS_11AsyncWorker14OnWorkCompleteENS_3EnvE11napi_statusEUlvE_EEP12napi_value__T_
FNDA:0,_ZN4Napi7details12WrapCallbackIZNS_11AsyncWorker14OnWorkCompleteENS_3EnvE11napi_statusEUlvE_EEP12napi_value__T_
FN:72,_ZN4Napi7details12WrapCallbackIZNS_14RegisterModuleEP10napi_env__P12napi_value__PFNS_6ObjectENS_3EnvES6_EEUlvE_EES5_T_
FNDA:0,_ZN4Napi7details12WrapCallbackIZNS_14RegisterModuleEP10napi_env__P12napi_value__PFNS_6ObjectENS_3EnvES6_EEUlvE_EES5_T_
FN:72,_ZN4Napi7details12WrapCallbackIZNS_12InstanceWrapI8GetdentsE29InstanceSetterCallbackWrapperEP10napi_env__P20napi_callback_info__EUlvE_EEP12napi_value__T_
FNDA:0,_ZN4Napi7details12WrapCallbackIZNS_12InstanceWrapI8GetdentsE29InstanceSetterCallbackWrapperEP10napi_env__P20napi_callback_info__EUlvE_EEP12napi_value__T_
FN:72,_ZN4Napi7details12WrapCallbackIZNS_12InstanceWrapI8GetdentsE33InstanceVoidMethodCallbackWrapperEP10napi_env__P20napi_callback_info__EUlvE_EEP12napi_value__T_
FNDA:0,_ZN4Napi7details12WrapCallbackIZNS_12InstanceWrapI8GetdentsE33InstanceVoidMethodCallbackWrapperEP10napi_env__P20napi_callback_info__EUlvE_EEP12napi_value__T_
FN:72,_ZN4Napi7details12WrapCallbackIZNS_12InstanceWrapI8GetdentsE29InstanceMethodCallbackWrapperEP10napi_env__P20napi_callback_info__EUlvE_EEP12napi_value__T_
FNDA:0,_ZN4Napi7details12WrapCallbackIZNS_12InstanceWrapI8GetdentsE29InstanceMethodCallbackWrapperEP10napi_env__P20napi_callback_info__EUlvE_EEP12napi_value__T_
FN:162,_ZN4Napi7detailsL25TemplatedInstanceCallbackI8GetdentsXadL_ZNS2_8NextSyncERKNS_12CallbackInfoEEEEEP12napi_value__P10napi_env__P20napi_callback_info__
FNDA:0,_ZN4Napi7detailsL25TemplatedInstanceCallbackI8GetdentsXadL_ZNS2_8NextSyncERKNS_12CallbackInfoEEEEEP12napi_value__P10napi_env__P20napi_callback_info__
FN:162,_ZN4Napi7detailsL25TemplatedInstanceCallbackI8GetdentsXadL_ZNS2_5GetFDERKNS_12CallbackInfoEEEEEP12napi_value__P10napi_env__P20napi_callback_info__
FNDA:0,_ZN4Napi7detailsL25TemplatedInstanceCallbackI8GetdentsXadL_ZNS2_5GetFDERKNS_12CallbackInfoEEEEEP12napi_value__P10napi_env__P20napi_callback_info__
FN:163,_ZZN4Napi7detailsL25TemplatedInstanceCallbackI8GetdentsXadL_ZNS2_8NextSyncERKNS_12CallbackInfoEEEEEP12napi_value__P10napi_env__P20napi_callback_info__ENKUlvE_clEv
FNDA:0,_ZZN4Napi7detailsL25TemplatedInstanceCallbackI8GetdentsXadL_ZNS2_8NextSyncERKNS_12CallbackInfoEEEEEP12napi_value__P10napi_env__P20napi_callback_info__ENKUlvE_clEv
FN:163,_ZZN4Napi7detailsL25TemplatedInstanceCallbackI8GetdentsXadL_ZNS2_5GetFDERKNS_12CallbackInfoEEEEEP12napi_value__P10napi_env__P20napi_callback_info__ENKUlvE_clEv
FNDA:0,_ZZN4Napi7detailsL25TemplatedInstanceCallbackI8GetdentsXadL_ZNS2_5GetFDERKNS_12CallbackInfoEEEEEP12napi_value__P10napi_env__P20napi_callback_info__ENKUlvE_clEv
FN:172,_ZN4Napi7detailsL29TemplatedInstanceVoidCallbackI8GetdentsXadL_ZNS2_4NextERKNS_12CallbackInfoEEEEEP12napi_value__P10napi_env__P20napi_callback_info__
FNDA:0,_ZN4Napi7detailsL29TemplatedInstanceVoidCallbackI8GetdentsXadL_ZNS2_4NextERKNS_12CallbackInfoEEEEEP12napi_value__P10napi_env__P20napi_callback_info__
FN:174,_ZZN4Napi7detailsL29TemplatedInstanceVoidCallbackI8GetdentsXadL_ZNS2_4NextERKNS_12CallbackInfoEEEEEP12napi_value__P10napi_env__P20napi_callback_info__ENKUlvE_clEv
FNDA:0,_ZZN4Napi7detailsL29TemplatedInstanceVoidCallbackI8GetdentsXadL_ZNS2_4NextERKNS_12CallbackInfoEEEEEP12napi_value__P10napi_env__P20napi_callback_info__ENKUlvE_clEv
FN:372,_ZN4Napi14RegisterModuleEP10napi_env__P12napi_value__PFNS_6ObjectENS_3EnvES4_E
FNDA:0,_ZN4Napi14RegisterModuleEP10napi_env__P12napi_value__PFNS_6ObjectENS_3EnvES4_E
FN:375,_ZZN4Napi14RegisterModuleEP10napi_env__P12napi_value__PFNS_6ObjectENS_3EnvES4_EENKUlvE_clEv
FNDA:0,_ZZN4Napi14RegisterModuleEP10napi_env__P12napi_value__PFNS_6ObjectENS_3EnvES4_EENKUlvE_clEv
FN:451,_ZN4Napi3EnvC2EP10napi_env__
FNDA:0,_ZN4Napi3EnvC2EP10napi_env__
FN:454,_ZNK4Napi3EnvcvP10napi_env__Ev
FNDA:0,_ZNK4Napi3EnvcvP10napi_env__Ev
FN:465,_ZNK4Napi3Env9UndefinedEv
FNDA:0,_ZNK4Napi3Env9UndefinedEv
FN:472,_ZNK4Napi3Env4NullEv
FNDA:0,_ZNK4Napi3Env4NullEv
FN:479,_ZNK4Napi3Env18IsExceptionPendingEv
FNDA:0,_ZNK4Napi3Env18IsExceptionPendingEv
FN:581,_ZN4Napi5ValueC2EP10napi_env__P12napi_value__
FNDA:0,_ZN4Napi5ValueC2EP10napi_env__P12napi_value__
FN:584,_ZNK4Napi5ValuecvP12napi_value__Ev
FNDA:0,_ZNK4Napi5ValuecvP12napi_value__Ev
FN:603,_ZNK4Napi5Value3EnvEv
FNDA:0,_ZNK4Napi5Value3EnvEv
FN:607,_ZNK4Napi5Value7IsEmptyEv
FNDA:0,_ZNK4Napi5Value7IsEmptyEv
FN:744,_ZNK4Napi5Value2AsINS_6NumberEEET_v
FNDA:0,_ZNK4Napi5Value2AsINS_6NumberEEET_v
FN:744,_ZNK4Napi5Value2AsINS_6BufferIhEEEET_v
FNDA:0,_ZNK4Napi5Value2AsINS_6BufferIhEEEET_v
FN:744,_ZNK4Napi5Value2AsINS_6StringEEET_v
FNDA:0,_ZNK4Napi5Value2AsINS_6StringEEET_v
FN:744,_ZNK4Napi5Value2AsINS_6ObjectEEET_v
FNDA:0,_ZNK4Napi5Value2AsINS_6ObjectEEET_v
FN:744,_ZNK4Napi5Value2AsINS_8FunctionEEET_v
FNDA:0,_ZNK4Napi5Value2AsINS_8FunctionEEET_v
FN:808,_ZN4Napi6Number3NewEP10napi_env__d
FNDA:0,_ZN4Napi6Number3NewEP10napi_env__d
FN:818,_ZN4Napi6NumberC2EP10napi_env__P12napi_value__
FNDA:0,_ZN4Napi6NumberC2EP10napi_env__P12napi_value__
FN:825,_ZNK4Napi6NumbercvjEv
FNDA:0,_ZNK4Napi6NumbercvjEv
FN:848,_ZNK4Napi6Number11Uint32ValueEv
FNDA:0,_ZNK4Napi6Number11Uint32ValueEv
FN:974,_ZN4Napi4NameC2EP10napi_env__P12napi_value__
FNDA:0,_ZN4Napi4NameC2EP10napi_env__P12napi_value__
FN:1032,_ZN4Napi6StringC2EP10napi_env__P12napi_value__
FNDA:0,_ZN4Napi6StringC2EP10napi_env__P12napi_value__
FN:1035,_ZNK4Napi6StringcvNSt7__cxx1112basic_stringIcSt11char_traitsIcESaIcEEEEv
FNDA:0,_ZNK4Napi6StringcvNSt7__cxx1112basic_stringIcSt11char_traitsIcESaIcEEEEv
FN:1043,_ZNK4Napi6String9Utf8ValueB5cxx11Ev
FNDA:0,_ZNK4Napi6String9Utf8ValueB5cxx11Ev
FN:1198,_ZN4Napi7details11vf_fallbackINS_8FunctionEE4FromEP10napi_env__RKS2_
FNDA:0,_ZN4Napi7details11vf_fallbackINS_8FunctionEE4FromEP10napi_env__RKS2_
FN:1218,_ZN4Napi5Value4FromINS_8FunctionEEES0_P10napi_env__RKT_
FNDA:0,_ZN4Napi5Value4FromINS_8FunctionEEES0_P10napi_env__RKT_
FN:1284,_ZN4Napi6Object3NewEP10napi_env__
FNDA:0,_ZN4Napi6Object3NewEP10napi_env__
FN:1294,_ZN4Napi6ObjectC2EP10napi_env__P12napi_value__
FNDA:0,_ZN4Napi6ObjectC2EP10napi_env__P12napi_value__
FN:1380,_ZNK4Napi6Object3GetEPKc
FNDA:0,_ZNK4Napi6Object3GetEPKc
FN:1405,_ZN4Napi6Object3SetINS_8FunctionEEEbPKcRKT_
FNDA:0,_ZN4Napi6Object3SetINS_8FunctionEEEbPKcRKT_
FN:1934,_ZN4Napi10TypedArrayC2EP10napi_env__P12napi_value__
FNDA:0,_ZN4Napi10TypedArrayC2EP10napi_env__P12napi_value__
FN:2044,_ZN4Napi12TypedArrayOfIhEC2EP10napi_env__P12napi_value__
FNDA:0,_ZN4Napi12TypedArrayOfIhEC2EP10napi_env__P12napi_value__
FN:2099,_ZN4NapiL14CreateFunctionINS_18MethodCallbackDataI8GetdentsPFNS_5ValueERKNS_12CallbackInfoEEEEEE11napi_statusP10napi_env__PKcPFP12napi_value__SC_P20napi_callback_info__EPT_PSG_
FNDA:0,_ZN4NapiL14CreateFunctionINS_18MethodCallbackDataI8GetdentsPFNS_5ValueERKNS_12CallbackInfoEEEEEE11napi_statusP10napi_env__PKcPFP12napi_value__SC_P20napi_callback_info__EPT_PSG_
FN:2099,_ZN4NapiL14CreateFunctionINS_18MethodCallbackDataI8GetdentsPFvRKNS_12CallbackInfoEEEEEE11napi_statusP10napi_env__PKcPFP12napi_value__SB_P20napi_callback_info__EPT_PSF_
FNDA:0,_ZN4NapiL14CreateFunctionINS_18MethodCallbackDataI8GetdentsPFvRKNS_12CallbackInfoEEEEEE11napi_statusP10napi_env__PKcPFP12napi_value__SB_P20napi_callback_info__EPT_PSF_
FN:2187,_ZN4Napi8FunctionC2EP10napi_env__P12napi_value__
FNDA:0,_ZN4Napi8FunctionC2EP10napi_env__P12napi_value__
FN:2210,_ZNK4Napi8Function4CallEP12napi_value__RKSt16initializer_listIS2_E
FNDA:0,_ZNK4Napi8Function4CallEP12napi_value__RKSt16initializer_listIS2_E
FN:2215,_ZNK4Napi8Function4CallEP12napi_value__RKSt6vectorIS2_SaIS2_EE
FNDA:0,_ZNK4Napi8Function4CallEP12napi_value__RKSt6vectorIS2_SaIS2_EE
FN:2220,_ZNK4Napi8Function4CallEP12napi_value__mPKS2_
FNDA:0,_ZNK4Napi8Function4CallEP12napi_value__mPKS2_
FN:2230,_ZNK4Napi8Function12MakeCallbackEP12napi_value__RKSt16initializer_listIS2_EP20napi_async_context__
FNDA:0,_ZNK4Napi8Function12MakeCallbackEP12napi_value__RKSt16initializer_listIS2_EP20napi_async_context__
FN:2244,_ZNK4Napi8Function12MakeCallbackEP12napi_value__mPKS2_P20napi_async_context__
FNDA:0,_ZNK4Napi8Function12MakeCallbackEP12napi_value__mPKS2_P20napi_async_context__
FN:2394,_ZN4Napi6BufferIhEC2EP10napi_env__P12napi_value__
FNDA:0,_ZN4Napi6BufferIhEC2EP10napi_env__P12napi_value__
FN:2404,_ZNK4Napi6BufferIhE6LengthEv
FNDA:0,_ZNK4Napi6BufferIhE6LengthEv
FN:2410,_ZNK4Napi6BufferIhE4DataEv
FNDA:0,_ZNK4Napi6BufferIhE4DataEv
FN:2416,_ZNK4Napi6BufferIhE10EnsureInfoEv
FNDA:0,_ZNK4Napi6BufferIhE10EnsureInfoEv
FN:2434,_ZN4Napi5Error3NewEP10napi_env__
FNDA:0,_ZN4Napi5Error3NewEP10napi_env__
FN:2486,_ZN4Napi5Error3NewEP10napi_env__RKNSt7__cxx1112basic_stringIcSt11char_traitsIcESaIcEEE
FNDA:0,_ZN4Napi5Error3NewEP10napi_env__RKNSt7__cxx1112basic_stringIcSt11char_traitsIcESaIcEEE
FN:2490,_ZN4Napi5Error5FatalEPKcS2_
FNDA:0,_ZN4Napi5Error5FatalEPKcS2_
FN:2497,_ZN4Napi5ErrorC2EP10napi_env__P12napi_value__
FNDA:0,_ZN4Napi5ErrorC2EP10napi_env__P12napi_value__
FN:2533,_ZNK4Napi5Error7MessageB5cxx11Ev
FNDA:0,_ZNK4Napi5Error7MessageB5cxx11Ev
FN:2557,_ZNK4Napi5Error26ThrowAsJavaScriptExceptionEv
FNDA:0,_ZNK4Napi5Error26ThrowAsJavaScriptExceptionEv
FN:2605,_ZNK4Napi5Error4whatEv
FNDA:0,_ZNK4Napi5Error4whatEv
FN:2612,_ZN4Napi5Error3NewIS0_EET_P10napi_env__PKcmPF11napi_statusS4_P12napi_value__S9_PS9_E
FNDA:0,_ZN4Napi5Error3NewIS0_EET_P10napi_env__PKcmPF11napi_statusS4_P12napi_value__S9_PS9_E
FN:2660,_ZN4Napi9ReferenceINS_8FunctionEE3NewERKS1_j
FNDA:0,_ZN4Napi9ReferenceINS_8FunctionEE3NewERKS1_j
FN:2660,_ZN4Napi9ReferenceINS_6ObjectEE3NewERKS1_j
FNDA:0,_ZN4Napi9ReferenceINS_6ObjectEE3NewERKS1_j
FN:2660,_ZN4Napi9ReferenceINS_6BufferIhEEE3NewERKS2_j
FNDA:0,_ZN4Napi9ReferenceINS_6BufferIhEEE3NewERKS2_j
FN:2677,_ZN4Napi9ReferenceINS_6ObjectEEC2Ev
FNDA:0,_ZN4Napi9ReferenceINS_6ObjectEEC2Ev
FN:2681,_ZN4Napi9ReferenceINS_8FunctionEEC2EP10napi_env__P10napi_ref__
FNDA:0,_ZN4Napi9ReferenceINS_8FunctionEEC2EP10napi_env__P10napi_ref__
FN:2681,_ZN4Napi9ReferenceINS_6BufferIhEEEC2EP10napi_env__P10napi_ref__
FNDA:0,_ZN4Napi9ReferenceINS_6BufferIhEEEC2EP10napi_env__P10napi_ref__
FN:2681,_ZN4Napi9ReferenceINS_6ObjectEEC2EP10napi_env__P10napi_ref__
FNDA:0,_ZN4Napi9ReferenceINS_6ObjectEEC2EP10napi_env__P10napi_ref__
FN:2686,_ZN4Napi9ReferenceINS_8FunctionEED2Ev
FNDA:0,_ZN4Napi9ReferenceINS_8FunctionEED2Ev
FN:2686,_ZN4Napi9ReferenceINS_6ObjectEED2Ev
FNDA:0,_ZN4Napi9ReferenceINS_6ObjectEED2Ev
FN:2686,_ZN4Napi9ReferenceINS_6BufferIhEEED2Ev
FNDA:0,_ZN4Napi9ReferenceINS_6BufferIhEEED2Ev
FN:2697,_ZN4Napi9ReferenceINS_6ObjectEEC2EOS2_
FNDA:0,_ZN4Napi9ReferenceINS_6ObjectEEC2EOS2_
FN:2697,_ZN4Napi9ReferenceINS_8FunctionEEC2EOS2_
FNDA:0,_ZN4Napi9ReferenceINS_8FunctionEEC2EOS2_
FN:2705,_ZN4Napi9ReferenceINS_6ObjectEEaSEOS2_
FNDA:0,_ZN4Napi9ReferenceINS_6ObjectEEaSEOS2_
FN:2747,_ZNK4Napi9ReferenceINS_8FunctionEE3EnvEv
FNDA:0,_ZNK4Napi9ReferenceINS_8FunctionEE3EnvEv
FN:2747,_ZNK4Napi9ReferenceINS_6ObjectEE3EnvEv
FNDA:0,_ZNK4Napi9ReferenceINS_6ObjectEE3EnvEv
FN:2752,_ZNK4Napi9ReferenceINS_6ObjectEE7IsEmptyEv
FNDA:0,_ZNK4Napi9ReferenceINS_6ObjectEE7IsEmptyEv
FN:2752,_ZNK4Napi9ReferenceINS_8FunctionEE7IsEmptyEv
FNDA:0,_ZNK4Napi9ReferenceINS_8FunctionEE7IsEmptyEv
FN:2757,_ZNK4Napi9ReferenceINS_6ObjectEE5ValueEv
FNDA:0,_ZNK4Napi9ReferenceINS_6ObjectEE5ValueEv
FN:2757,_ZNK4Napi9ReferenceINS_8FunctionEE5ValueEv
FNDA:0,_ZNK4Napi9ReferenceINS_8FunctionEE5ValueEv
FN:2785,_ZN4Napi9ReferenceINS_6ObjectEE5ResetEv
FNDA:0,_ZN4Napi9ReferenceINS_6ObjectEE5ResetEv
FN:2824,_ZN4Napi10PersistentINS_6BufferIhEEEENS_9ReferenceIT_EES4_
FNDA:0,_ZN4Napi10PersistentINS_6BufferIhEEEENS_9ReferenceIT_EES4_
FN:2828,_ZN4Napi10PersistentENS_6ObjectE
FNDA:0,_ZN4Napi10PersistentENS_6ObjectE
FN:2832,_ZN4Napi10PersistentENS_8FunctionE
FNDA:0,_ZN4Napi10PersistentENS_8FunctionE
FN:2843,_ZN4Napi15ObjectReferenceC2EP10napi_env__P10napi_ref__
FNDA:0,_ZN4Napi15ObjectReferenceC2EP10napi_env__P10napi_ref__
FN:2846,_ZN4Napi15ObjectReferenceC2EONS_9ReferenceINS_6ObjectEEE
FNDA:0,_ZN4Napi15ObjectReferenceC2EONS_9ReferenceINS_6ObjectEEE
FN:2868,_ZNK4Napi15ObjectReference3GetEPKc
FNDA:0,_ZNK4Napi15ObjectReference3GetEPKc
FN:3024,_ZN4Napi17FunctionReferenceC2EONS_9ReferenceINS_8FunctionEEE
FNDA:0,_ZN4Napi17FunctionReferenceC2EONS_9ReferenceINS_8FunctionEEE
FN:3093,_ZNK4Napi17FunctionReference4CallEP12napi_value__RKSt16initializer_listIS2_E
FNDA:0,_ZNK4Napi17FunctionReference4CallEP12napi_value__RKSt16initializer_listIS2_E
FN:3110,_ZNK4Napi17FunctionReference4CallEP12napi_value__RKSt6vectorIS2_SaIS2_EE
FNDA:0,_ZNK4Napi17FunctionReference4CallEP12napi_value__RKSt6vectorIS2_SaIS2_EE
FN:3144,_ZNK4Napi17FunctionReference12MakeCallbackEP12napi_value__RKSt16initializer_listIS2_EP20napi_async_context__
FNDA:0,_ZNK4Napi17FunctionReference12MakeCallbackEP12napi_value__RKSt16initializer_listIS2_EP20napi_async_context__
FN:3242,_ZN4Napi12CallbackInfoC2EP10napi_env__P20napi_callback_info__
FNDA:0,_ZN4Napi12CallbackInfoC2EP10napi_env__P20napi_callback_info__
FN:3260,_ZN4Napi12CallbackInfoD2Ev
FNDA:0,_ZN4Napi12CallbackInfoD2Ev
FN:3277,_ZNK4Napi12CallbackInfo3EnvEv
FNDA:0,_ZNK4Napi12CallbackInfo3EnvEv
FN:3285,_ZNK4Napi12CallbackInfoixEm
FNDA:0,_ZNK4Napi12CallbackInfoixEm
FN:3289,_ZNK4Napi12CallbackInfo4ThisEv
FNDA:0,_ZNK4Napi12CallbackInfo4ThisEv
FN:3296,_ZNK4Napi12CallbackInfo4DataEv
FNDA:0,_ZNK4Napi12CallbackInfo4DataEv
FN:3300,_ZN4Napi12CallbackInfo7SetDataEPv
FNDA:0,_ZN4Napi12CallbackInfo7SetDataEPv
FN:3624,_ZN4Napi12InstanceWrapI8GetdentsE14AttachPropDataEP10napi_env__P12napi_value__PK24napi_property_descriptor
FNDA:0,_ZN4Napi12InstanceWrapI8GetdentsE14AttachPropDataEP10napi_env__P12napi_value__PK24napi_property_descriptor
FN:3717,_ZN4Napi12InstanceWrapI8GetdentsE14InstanceMethodIXadL_ZNS1_4NextERKNS_12CallbackInfoEEEEENS_23ClassPropertyDescriptorIS1_EEPKc24napi_property_attributesPv
FNDA:0,_ZN4Napi12InstanceWrapI8GetdentsE14InstanceMethodIXadL_ZNS1_4NextERKNS_12CallbackInfoEEEEENS_23ClassPropertyDescriptorIS1_EEPKc24napi_property_attributesPv
FN:3731,_ZN4Napi12InstanceWrapI8GetdentsE14InstanceMethodIXadL_ZNS1_8NextSyncERKNS_12CallbackInfoEEEEENS_23ClassPropertyDescriptorIS1_EEPKc24napi_property_attributesPv
FNDA:0,_ZN4Napi12InstanceWrapI8GetdentsE14InstanceMethodIXadL_ZNS1_8NextSyncERKNS_12CallbackInfoEEEEENS_23ClassPropertyDescriptorIS1_EEPKc24napi_property_attributesPv
FN:3812,_ZN4Napi12InstanceWrapI8GetdentsE16InstanceAccessorIXadL_ZNS1_5GetFDERKNS_12CallbackInfoEEEXadL_ZNS1_5SetFDES6_RKNS_5ValueEEEEENS_23ClassPropertyDescriptorIS1_EEPKc24napi_property_attributesPv
FNDA:0,_ZN4Napi12InstanceWrapI8GetdentsE16InstanceAccessorIXadL_ZNS1_5GetFDERKNS_12CallbackInfoEEEXadL_ZNS1_5SetFDES6_RKNS_5ValueEEEEENS_23ClassPropertyDescriptorIS1_EEPKc24napi_property_attributesPv
FN:3866,_ZN4Napi12InstanceWrapI8GetdentsE33InstanceVoidMethodCallbackWrapperEP10napi_env__P20napi_callback_info__
FNDA:0,_ZN4Napi12InstanceWrapI8GetdentsE33InstanceVoidMethodCallbackWrapperEP10napi_env__P20napi_callback_info__
FN:3869,_ZZN4Napi12InstanceWrapI8GetdentsE33InstanceVoidMethodCallbackWrapperEP10napi_env__P20napi_callback_info__ENKUlvE_clEv
FNDA:0,_ZZN4Napi12InstanceWrapI8GetdentsE33InstanceVoidMethodCallbackWrapperEP10napi_env__P20napi_callback_info__ENKUlvE_clEv
FN:3882,_ZN4Napi12InstanceWrapI8GetdentsE29InstanceMethodCallbackWrapperEP10napi_env__P20napi_callback_info__
FNDA:0,_ZN4Napi12InstanceWrapI8GetdentsE29InstanceMethodCallbackWrapperEP10napi_env__P20napi_callback_info__
FN:3885,_ZZN4Napi12InstanceWrapI8GetdentsE29InstanceMethodCallbackWrapperEP10napi_env__P20napi_callback_info__ENKUlvE_clEv
FNDA:0,_ZZN4Napi12InstanceWrapI8GetdentsE29InstanceMethodCallbackWrapperEP10napi_env__P20napi_callback_info__ENKUlvE_clEv
FN:3897,_ZN4Napi12InstanceWrapI8GetdentsE29InstanceGetterCallbackWrapperEP10napi_env__P20napi_callback_info__
FNDA:0,_ZN4Napi12InstanceWrapI8GetdentsE29InstanceGetterCallbackWrapperEP10napi_env__P20napi_callback_info__
FN:3900,_ZZN4Napi12InstanceWrapI8GetdentsE29InstanceGetterCallbackWrapperEP10napi_env__P20napi_callback_info__ENKUlvE_clEv
FNDA:0,_ZZN4Napi12InstanceWrapI8GetdentsE29InstanceGetterCallbackWrapperEP10napi_env__P20napi_callback_info__ENKUlvE_clEv
FN:3912,_ZN4Napi12InstanceWrapI8GetdentsE29InstanceSetterCallbackWrapperEP10napi_env__P20napi_callback_info__
FNDA:0,_ZN4Napi12InstanceWrapI8GetdentsE29InstanceSetterCallbackWrapperEP10napi_env__P20napi_callback_info__
FN:3915,_ZZN4Napi12InstanceWrapI8GetdentsE29InstanceSetterCallbackWrapperEP10napi_env__P20napi_callback_info__ENKUlvE_clEv
FNDA:0,_ZZN4Napi12InstanceWrapI8GetdentsE29InstanceSetterCallbackWrapperEP10napi_env__P20napi_callback_info__ENKUlvE_clEv
FN:3929,_ZN4Napi12InstanceWrapI8GetdentsE13WrappedMethodIXadL_ZNS1_5SetFDERKNS_12CallbackInfoERKNS_5ValueEEEEEP12napi_value__P10napi_env__P20napi_callback_info__
FNDA:0,_ZN4Napi12InstanceWrapI8GetdentsE13WrappedMethodIXadL_ZNS1_5SetFDERKNS_12CallbackInfoERKNS_5ValueEEEEEP12napi_value__P10napi_env__P20napi_callback_info__
FN:3931,_ZZN4Napi12InstanceWrapI8GetdentsE13WrappedMethodIXadL_ZNS1_5SetFDERKNS_12CallbackInfoERKNS_5ValueEEEEEP12napi_value__P10napi_env__P20napi_callback_info__ENKUlvE_clEv
FNDA:0,_ZZN4Napi12InstanceWrapI8GetdentsE13WrappedMethodIXadL_ZNS1_5SetFDERKNS_12CallbackInfoERKNS_5ValueEEEEEP12napi_value__P10napi_env__P20napi_callback_info__ENKUlvE_clEv
FN:3944,_ZN4Napi10ObjectWrapI8GetdentsEC2ERKNS_12CallbackInfoE
FNDA:0,_ZN4Napi10ObjectWrapI8GetdentsEC2ERKNS_12CallbackInfoE
FN:3958,_ZN4Napi10ObjectWrapI8GetdentsED0Ev
FNDA:0,_ZN4Napi10ObjectWrapI8GetdentsED0Ev
FN:3958,_ZN4Napi10ObjectWrapI8GetdentsED2Ev
FNDA:0,_ZN4Napi10ObjectWrapI8GetdentsED2Ev
FN:3972,_ZN4Napi10ObjectWrapI8GetdentsE6UnwrapENS_6ObjectE
FNDA:0,_ZN4Napi10ObjectWrapI8GetdentsE6UnwrapENS_6ObjectE
FN:3981,_ZN4Napi10ObjectWrapI8GetdentsE11DefineClassENS_3EnvEPKcmPK24napi_property_descriptorPv
FNDA:0,_ZN4Napi10ObjectWrapI8GetdentsE11DefineClassENS_3EnvEPKcmPK24napi_property_descriptorPv
FN:4055,_ZN4Napi10ObjectWrapI8GetdentsE11DefineClassENS_3EnvEPKcRKSt16initializer_listINS_23ClassPropertyDescriptorIS1_EEEPv
FNDA:0,_ZN4Napi10ObjectWrapI8GetdentsE11DefineClassENS_3EnvEPKcRKSt16initializer_listINS_23ClassPropertyDescriptorIS1_EEEPv
FN:4271,_ZN4Napi10ObjectWrapI8GetdentsE11StaticValueEPKcNS_5ValueE24napi_property_attributes
FNDA:0,_ZN4Napi10ObjectWrapI8GetdentsE11StaticValueEPKcNS_5ValueE24napi_property_attributes
FN:4291,_ZN4Napi10ObjectWrapI8GetdentsE8FinalizeENS_3EnvE
FNDA:0,_ZN4Napi10ObjectWrapI8GetdentsE8FinalizeENS_3EnvE
FN:4294,_ZN4Napi10ObjectWrapI8GetdentsE26ConstructorCallbackWrapperEP10napi_env__P20napi_callback_info__
FNDA:0,_ZN4Napi10ObjectWrapI8GetdentsE26ConstructorCallbackWrapperEP10napi_env__P20napi_callback_info__
FN:4307,_ZZN4Napi10ObjectWrapI8GetdentsE26ConstructorCallbackWrapperEP10napi_env__P20napi_callback_info__ENKUlvE_clEv
FNDA:0,_ZZN4Napi10ObjectWrapI8GetdentsE26ConstructorCallbackWrapperEP10napi_env__P20napi_callback_info__ENKUlvE_clEv
FN:4329,_ZN4Napi10ObjectWrapI8GetdentsE31StaticVoidMethodCallbackWrapperEP10napi_env__P20napi_callback_info__
FNDA:0,_ZN4Napi10ObjectWrapI8GetdentsE31StaticVoidMethodCallbackWrapperEP10napi_env__P20napi_callback_info__
FN:4332,_ZZN4Napi10ObjectWrapI8GetdentsE31StaticVoidMethodCallbackWrapperEP10napi_env__P20napi_callback_info__ENKUlvE_clEv
FNDA:0,_ZZN4Napi10ObjectWrapI8GetdentsE31StaticVoidMethodCallbackWrapperEP10napi_env__P20napi_callback_info__ENKUlvE_clEv
FN:4343,_ZN4Napi10ObjectWrapI8GetdentsE27StaticMethodCallbackWrapperEP10napi_env__P20napi_callback_info__
FNDA:0,_ZN4Napi10ObjectWrapI8GetdentsE27StaticMethodCallbackWrapperEP10napi_env__P20napi_callback_info__
FN:4346,_ZZN4Napi10ObjectWrapI8GetdentsE27StaticMethodCallbackWrapperEP10napi_env__P20napi_callback_info__ENKUlvE_clEv
FNDA:0,_ZZN4Napi10ObjectWrapI8GetdentsE27StaticMethodCallbackWrapperEP10napi_env__P20napi_callback_info__ENKUlvE_clEv
FN:4356,_ZN4Napi10ObjectWrapI8GetdentsE27StaticGetterCallbackWrapperEP10napi_env__P20napi_callback_info__
FNDA:0,_ZN4Napi10ObjectWrapI8GetdentsE27StaticGetterCallbackWrapperEP10napi_env__P20napi_callback_info__
FN:4359,_ZZN4Napi10ObjectWrapI8GetdentsE27StaticGetterCallbackWrapperEP10napi_env__P20napi_callback_info__ENKUlvE_clEv
FNDA:0,_ZZN4Napi10ObjectWrapI8GetdentsE27StaticGetterCallbackWrapperEP10napi_env__P20napi_callback_info__ENKUlvE_clEv
FN:4369,_ZN4Napi10ObjectWrapI8GetdentsE27StaticSetterCallbackWrapperEP10napi_env__P20napi_callback_info__
FNDA:0,_ZN4Napi10ObjectWrapI8GetdentsE27StaticSetterCallbackWrapperEP10napi_env__P20napi_callback_info__
FN:4372,_ZZN4Napi10ObjectWrapI8GetdentsE27StaticSetterCallbackWrapperEP10napi_env__P20napi_callback_info__ENKUlvE_clEv
FNDA:0,_ZZN4Napi10ObjectWrapI8GetdentsE27StaticSetterCallbackWrapperEP10napi_env__P20napi_callback_info__ENKUlvE_clEv
FN:4383,_ZN4Napi10ObjectWrapI8GetdentsE16FinalizeCallbackEP10napi_env__PvS5_
FNDA:0,_ZN4Napi10ObjectWrapI8GetdentsE16FinalizeCallbackEP10napi_env__PvS5_
FN:4409,_ZN4Napi11HandleScopeC2ENS_3EnvE
FNDA:0,_ZN4Napi11HandleScopeC2ENS_3EnvE
FN:4414,_ZN4Napi11HandleScopeD2Ev
FNDA:0,_ZN4Napi11HandleScopeD2Ev
FN:4437,_ZN4Napi20EscapableHandleScopeC2ENS_3EnvE
FNDA:0,_ZN4Napi20EscapableHandleScopeC2ENS_3EnvE
FN:4442,_ZN4Napi20EscapableHandleScopeD2Ev
FNDA:0,_ZN4Napi20EscapableHandleScopeD2Ev
FN:4453,_ZNK4Napi20EscapableHandleScope3EnvEv
FNDA:0,_ZNK4Napi20EscapableHandleScope3EnvEv
FN:4457,_ZN4Napi20EscapableHandleScope6EscapeEP12napi_value__
FNDA:0,_ZN4Napi20EscapableHandleScope6EscapeEP12napi_value__
FN:4481,_ZN4Napi13CallbackScopeD2Ev
FNDA:0,_ZN4Napi13CallbackScopeD2Ev
FN:4481,_ZN4Napi13CallbackScopeD0Ev
FNDA:0,_ZN4Napi13CallbackScopeD0Ev
FN:4518,_ZN4Napi12AsyncContextD2Ev
FNDA:0,_ZN4Napi12AsyncContextD2Ev
FN:4518,_ZN4Napi12AsyncContextD0Ev
FNDA:0,_ZN4Napi12AsyncContextD0Ev
FN:4552,_ZN4Napi11AsyncWorkerC2ERKNS_8FunctionE
FNDA:0,_ZN4Napi11AsyncWorkerC2ERKNS_8FunctionE
FN:4556,_ZN4Napi11AsyncWorkerC2ERKNS_8FunctionEPKc
FNDA:0,_ZN4Napi11AsyncWorkerC2ERKNS_8FunctionEPKc
FN:4561,_ZN4Napi11AsyncWorkerC2ERKNS_8FunctionEPKcRKNS_6ObjectE
FNDA:0,_ZN4Napi11AsyncWorkerC2ERKNS_8FunctionEPKcRKNS_6ObjectE
FN:4584,_ZN4Napi11AsyncWorkerC2ERKNS_6ObjectERKNS_8FunctionEPKcS3_
FNDA:0,_ZN4Napi11AsyncWorkerC2ERKNS_6ObjectERKNS_8FunctionEPKcS3_
FN:4628,_ZN4Napi11AsyncWorkerD0Ev
FNDA:0,_ZN4Napi11AsyncWorkerD0Ev
FN:4628,_ZN4Napi11AsyncWorkerD2Ev
FNDA:0,_ZN4Napi11AsyncWorkerD2Ev
FN:4635,_ZN4Napi11AsyncWorker7DestroyEv
FNDA:0,_ZN4Napi11AsyncWorker7DestroyEv
FN:4666,_ZNK4Napi11AsyncWorker3EnvEv
FNDA:0,_ZNK4Napi11AsyncWorker3EnvEv
FN:4670,_ZN4Napi11AsyncWorker5QueueEv
FNDA:0,_ZN4Napi11AsyncWorker5QueueEv
FN:4680,_ZN4Napi11AsyncWorker8ReceiverEv
FNDA:0,_ZN4Napi11AsyncWorker8ReceiverEv
FN:4684,_ZN4Napi11AsyncWorker8CallbackEv
FNDA:0,_ZN4Napi11AsyncWorker8CallbackEv
FN:4692,_ZN4Napi11AsyncWorker4OnOKEv
FNDA:0,_ZN4Napi11AsyncWorker4OnOKEv
FN:4698,_ZN4Napi11AsyncWorker7OnErrorERKNS_5ErrorE
FNDA:0,_ZN4Napi11AsyncWorker7OnErrorERKNS_5ErrorE
FN:4704,_ZN4Napi11AsyncWorker8SetErrorERKNSt7__cxx1112basic_stringIcSt11char_traitsIcESaIcEEE
FNDA:0,_ZN4Napi11AsyncWorker8SetErrorERKNSt7__cxx1112basic_stringIcSt11char_traitsIcESaIcEEE
FN:4708,_ZN4Napi11AsyncWorker9GetResultENS_3EnvE
FNDA:0,_ZN4Napi11AsyncWorker9GetResultENS_3EnvE
FN:4715,_ZN4Napi11AsyncWorker18OnAsyncWorkExecuteEP10napi_env__Pv
FNDA:0,_ZN4Napi11AsyncWorker18OnAsyncWorkExecuteEP10napi_env__Pv
FN:4723,_ZN4Napi11AsyncWorker9OnExecuteENS_3EnvE
FNDA:0,_ZN4Napi11AsyncWorker9OnExecuteENS_3EnvE
FN:4735,_ZN4Napi11AsyncWorker19OnAsyncWorkCompleteEP10napi_env__11napi_statusPv
FNDA:0,_ZN4Napi11AsyncWorker19OnAsyncWorkCompleteEP10napi_env__11napi_statusPv
FN:4741,_ZN4Napi11AsyncWorker14OnWorkCompleteENS_3EnvE11napi_status
FNDA:0,_ZN4Napi11AsyncWorker14OnWorkCompleteENS_3EnvE11napi_status
FN:4744,_ZZN4Napi11AsyncWorker14OnWorkCompleteENS_3EnvE11napi_statusENKUlvE_clEv
FNDA:0,_ZZN4Napi11AsyncWorker14OnWorkCompleteENS_3EnvE11napi_statusENKUlvE_clEv
DA:29,0
DA:35,0
DA:36,0
DA:64,0
DA:66,0
DA:29,0
DA:35,0
DA:36,0
DA:64,0
DA:66,0
DA:29,0
DA:35,0
DA:36,0
DA:64,0
DA:66,0
DA:29,0
DA:35,0
DA:36,0
DA:64,0
DA:66,0
DA:29,0
DA:35,0
DA:36,0
DA:64,0
DA:66,0
DA:29,0
DA:35,0
DA:36,0
DA:64,0
DA:66,0
DA:36,0
DA:36,0
DA:36,0
DA:36,0
DA:36,0
DA:36,0
DA:37,0
DA:72,0
DA:75,0
DA:76,0
DA:77,0
DA:78,0
DA:72,0
DA:75,0
DA:76,0
DA:77,0
DA:78,0
DA:72,0
DA:75,0
DA:76,0
DA:77,0
DA:78,0
DA:72,0
DA:75,0
DA:76,0
DA:77,0
DA:78,0
DA:72,0
DA:75,0
DA:76,0
DA:77,0
DA:78,0
DA:72,0
DA:75,0
DA:76,0
DA:77,0
DA:78,0
DA:72,0
DA:75,0
DA:76,0
DA:77,0
DA:78,0
DA:72,0
DA:75,0
DA:76,0
DA:77,0
DA:78,0
DA:72,0
DA:75,0
DA:76,0
DA:77,0
DA:78,0
DA:72,0
DA:75,0
DA:76,0
DA:77,0
DA:78,0
DA:72,0
DA:75,0
DA:76,0
DA:77,0
DA:78,0
DA:72,0
DA:75,0
DA:76,0
DA:77,0
DA:78,0
DA:72,0
DA:75,0
DA:76,0
DA:77,0
DA:78,0
DA:72,0
DA:75,0
DA:76,0
DA:77,0
DA:78,0
DA:72,0
DA:75,0
DA:76,0
DA:77,0
DA:78,0
DA:162,0
DA:163,0
DA:167,0
DA:162,0
DA:163,0
DA:167,0
DA:163,0
DA:163,0
DA:164,0
DA:165,0
DA:166,0
DA:167,0
DA:172,0
DA:174,0
DA:175,0
DA:176,0
DA:177,0
DA:178,0
DA:179,0
DA:372,0
DA:375,0
DA:376,0
DA:377,0
DA:378,0
DA:451,0
DA:452,0
DA:454,0
DA:455,0
DA:465,0
DA:467,0
DA:468,0
DA:469,0
DA:472,0
DA:474,0
DA:475,0
DA:476,0
DA:479,0
DA:481,0
DA:482,0
DA:483,0
DA:581,0
DA:582,0
DA:584,0
DA:585,0
DA:603,0
DA:604,0
DA:607,0
DA:608,0
DA:744,0
DA:745,0
DA:744,0
DA:745,0
DA:744,0
DA:745,0
DA:744,0
DA:745,0
DA:744,0
DA:745,0
DA:808,0
DA:810,0
DA:811,0
DA:812,0
DA:818,0
DA:819,0
DA:825,0
DA:826,0
DA:848,0
DA:850,0
DA:851,0
DA:852,0
DA:974,0
DA:975,0
DA:1032,0
DA:1033,0
DA:1035,0
DA:1036,0
DA:1043,0
DA:1045,0
DA:1046,0
DA:1048,0
DA:1049,0
DA:1050,0
DA:1051,0
DA:1052,0
DA:1053,0
DA:1054,0
DA:1198,0
DA:1199,0
DA:1218,0
DA:1228,0
DA:1284,0
DA:1286,0
DA:1287,0
DA:1288,0
DA:1294,0
DA:1295,0
DA:1380,0
DA:1382,0
DA:1383,0
DA:1405,0
DA:1408,0
DA:1409,0
DA:1934,0
DA:1935,0
DA:1936,0
DA:2044,0
DA:2045,0
DA:2046,0
DA:2047,0
DA:2048,0
DA:2049,0
DA:2051,0
DA:2053,0
DA:2054,0
DA:2056,0
DA:2057,0
DA:2099,0
DA:2105,0
DA:2106,0
DA:2107,0
DA:2110,0
DA:2099,0
DA:2105,0
DA:2106,0
DA:2107,0
DA:2110,0
DA:2187,0
DA:2188,0
DA:2210,0
DA:2212,0
DA:2215,0
DA:2217,0
DA:2220,0
DA:2224,0
DA:2225,0
DA:2226,0
DA:2230,0
DA:2234,0
DA:2244,0
DA:2250,0
DA:2251,0
DA:2252,0
DA:2394,0
DA:2395,0
DA:2396,0
DA:2404,0
DA:2405,0
DA:2406,0
DA:2410,0
DA:2411,0
DA:2412,0
DA:2416,0
DA:2420,0
DA:2423,0
DA:2424,0
DA:2425,0
DA:2426,0
DA:2428,0
DA:2434,0
DA:2436,0
DA:2442,0
DA:2443,0
DA:2445,0
DA:2446,0
DA:2449,0
DA:2450,0
DA:2451,0
DA:2454,0
DA:2455,0
DA:2458,0
DA:2463,0
DA:2465,0
DA:2466,0
DA:2470,0
DA:2471,0
DA:2472,0
DA:2473,0
DA:2474,0
DA:2476,0
DA:2479,0
DA:2486,0
DA:2487,0
DA:2490,0
DA:2491,0
DA:2497,0
DA:2498,0
DA:2499,0
DA:2503,0
DA:2505,0
DA:2533,0
DA:2534,0
DA:2537,0
DA:2539,0
DA:2542,0
DA:2554,0
DA:2557,0
DA:2558,0
DA:2559,0
DA:2590,0
DA:2594,0
DA:2595,0
DA:2601,0
DA:2605,0
DA:2606,0
DA:2612,0
DA:2617,0
DA:2618,0
DA:2621,0
DA:2622,0
DA:2624,0
DA:2660,0
DA:2661,0
DA:2662,0
DA:2664,0
DA:2665,0
DA:2669,0
DA:2670,0
DA:2672,0
DA:2660,0
DA:2661,0
DA:2662,0
DA:2664,0
DA:2665,0
DA:2669,0
DA:2670,0
DA:2672,0
DA:2660,0
DA:2661,0
DA:2662,0
DA:2664,0
DA:2665,0
DA:2669,0
DA:2670,0
DA:2672,0
DA:2677,0
DA:2678,0
DA:2681,0
DA:2682,0
DA:2683,0
DA:2681,0
DA:2682,0
DA:2683,0
DA:2681,0
DA:2682,0
DA:2683,0
DA:2686,0
DA:2687,0
DA:2688,0
DA:2689,0
DA:2692,0
DA:2694,0
DA:2686,0
DA:2687,0
DA:2688,0
DA:2689,0
DA:2692,0
DA:2694,0
DA:2686,0
DA:2687,0
DA:2688,0
DA:2689,0
DA:2692,0
DA:2694,0
DA:2697,0
DA:2698,0
DA:2699,0
DA:2700,0
DA:2701,0
DA:2702,0
DA:2697,0
DA:2698,0
DA:2699,0
DA:2700,0
DA:2701,0
DA:2702,0
DA:2705,0
DA:2706,0
DA:2707,0
DA:2708,0
DA:2709,0
DA:2710,0
DA:2711,0
DA:2712,0
DA:2713,0
DA:2747,0
DA:2748,0
DA:2747,0
DA:2748,0
DA:2752,0
DA:2753,0
DA:2752,0
DA:2753,0
DA:2757,0
DA:2758,0
DA:2759,0
DA:2763,0
DA:2764,0
DA:2765,0
DA:2757,0
DA:2758,0
DA:2759,0
DA:2763,0
DA:2764,0
DA:2765,0
DA:2785,0
DA:2786,0
DA:2787,0
DA:2788,0
DA:2789,0
DA:2791,0
DA:2824,0
DA:2825,0
DA:2828,0
DA:2829,0
DA:2832,0
DA:2833,0
DA:2843,0
DA:2844,0
DA:2846,0
DA:2847,0
DA:2848,0
DA:2868,0
DA:2870,0
DA:2871,0
DA:2878,0
DA:2879,0
DA:2881,0
DA:2883,0
DA:3024,0
DA:3025,0
DA:3026,0
DA:3093,0
DA:3095,0
DA:3096,0
DA:3103,0
DA:3104,0
DA:3106,0
DA:3108,0
DA:3110,0
DA:3112,0
DA:3113,0
DA:3120,0
DA:3121,0
DA:3123,0
DA:3125,0
DA:3144,0
DA:3148,0
DA:3149,0
DA:3157,0
DA:3158,0
DA:3160,0
DA:3162,0
DA:3242,0
DA:3243,0
DA:3244,0
DA:3245,0
DA:3246,0
DA:3247,0
DA:3249,0
DA:3252,0
DA:3253,0
DA:3255,0
DA:3256,0
DA:3258,0
DA:3260,0
DA:3261,0
DA:3262,0
DA:3264,0
DA:3277,0
DA:3278,0
DA:3285,0
DA:3286,0
DA:3289,0
DA:3290,0
DA:3291,0
DA:3293,0
DA:3296,0
DA:3297,0
DA:3300,0
DA:3301,0
DA:3302,0
DA:3624,0
DA:3628,0
DA:3629,0
DA:3630,0
DA:3632,0
DA:3633,0
DA:3634,0
DA:3635,0
DA:3637,0
DA:3638,0
DA:3639,0
DA:3640,0
DA:3641,0
DA:3643,0
DA:3644,0
DA:3647,0
DA:3717,0
DA:3721,0
DA:3722,0
DA:3723,0
DA:3724,0
DA:3725,0
DA:3726,0
DA:3731,0
DA:3735,0
DA:3736,0
DA:3737,0
DA:3738,0
DA:3739,0
DA:3740,0
DA:3812,0
DA:3816,0
DA:3817,0
DA:3818,0
DA:3819,0
DA:3820,0
DA:3821,0
DA:3822,0
DA:3866,0
DA:3869,0
DA:3870,0
DA:3872,0
DA:3873,0
DA:3874,0
DA:3875,0
DA:3876,0
DA:3877,0
DA:3878,0
DA:3882,0
DA:3885,0
DA:3886,0
DA:3888,0
DA:3889,0
DA:3890,0
DA:3891,0
DA:3892,0
DA:3893,0
DA:3897,0
DA:3900,0
DA:3901,0
DA:3903,0
DA:3904,0
DA:3905,0
DA:3906,0
DA:3907,0
DA:3908,0
DA:3912,0
DA:3915,0
DA:3916,0
DA:3918,0
DA:3919,0
DA:3920,0
DA:3921,0
DA:3922,0
DA:3923,0
DA:3924,0
DA:3929,0
DA:3931,0
DA:3932,0
DA:3933,0
DA:3934,0
DA:3935,0
DA:3936,0
DA:3944,0
DA:3945,0
DA:3946,0
DA:3949,0
DA:3950,0
DA:3951,0
DA:3953,0
DA:3954,0
DA:3955,0
DA:3958,0
DA:3969,0
DA:3958,0
DA:3961,0
DA:3962,0
DA:3965,0
DA:3966,0
DA:3969,0
DA:3972,0
DA:3974,0
DA:3975,0
DA:3976,0
DA:3981,0
DA:3987,0
DA:3997,0
DA:3998,0
DA:3999,0
DA:4000,0
DA:4001,0
DA:4004,0
DA:4006,0
DA:4007,0
DA:4008,0
DA:4009,0
DA:4010,0
DA:4013,0
DA:4015,0
DA:4016,0
DA:4017,0
DA:4022,0
DA:4028,0
DA:4030,0
DA:4035,0
DA:4036,0
DA:4038,0
DA:4039,0
DA:4040,0
DA:4042,0
DA:4043,0
DA:4047,0
DA:4051,0
DA:4052,0
DA:4055,0
DA:4060,0
DA:4063,0
DA:4064,0
DA:4271,0
DA:4273,0
DA:4274,0
DA:4275,0
DA:4276,0
DA:4277,0
DA:4291,0
DA:4294,0
DA:4298,0
DA:4299,0
DA:4301,0
DA:4302,0
DA:4303,0
DA:4304,0
DA:4307,0
DA:4308,0
DA:4309,0
DA:4311,0
DA:4322,0
DA:4323,0
DA:4325,0
DA:4329,0
DA:4332,0
DA:4333,0
DA:4335,0
DA:4336,0
DA:4337,0
DA:4338,0
DA:4339,0
DA:4343,0
DA:4346,0
DA:4347,0
DA:4349,0
DA:4350,0
DA:4351,0
DA:4352,0
DA:4356,0
DA:4359,0
DA:4360,0
DA:4362,0
DA:4363,0
DA:4364,0
DA:4365,0
DA:4369,0
DA:4372,0
DA:4373,0
DA:4375,0
DA:4376,0
DA:4377,0
DA:4378,0
DA:4379,0
DA:4383,0
DA:4384,0
DA:4385,0
DA:4386,0
DA:4387,0
DA:4388,0
DA:4409,0
DA:4410,0
DA:4411,0
DA:4412,0
DA:4414,0
DA:4415,0
DA:4416,0
DA:4419,0
DA:4437,0
DA:4438,0
DA:4439,0
DA:4440,0
DA:4442,0
DA:4443,0
DA:4444,0
DA:4447,0
DA:4453,0
DA:4454,0
DA:4457,0
DA:4459,0
DA:4460,0
DA:4461,0
DA:4481,0
DA:4486,0
DA:4481,0
DA:4482,0
DA:4483,0
DA:4486,0
DA:4518,0
DA:4523,0
DA:4518,0
DA:4519,0
DA:4520,0
DA:4521,0
DA:4523,0
DA:4552,0
DA:4553,0
DA:4554,0
DA:4556,0
DA:4557,0
DA:4558,0
DA:4559,0
DA:4561,0
DA:4563,0
DA:4564,0
DA:4567,0
DA:4568,0
DA:4584,0
DA:4587,0
DA:4588,0
DA:4589,0
DA:4590,0
DA:4591,0
DA:4593,0
DA:4595,0
DA:4597,0
DA:4599,0
DA:4600,0
DA:4628,0
DA:4633,0
DA:4628,0
DA:4629,0
DA:4630,0
DA:4631,0
DA:4633,0
DA:4635,0
DA:4636,0
DA:4637,0
DA:4666,0
DA:4667,0
DA:4670,0
DA:4671,0
DA:4672,0
DA:4673,0
DA:4680,0
DA:4681,0
DA:4684,0
DA:4685,0
DA:4692,0
DA:4693,0
DA:4694,0
DA:4696,0
DA:4698,0
DA:4699,0
DA:4700,0
DA:4702,0
DA:4704,0
DA:4705,0
DA:4706,0
DA:4708,0
DA:4709,0
DA:4715,0
DA:4716,0
DA:4717,0
DA:4718,0
DA:4723,0
DA:4726,0
DA:4727,0
DA:4728,0
DA:4729,0
DA:4733,0
DA:4735,0
DA:4738,0
DA:4739,0
DA:4740,0
DA:4741,0
DA:4742,0
DA:4743,0
DA:4744,0
DA:4745,0
DA:4746,0
DA:4749,0
DA:4751,0
DA:4753,0
DA:4754,0
DA:4755,0
DA:4757,0
end_of_record
SF:/usr/include/c++/11/initializer_list
FN:71,_ZNKSt16initializer_listIN4Napi23ClassPropertyDescriptorI8GetdentsEEE4sizeEv
FNDA:0,_ZNKSt16initializer_listIN4Napi23ClassPropertyDescriptorI8GetdentsEEE4sizeEv
FN:71,_ZNKSt16initializer_listIP12napi_value__E4sizeEv
FNDA:0,_ZNKSt16initializer_listIP12napi_value__E4sizeEv
FN:75,_ZNKSt16initializer_listIN4Napi23ClassPropertyDescriptorI8GetdentsEEE5beginEv
FNDA:0,_ZNKSt16initializer_listIN4Napi23ClassPropertyDescriptorI8GetdentsEEE5beginEv
FN:75,_ZNKSt16initializer_listIP12napi_value__E5beginEv
FNDA:0,_ZNKSt16initializer_listIP12napi_value__E5beginEv
DA:71,0
DA:71,0
DA:75,0
DA:75,0
end_of_record
SF:/usr/include/c++/11/bits/stl_construct.h
FN:108,_ZSt10_ConstructI24napi_property_descriptorJEEvPT_DpOT0_
FNDA:0,_ZSt10_ConstructI24napi_property_descriptorJEEvPT_DpOT0_
FN:161,_ZNSt12_Destroy_auxILb1EE9__destroyIP24napi_property_descriptorEEvT_S4_
FNDA:0,_ZNSt12_Destroy_auxILb1EE9__destroyIP24napi_property_descriptorEEvT_S4_
FN:161,_ZNSt12_Destroy_auxILb1EE9__destroyIPP12napi_value__EEvT_S5_
FNDA:0,_ZNSt12_Destroy_auxILb1EE9__destroyIPP12napi_value__EEvT_S5_
FN:171,_ZSt8_DestroyIP24napi_property_descriptorEvT_S2_
FNDA:0,_ZSt8_DestroyIP24napi_property_descriptorEvT_S2_
FN:171,_ZSt8_DestroyIPP12napi_value__EvT_S3_
FNDA:0,_ZSt8_DestroyIPP12napi_value__EvT_S3_
DA:108,0
DA:109,0
DA:161,0
DA:161,0
DA:171,0
DA:185,0
DA:186,0
DA:171,0
DA:185,0
DA:186,0
end_of_record
SF:/usr/include/c++/11/bits/stl_iterator_base_types.h
FN:238,_ZSt19__iterator_categoryIP24napi_property_descriptorENSt15iterator_traitsIT_E17iterator_categoryERKS3_
FNDA:0,_ZSt19__iterator_categoryIP24napi_property_descriptorENSt15iterator_traitsIT_E17iterator_categoryERKS3_
FN:238,_ZSt19__iterator_categoryIPKcENSt15iterator_traitsIT_E17iterator_categoryERKS3_
FNDA:0,_ZSt19__iterator_categoryIPKcENSt15iterator_traitsIT_E17iterator_categoryERKS3_
DA:238,0
DA:239,0
DA:238,0
DA:239,0
end_of_record
SF:/usr/include/c++/11/bits/stl_algobase.h
FN:230,_ZSt3minImERKT_S2_S2_
FNDA:0,_ZSt3minImERKT_S2_S2_
FN:908,_ZSt9__fill_a1IP24napi_property_descriptorS0_EN9__gnu_cxx11__enable_ifIXntsrSt11__is_scalarIT0_E7__valueEvE6__typeET_S9_RKS5_
FNDA:0,_ZSt9__fill_a1IP24napi_property_descriptorS0_EN9__gnu_cxx11__enable_ifIXntsrSt11__is_scalarIT0_E7__valueEvE6__typeET_S9_RKS5_
FN:968,_ZSt8__fill_aIP24napi_property_descriptorS0_EvT_S2_RKT0_
FNDA:0,_ZSt8__fill_aIP24napi_property_descriptorS0_EvT_S2_RKT0_
FN:1010,_ZSt17__size_to_integerm
FNDA:0,_ZSt17__size_to_integerm
FN:1109,_ZSt10__fill_n_aIP24napi_property_descriptormS0_ET_S2_T0_RKT1_St26random_access_iterator_tag
FNDA:0,_ZSt10__fill_n_aIP24napi_property_descriptormS0_ET_S2_T0_RKT1_St26random_access_iterator_tag
FN:1144,_ZSt6fill_nIP24napi_property_descriptormS0_ET_S2_T0_RKT1_
FNDA:0,_ZSt6fill_nIP24napi_property_descriptormS0_ET_S2_T0_RKT1_
DA:230,0
DA:235,0
DA:236,0
DA:237,0
DA:908,0
DA:911,0
DA:912,0
DA:913,0
DA:968,0
DA:969,0
DA:1010,0
DA:1109,0
DA:1115,0
DA:1116,0
DA:1120,0
DA:1121,0
DA:1144,0
DA:1149,0
DA:1150,0
end_of_record
SF:/usr/include/c++/11/ext/new_allocator.h
FN:79,_ZN9__gnu_cxx13new_allocatorI24napi_property_descriptorEC2Ev
FNDA:0,_ZN9__gnu_cxx13new_allocatorI24napi_property_descriptorEC2Ev
FN:79,_ZN9__gnu_cxx13new_allocatorIP12napi_value__EC2Ev
FNDA:0,_ZN9__gnu_cxx13new_allocatorIP12napi_value__EC2Ev
FN:79,_ZN9__gnu_cxx13new_allocatorIcEC2Ev
FNDA:0,_ZN9__gnu_cxx13new_allocatorIcEC2Ev
FN:82,_ZN9__gnu_cxx13new_allocatorI24napi_property_descriptorEC2ERKS2_
FNDA:0,_ZN9__gnu_cxx13new_allocatorI24napi_property_descriptorEC2ERKS2_
FN:89,_ZN9__gnu_cxx13new_allocatorI24napi_property_descriptorED2Ev
FNDA:0,_ZN9__gnu_cxx13new_allocatorI24napi_property_descriptorED2Ev
FN:89,_ZN9__gnu_cxx13new_allocatorIP12napi_value__ED2Ev
FNDA:0,_ZN9__gnu_cxx13new_allocatorIP12napi_value__ED2Ev
FN:89,_ZN9__gnu_cxx13new_allocatorIcED2Ev
FNDA:0,_ZN9__gnu_cxx13new_allocatorIcED2Ev
FN:103,_ZN9__gnu_cxx13new_allocatorI24napi_property_descriptorE8allocateEmPKv
FNDA:0,_ZN9__gnu_cxx13new_allocatorI24napi_property_descriptorE8allocateEmPKv
FN:132,_ZN9__gnu_cxx13new_allocatorI24napi_property_descriptorE10deallocateEPS1_m
FNDA:0,_ZN9__gnu_cxx13new_allocatorI24napi_property_descriptorE10deallocateEPS1_m
FN:132,_ZN9__gnu_cxx13new_allocatorIP12napi_value__E10deallocateEPS2_m
FNDA:0,_ZN9__gnu_cxx13new_allocatorIP12napi_value__E10deallocateEPS2_m
FN:154,_ZNK9__gnu_cxx13new_allocatorI24napi_property_descriptorE8max_sizeEv
FNDA:0,_ZNK9__gnu_cxx13new_allocatorI24napi_property_descriptorE8max_sizeEv
FN:197,_ZNK9__gnu_cxx13new_allocatorI24napi_property_descriptorE11_M_max_sizeEv
FNDA:0,_ZNK9__gnu_cxx13new_allocatorI24napi_property_descriptorE11_M_max_sizeEv
DA:79,0
DA:79,0
DA:79,0
DA:82,0
DA:89,0
DA:89,0
DA:89,0
DA:103,0
DA:111,0
DA:115,0
DA:116,0
DA:117,0
DA:127,0
DA:132,0
DA:145,0
DA:150,0
DA:132,0
DA:145,0
DA:150,0
DA:154,0
DA:155,0
DA:197,0
DA:200,0
end_of_record
SF:/usr/include/c++/11/bits/alloc_traits.h
FN:459,_ZNSt16allocator_traitsISaI24napi_property_descriptorEE8allocateERS1_m
FNDA:0,_ZNSt16allocator_traitsISaI24napi_property_descriptorEE8allocateERS1_m
FN:491,_ZNSt16allocator_traitsISaI24napi_property_descriptorEE10deallocateERS1_PS0_m
FNDA:0,_ZNSt16allocator_traitsISaI24napi_property_descriptorEE10deallocateERS1_PS0_m
FN:491,_ZNSt16allocator_traitsISaIP12napi_value__EE10deallocateERS2_PS1_m
FNDA:0,_ZNSt16allocator_traitsISaIP12napi_value__EE10deallocateERS2_PS1_m
FN:543,_ZNSt16allocator_traitsISaI24napi_property_descriptorEE8max_sizeERKS1_
FNDA:0,_ZNSt16allocator_traitsISaI24napi_property_descriptorEE8max_sizeERKS1_
FN:743,_ZSt8_DestroyIP24napi_property_descriptorS0_EvT_S2_RSaIT0_E
FNDA:0,_ZSt8_DestroyIP24napi_property_descriptorS0_EvT_S2_RSaIT0_E
FN:743,_ZSt8_DestroyIPP12napi_value__S1_EvT_S3_RSaIT0_E
FNDA:0,_ZSt8_DestroyIPP12napi_value__S1_EvT_S3_RSaIT0_E
DA:459,0
DA:460,0
DA:491,0
DA:492,0
DA:491,0
DA:492,0
DA:543,0
DA:546,0
DA:743,0
DA:746,0
DA:747,0
DA:743,0
DA:746,0
DA:747,0
end_of_record
SF:/usr/include/c++/11/bits/basic_string.h
FN:6170,_ZStplIcSt11char_traitsIcESaIcEENSt7__cxx1112basic_stringIT_T0_T1_EEOS8_S9_
FNDA:0,_ZStplIcSt11char_traitsIcESaIcEENSt7__cxx1112basic_stringIT_T0_T1_EEOS8_S9_
FN:6204,_ZStplIcSt11char_traitsIcESaIcEENSt7__cxx1112basic_stringIT_T0_T1_EEOS8_PKS5_
FNDA:0,_ZStplIcSt11char_traitsIcESaIcEENSt7__cxx1112basic_stringIT_T0_T1_EEOS8_PKS5_
FN:6658,_ZNSt7__cxx119to_stringEi
FNDA:0,_ZNSt7__cxx119to_stringEi
DA:6170,0
DA:6175,0
DA:6176,0
DA:6177,0
DA:6178,0
DA:6179,0
DA:6180,0
DA:6183,0
DA:6184,0
DA:6185,0
DA:6187,0
DA:6204,0
DA:6206,0
DA:6658,0
DA:6660,0
DA:6661,0
DA:6662,0
DA:6663,0
DA:6664,0
DA:6665,0
DA:6666,0
end_of_record
SF:/usr/include/c++/11/bits/stl_vector.h
FN:97,_ZNSt12_Vector_baseI24napi_property_descriptorSaIS0_EE17_Vector_impl_dataC2Ev
FNDA:0,_ZNSt12_Vector_baseI24napi_property_descriptorSaIS0_EE17_Vector_impl_dataC2Ev
FN:97,_ZNSt12_Vector_baseIP12napi_value__SaIS1_EE17_Vector_impl_dataC2Ev
FNDA:0,_ZNSt12_Vector_baseIP12napi_value__SaIS1_EE17_Vector_impl_dataC2Ev
FN:131,_ZNSt12_Vector_baseIP12napi_value__SaIS1_EE12_Vector_implC2Ev
FNDA:0,_ZNSt12_Vector_baseIP12napi_value__SaIS1_EE12_Vector_implC2Ev
FN:136,_ZNSt12_Vector_baseI24napi_property_descriptorSaIS0_EE12_Vector_implC2ERKS1_
FNDA:0,_ZNSt12_Vector_baseI24napi_property_descriptorSaIS0_EE12_Vector_implC2ERKS1_
FN:276,_ZNSt12_Vector_baseIP12napi_value__SaIS1_EE19_M_get_Tp_allocatorEv
FNDA:0,_ZNSt12_Vector_baseIP12napi_value__SaIS1_EE19_M_get_Tp_allocatorEv
FN:276,_ZNSt12_Vector_baseI24napi_property_descriptorSaIS0_EE19_M_get_Tp_allocatorEv
FNDA:0,_ZNSt12_Vector_baseI24napi_property_descriptorSaIS0_EE19_M_get_Tp_allocatorEv
FN:288,_ZNSt12_Vector_baseIP12napi_value__SaIS1_EEC2Ev
FNDA:0,_ZNSt12_Vector_baseIP12napi_value__SaIS1_EEC2Ev
FN:303,_ZNSt12_Vector_baseI24napi_property_descriptorSaIS0_EEC2EmRKS1_
FNDA:0,_ZNSt12_Vector_baseI24napi_property_descriptorSaIS0_EEC2EmRKS1_
FN:333,_ZNSt12_Vector_baseI24napi_property_descriptorSaIS0_EED2Ev
FNDA:0,_ZNSt12_Vector_baseI24napi_property_descriptorSaIS0_EED2Ev
FN:333,_ZNSt12_Vector_baseIP12napi_value__SaIS1_EED2Ev
FNDA:0,_ZNSt12_Vector_baseIP12napi_value__SaIS1_EED2Ev
FN:343,_ZNSt12_Vector_baseI24napi_property_descriptorSaIS0_EE11_M_allocateEm
FNDA:0,_ZNSt12_Vector_baseI24napi_property_descriptorSaIS0_EE11_M_allocateEm
FN:350,_ZNSt12_Vector_baseIP12napi_value__SaIS1_EE13_M_deallocateEPS1_m
FNDA:0,_ZNSt12_Vector_baseIP12napi_value__SaIS1_EE13_M_deallocateEPS1_m
FN:350,_ZNSt12_Vector_baseI24napi_property_descriptorSaIS0_EE13_M_deallocateEPS0_m
FNDA:0,_ZNSt12_Vector_baseI24napi_property_descriptorSaIS0_EE13_M_deallocateEPS0_m
FN:359,_ZNSt12_Vector_baseI24napi_property_descriptorSaIS0_EE17_M_create_storageEm
FNDA:0,_ZNSt12_Vector_baseI24napi_property_descriptorSaIS0_EE17_M_create_storageEm
FN:487,_ZNSt6vectorIP12napi_value__SaIS1_EEC2Ev
FNDA:0,_ZNSt6vectorIP12napi_value__SaIS1_EEC2Ev
FN:510,_ZNSt6vectorI24napi_property_descriptorSaIS0_EEC2EmRKS1_
FNDA:0,_ZNSt6vectorI24napi_property_descriptorSaIS0_EEC2EmRKS1_
FN:678,_ZNSt6vectorI24napi_property_descriptorSaIS0_EED2Ev
FNDA:0,_ZNSt6vectorI24napi_property_descriptorSaIS0_EED2Ev
FN:678,_ZNSt6vectorIP12napi_value__SaIS1_EED2Ev
FNDA:0,_ZNSt6vectorIP12napi_value__SaIS1_EED2Ev
FN:918,_ZNKSt6vectorIP12napi_value__SaIS1_EE4sizeEv
FNDA:0,_ZNKSt6vectorIP12napi_value__SaIS1_EE4sizeEv
FN:1043,_ZNSt6vectorI24napi_property_descriptorSaIS0_EEixEm
FNDA:0,_ZNSt6vectorI24napi_property_descriptorSaIS0_EEixEm
FN:1168,_ZNSt6vectorI24napi_property_descriptorSaIS0_EE4dataEv
FNDA:0,_ZNSt6vectorI24napi_property_descriptorSaIS0_EE4dataEv
FN:1172,_ZNKSt6vectorIP12napi_value__SaIS1_EE4dataEv
FNDA:0,_ZNKSt6vectorIP12napi_value__SaIS1_EE4dataEv
FN:1603,_ZNSt6vectorI24napi_property_descriptorSaIS0_EE21_M_default_initializeEm
FNDA:0,_ZNSt6vectorI24napi_property_descriptorSaIS0_EE21_M_default_initializeEm
FN:1767,_ZNSt6vectorI24napi_property_descriptorSaIS0_EE17_S_check_init_lenEmRKS1_
FNDA:0,_ZNSt6vectorI24napi_property_descriptorSaIS0_EE17_S_check_init_lenEmRKS1_
FN:1776,_ZNSt6vectorI24napi_property_descriptorSaIS0_EE11_S_max_sizeERKS1_
FNDA:0,_ZNSt6vectorI24napi_property_descriptorSaIS0_EE11_S_max_sizeERKS1_
FN:1844,_ZNKSt6vectorIP12napi_value__SaIS1_EE11_M_data_ptrIS1_EEPT_S6_
FNDA:0,_ZNKSt6vectorIP12napi_value__SaIS1_EE11_M_data_ptrIS1_EEPT_S6_
FN:1844,_ZNKSt6vectorI24napi_property_descriptorSaIS0_EE11_M_data_ptrIS0_EEPT_S5_
FNDA:0,_ZNKSt6vectorI24napi_property_descriptorSaIS0_EE11_M_data_ptrIS0_EEPT_S5_
DA:97,0
DA:98,0
DA:99,0
DA:97,0
DA:98,0
DA:99,0
DA:131,0
DA:133,0
DA:134,0
DA:136,0
DA:137,0
DA:138,0
DA:276,0
DA:277,0
DA:276,0
DA:277,0
DA:288,0
DA:303,0
DA:304,0
DA:305,0
DA:333,0
DA:335,0
DA:336,0
DA:337,0
DA:333,0
DA:335,0
DA:336,0
DA:337,0
DA:343,0
DA:346,0
DA:350,0
DA:353,0
DA:354,0
DA:355,0
DA:350,0
DA:353,0
DA:354,0
DA:355,0
DA:359,0
DA:361,0
DA:362,0
DA:363,0
DA:364,0
DA:487,0
DA:510,0
DA:511,0
DA:512,0
DA:678,0
DA:680,0
DA:681,0
DA:683,0
DA:678,0
DA:680,0
DA:681,0
DA:683,0
DA:918,0
DA:919,0
DA:1043,0
DA:1046,0
DA:1168,0
DA:1169,0
DA:1172,0
DA:1173,0
DA:1603,0
DA:1605,0
DA:1606,0
DA:1607,0
DA:1608,0
DA:1767,0
DA:1769,0
DA:1770,0
DA:1772,0
DA:1776,0
DA:1781,0
DA:1783,0
DA:1784,0
DA:1844,0
DA:1845,0
DA:1844,0
DA:1845,0
end_of_record
SF:/usr/include/c++/11/bits/stl_iterator_base_funcs.h
FN:98,_ZSt10__distanceIPKcENSt15iterator_traitsIT_E15difference_typeES3_S3_St26random_access_iterator_tag
FNDA:0,_ZSt10__distanceIPKcENSt15iterator_traitsIT_E15difference_typeES3_S3_St26random_access_iterator_tag
FN:138,_ZSt8distanceIPKcENSt15iterator_traitsIT_E15difference_typeES3_S3_
FNDA:0,_ZSt8distanceIPKcENSt15iterator_traitsIT_E15difference_typeES3_S3_
DA:98,0
DA:104,0
DA:138,0
DA:141,0
DA:142,0
end_of_record
SF:/usr/include/c++/11/type_traits
FN:70,_ZNKSt17integral_constantIbLb1EEcvbEv
FNDA:0,_ZNKSt17integral_constantIbLb1EEcvbEv
DA:70,0
end_of_record
SF:/usr/include/c++/11/bits/exception.h
FN:64,_ZNSt9exceptionC2Ev
FNDA:0,_ZNSt9exceptionC2Ev
DA:64,0
end_of_record
SF:/home/david/getdents/node_modules/node-addon-api/napi.h
FN:1082,_ZN4Napi10TypedArray30TypedArrayTypeForPrimitiveTypeIhEE20napi_typedarray_typev
FNDA:0,_ZN4Napi10TypedArray30TypedArrayTypeForPrimitiveTypeIhEE20napi_typedarray_typev
FN:1897,_ZN4Napi23ClassPropertyDescriptorI8GetdentsEC2E24napi_property_descriptor
FNDA:0,_ZN4Napi23ClassPropertyDescriptorI8GetdentsEC2E24napi_property_descriptor
FN:2012,_ZN4Napi12InstanceWrapI8GetdentsE10WrapSetterIXadL_ZNS1_5SetFDERKNS_12CallbackInfoERKNS_5ValueEEEEEPFP12napi_value__P10napi_env__P20napi_callback_info__ENS2_9SetterTagIXT_EEE
FNDA:0,_ZN4Napi12InstanceWrapI8GetdentsE10WrapSetterIXadL_ZNS1_5SetFDERKNS_12CallbackInfoERKNS_5ValueEEEEEPFP12napi_value__P10napi_env__P20napi_callback_info__ENS2_9SetterTagIXT_EEE
DA:1082,0
DA:1095,0
DA:1897,0
DA:2012,0
DA:2013,0
end_of_record
SF:/usr/include/c++/11/bits/allocator.h
FN:168,_ZNSaI24napi_property_descriptorEC2Ev
FNDA:0,_ZNSaI24napi_property_descriptorEC2Ev
FN:168,_ZNSaIP12napi_value__EC2Ev
FNDA:0,_ZNSaIP12napi_value__EC2Ev
FN:171,_ZNSaI24napi_property_descriptorEC2ERKS0_
FNDA:0,_ZNSaI24napi_property_descriptorEC2ERKS0_
FN:186,_ZNSaI24napi_property_descriptorED2Ev
FNDA:0,_ZNSaI24napi_property_descriptorED2Ev
FN:186,_ZNSaIP12napi_value__ED2Ev
FNDA:0,_ZNSaIP12napi_value__ED2Ev
FN:216,_ZSteqRKSaIcES1_
FNDA:0,_ZSteqRKSaIcES1_
DA:168,0
DA:168,0
DA:171,0
DA:172,0
DA:186,0
DA:186,0
DA:216,0
DA:217,0
end_of_record
SF:/usr/include/c++/11/bits/basic_string.tcc
FN:206,_ZNSt7__cxx1112basic_stringIcSt11char_traitsIcESaIcEE12_M_constructIPKcEEvT_S8_St20forward_iterator_tag
FNDA:0,_ZNSt7__cxx1112basic_stringIcSt11char_traitsIcESaIcEE12_M_constructIPKcEEvT_S8_St20forward_iterator_tag
DA:206,0
DA:211,0
DA:212,0
DA:215,0
DA:217,0
DA:219,0
DA:220,0
DA:225,0
DA:226,0
DA:228,0
DA:229,0
DA:232,0
DA:233,0
end_of_record
SF:/usr/include/c++/11/bits/move.h
FN:49,_ZSt11__addressofI24napi_property_descriptorEPT_RS1_
FNDA:0,_ZSt11__addressofI24napi_property_descriptorEPT_RS1_
FN:104,_ZSt4moveIRSaIcEEONSt16remove_referenceIT_E4typeEOS3_
FNDA:0,_ZSt4moveIRSaIcEEONSt16remove_referenceIT_E4typeEOS3_
FN:104,_ZSt4moveIRNSt7__cxx1112basic_stringIcSt11char_traitsIcESaIcEEEEONSt16remove_referenceIT_E4typeEOS8_
FNDA:0,_ZSt4moveIRNSt7__cxx1112basic_stringIcSt11char_traitsIcESaIcEEEEONSt16remove_referenceIT_E4typeEOS8_
FN:104,_ZSt4moveIRN4Napi9ReferenceINS0_8FunctionEEEEONSt16remove_referenceIT_E4typeEOS6_
FNDA:0,_ZSt4moveIRN4Napi9ReferenceINS0_8FunctionEEEEONSt16remove_referenceIT_E4typeEOS6_
FN:104,_ZSt4moveIRN4Napi9ReferenceINS0_6ObjectEEEEONSt16remove_referenceIT_E4typeEOS6_
FNDA:0,_ZSt4moveIRN4Napi9ReferenceINS0_6ObjectEEEEONSt16remove_referenceIT_E4typeEOS6_
DA:49,0
DA:50,0
DA:104,0
DA:105,0
DA:104,0
DA:105,0
DA:104,0
DA:105,0
DA:104,0
DA:105,0
end_of_record
SF:/usr/include/c++/11/new
FN:174,_ZnwmPv
FNDA:0,_ZnwmPv
DA:174,0
DA:175,0
end_of_record
SF:/usr/include/c++/11/bits/char_traits.h
FN:365,_ZNSt11char_traitsIcE6lengthEPKc
FNDA:0,_ZNSt11char_traitsIcE6lengthEPKc
FN:401,_ZNSt11char_traitsIcE4copyEPcPKcm
FNDA:0,_ZNSt11char_traitsIcE4copyEPcPKcm
DA:365,0
DA:371,0
DA:401,0
DA:403,0
DA:404,0
DA:409,0
end_of_record
